[{"id":715528,"title":"Ubuntu autopilot install guide missing steps","body":"<p>I have downloaded the VMware image for the Ubuntu autopilot and trying to follow <a href=\"http://:%20http://www.ubuntu.com/download/cloud/install-autopilot-testdrive\" rel=\"nofollow\">the install guide on this site</a></p>\n\n<p>problem is, after step 5, there is nothing to show any openstack installation instructions/links/etc..\nI end up after step 5 with a working MAAS site with three VMs in the ready state.</p>\n\n<p>what should I do next to \"see\" the screens and options shown in step 6 ?</p>\n","related_questions":[{"id":697427,"title":"OpenStack Autopilot landscape setup stuck in check 3 - Minimum nodes","body":"<p>I'm trying to setup openstack with Autopilot using the tutorial at <a href=\"http://www.ubuntu.com/download/cloud/install-openstack-with-autopilot\" rel=\"nofollow\">http://www.ubuntu.com/download/cloud/install-openstack-with-autopilot</a></p>\n\n<p>I have setup 4 x HP DL380 servers (Dual CPU , IPMI, 32GB , Disk 1: 72GB , Disk 2: 146GB) .  I managed to Commission all the 4 servers in MAAS and deployed the landscape on one of them through autopilot. </p>\n\n<p>In Landscape, I keep getting an error for the number of servers, it says the minimum 3 servers should be commissioned in MAAS, where as I already have 4, and added another VM (Vmware VM) as additional unit.  with 5 servers still it is stuck.</p>\n\n<p>How can I debug this? </p>\n"},{"id":690616,"title":"OpenStack Autopilot issue","body":"<p>I have an Ubuntu server with 2 NIC cards on which I have installed a MAAS server. And I have three machines with 2 NIC card and 2 HDD each. Using virtual machine I have created 3 Nodes. So totally I have 6 nodes plus one server machine.</p>\n\n<p>Everything is fine up to this point, I have installed the Landscape successfully. While logging in to the Landscape dash board I am getting the following error.</p>\n\n<hr>\n\n<blockquote>\n  <p>At least three machine with more than one hard disk has been\n  commissioned.</p>\n</blockquote>\n\n<hr>\n\n<p>Even though I have three machine with multiple hard disks , I am not able to configure the Landscape to auto pilot mode.</p>\n"},{"id":683951,"title":"Requirements for OpenStack Autopilot?","body":"<p>Could anybody explain me why there is requirements for Open Stack to have</p>\n\n<ol>\n<li><p>two disk for each node</p></li>\n<li><p>7 machines</p></li>\n</ol>\n\n<p>3.machines with 2 network cards, one machine with 2 network cards I understand but why second ?</p>\n\n<p>Many thanks in advance for your help &amp; support ;-)</p>\n\n<p>BTW:I have few pcs. of Dell Optiplex 780 with SSD drives. I can't install there 2 HDD. Instead of that I have 5 bay Synology NAS which can be used for storage space. Can use NAS disk storage instead of two drives for each node ?</p>\n\n<p>=======================================================================\nNobody answers and describe why is needed 2 hdd for each maas node ?</p>\n\n<h1>In this example can I use NAS ?</h1>\n"},{"id":606422,"title":"How can I see what Openstack services have been deployed to which servers once Openstack Autopilot has completed successfully?","body":"<p>I have successfully used the openstack-install on my MAAS server to install the Landscape managed option.</p>\n\n<p>I have successfully configured the Openstack Autopilot beta options in the Landscape web console and run install.</p>\n\n<p>I now have a clean Openstack deployment across my MAAS nodes (6).</p>\n\n<p>I'd like to understand how Openstack services were distributed across my MAAS nodes by Autopoilot.</p>\n\n<p>If on my MAAS server I type:</p>\n\n<pre><code>export JUJU_HOME=~/.cloud-install/juju\njuju status\n</code></pre>\n\n<p>I can see how Landscape itself was deployed into lots of LXC containers on one of the MAAS nodes. What I can't see anywhere is how the Landscape Autopilot tool went on to use juju to deploy Openstack across the other nodes.</p>\n\n<p>I really would like to understand what juju did in order to gain a better understanding of a) what I ended up with and b) how the Ubuntu Openstack reference deployment hangs together. How might I go about doing viewing the \"juju status\" of the Autopilot outcome? </p>\n"},{"id":554329,"title":"problem with juju on Ubuntu Openstack - Canonical Distribution","body":"<p>During the installation of Ubuntu Openstack - Canonical Distribution (step 4 <a href=\"http://ubuntu.com/download/cloud/install-ubuntu-openstack\" rel=\"nofollow\">ubuntu.com/download/cloud/install-ubuntu-openstack</a>) I've received an error with Juju. \nJuju made the bootstrapping of the node, the ubuntu installer started but at the end of the procedure the node went in shut down. I've tried to resolve that editing the environments.yaml file and added the bootstrap-timeout to 3600, (all vnode use the fastpath-installer), </p>\n\n<p><strong>sudo nano /usr/share/openstack/templates/juju-env/maas.yaml</strong></p>\n\n<p>like that </p>\n\n<pre><code>default: maas\n\nenvironments:\n  maas:\n    type: maas\n    maas-server: 'http://x.x.x.x/MAAS/'\n    maas-oauth: 'LnLE8w3grRK6hLcVgF:xxxxxxx'\n    admin-secret: richardsith\n    default-series: trusty\n    authorized-keys-path: ~/.ssh/id_rsa.pub\n    apt-http-proxy: 'http://x.x.x.x:8000/'\n    lxc-clone: true\n    bootstrap-timeout: 3600\n\n  openstack:\n    type: openstack\n    use-floating-ip: true\n    use-default-secgroup: true\n    network: ubuntu-net\n    auth-url: http://keystoneurl:5000/v2.0/\n    tenant-name: ubuntu\n    region: RegionOne\n    auth-mode: userpass\n    username: ubuntu\n    password: richardsith\n</code></pre>\n\n<p>and then I run the command </p>\n\n<pre><code> $: sudo openstack-install\n</code></pre>\n\n<p><img src=\"http://i.stack.imgur.com/cXy8a.png\" alt=\"enter image description here\"></p>\n\n<p><img src=\"http://i.stack.imgur.com/2AgwR.png\" alt=\"enter image description here\"></p>\n\n<p>after that the node made the reboot and during the boot I saw that</p>\n\n<p><img src=\"http://i.stack.imgur.com/wz7Bi.png\" alt=\"enter image description here\"></p>\n\n<p>after some minutes the installer went head</p>\n\n<p><img src=\"http://i.stack.imgur.com/YSXBk.png\" alt=\"enter image description here\"></p>\n\n<p>the node means ready but after few seconds went down, and on .commands.log the log is this </p>\n\n<p><a href=\"http://paste.ubuntu.com/9284133/\" rel=\"nofollow\">http://paste.ubuntu.com/9284133/</a></p>\n\n<p>I've also try to make the bootstrapping manually with debug with juju receiving the following log <a href=\"http://paste.ubuntu.com/9342625/\" rel=\"nofollow\">http://paste.ubuntu.com/9342625/</a></p>\n"},{"id":595500,"title":"Landscape autopilot installation problem","body":"<p>I have tried for several times installing landscape openstack using autopilot. But I'm receiving errors with the last two steps in installing region on cloud (configure availability zones and neutron network). \nI'm using virtual machines on Ubuntu Virt-manager and MAAS. To go to the installation step I first need to have two networks in MAAS, and during configuring them again I have to delete one and have just public network. Can this be a problem?</p>\n\n<p>Last time after starting of installation i have added again my private network to MAAS and these are logs of the errors:</p>\n\n<p><a href=\"http://paste.ubuntu.com/10579745/\" rel=\"nofollow\">http://paste.ubuntu.com/10579745/</a></p>\n\n<p>Any suggestions?</p>\n"},{"id":589618,"title":"Installing Landscape and launch the OpenStack Autopilot","body":"<p>Try <a href=\"http://www.ubuntu.com/download/cloud/install-ubuntu-openstack\" rel=\"nofollow\">Installing The Canonical Distribution of Ubuntu Open Stack</a> but stuck on step 4. Setup <em>Landscape</em> and launch the <em>OpenStack Autopilot</em>, it always fails.  Attached is the output of <code>~/.cloud-install/commands.log</code></p>\n\n<p>I was only able to get this far after running on the <em>MaaS</em> host</p>\n\n<pre><code>sudo apt-get install juju-core juju-local\n</code></pre>\n\n<p>Was this a mistake?</p>\n\n<p>Looking at the host that is used, this is the output after <code>openstack-install</code> fails,  along with output of ~<code>/.cloud-install/commands.log</code>:</p>\n\n<ul>\n<li><a href=\"http://pastebin.com/H5GxGNpb\" rel=\"nofollow\">1st attempt</a></li>\n<li><a href=\"http://pastebin.com/yH3eZ8kW\" rel=\"nofollow\">2nd attempt</a></li>\n<li><a href=\"http://pastebin.com/qBtgRVCn\" rel=\"nofollow\">running node</a></li>\n</ul>\n\n<p>Like all nodes in <em>MaaS</em>, they are e3-12xx 16GB RAM, Two 1TB disks and Two NIC with IPMI, MaaS is able to control their power, all are set to PXE boot, with all other options disabled</p>\n"},{"id":585374,"title":"Step 4 of Canonical Distribution of Ubuntu OpenStack is taking too much time","body":"<p>I have a total of three machines. I have installed MaaS in one of my machines and the other two machines were added to the MaaS nodes list and kept in ready state.</p>\n\n<p>When I run the fourth step given in the <a href=\"http://www.ubuntu.com/download/cloud/install-ubuntu-openstack\" rel=\"nofollow\">Installing The Canonical Distribution of Ubuntu OpenStack</a> Ubuntu documentation, both the machines went to the deployed state.</p>\n\n<p>The Ubuntu OpenStack installer screen is running for too long a time. I don't know to how to proceed. Please help me. I am looking for this to do simple job scheduling in a cloud environment using OpenStack. </p>\n"},{"id":576965,"title":"Problem with Checklist status on Landscape in Ubuntu Openstack - Canonical Distribution","body":"<p>I've completed almost all steps about the installation of Canonical Distribution realized it on an Virtual Environment.</p>\n\n<p>At the end the procedure I see Landscape Dashboard deployed of Juju. This is the situation of MaaS</p>\n\n<p><img src=\"http://i.stack.imgur.com/iOt95.png\" alt=\"enter image description here\"></p>\n\n<p>while Landscape</p>\n\n<p><img src=\"http://i.stack.imgur.com/PasAu.png\" alt=\"enter image description here\"></p>\n\n<p><img src=\"http://i.stack.imgur.com/IUQ6v.png\" alt=\"enter image description here\"></p>\n\n<p>if I scrolled down the page the result has been that</p>\n\n<p><img src=\"http://i.stack.imgur.com/rE8bv.png\" alt=\"enter image description here\"></p>\n\n<p>I've added the second HD on all the VM and re-put them in ready state on MaaS, then I've run Openstack with Landscape.... but the error is always the same.</p>\n\n<p>How do I have to upgrade the configuration to see also the second disk and resolve that?</p>\n\n<p>Thanks in advance</p>\n"},{"id":550641,"title":"Autopilot could not be installed on VMware ESXi 5.5","body":"<p>Hi Ubuntu OpenStack Autopilot team,</p>\n\n<p>I could not install the autopilot on VMware ESXi 5.5 though nested virtualization was enabled. I was running Ubuntu 14.04.1 with latest update.</p>\n\n<p>This one when I was trying to install with single system mode:</p>\n\n<pre><code>INFO • 11-12 09:53:36 [LINE:102, FUNC:&lt;module&gt;] • cloudinstall • cloud-install starting\nINFO • 11-12 09:53:36 [LINE:73, FUNC:status_context] • cloudinstall.core • Get started by entering an Openstack password to use in your cloud ..\nDEBUG • 11-12 09:53:36 [LINE:101, FUNC:_build_widget] • cloudinstall.ui.dialog • Num items: 2, items: &lt;BoxAdapter selectable flow widget &lt;ListBox selectable box widget&gt; height=2&gt;\nDEBUG • 11-12 09:53:40 [LINE:108, FUNC:submit] • cloudinstall.ui.dialog • Callback on : OrderedDict([('password', &lt;EditInput selectable flow widget&gt;), ('confirm_password', &lt;EditInput selectable flow widget&gt;)])\nINFO • 11-12 09:53:40 [LINE:73, FUNC:status_context] • cloudinstall.core • Choose your installation path ..\nDEBUG • 11-12 09:53:40 [LINE:101, FUNC:_build_widget] • cloudinstall.ui.dialog • Num items: 4, items: &lt;BoxAdapter selectable flow widget &lt;ListBox selectable box widget&gt; height=4&gt;\nDEBUG • 11-12 09:53:43 [LINE:157, FUNC:submit] • cloudinstall.ui • Callback on : OrderedDict([('Single', &lt;RadioButton selectable flow widget 'Single' state=True&gt;), ('Multi', &lt;RadioButton selectable flow widget 'Multi' state=False&gt;), ('Multi with existing MAAS', &lt;RadioButton selectable flow widget 'Multi with existing MAAS' state=False&gt;), ('Landscape', &lt;RadioButton selectable flow widget 'Landscape' state=False&gt;)])\nINFO • 11-12 09:53:43 [LINE:73, FUNC:status_context] • cloudinstall.core • Building environment\nDEBUG • 11-12 10:00:36 [LINE:417, FUNC:container_run] • cloudinstall.utils • Running in container: sudo -H -u ubuntu TERM=xterm256-color ssh -t -q -l ubuntu -o \"StrictHostKeyChecking=no\" -o \"UserKnownHostsFile=/dev/null\" -i /home/ubuntu/.ssh/id_rsa 10.0.3.169 mkdir -p .juju\nDEBUG • 11-12 10:00:38 [LINE:421, FUNC:container_run] • cloudinstall.utils • b''\nDEBUG • 11-12 10:00:39 [LINE:417, FUNC:container_run] • cloudinstall.utils • Running in container: sudo -H -u ubuntu TERM=xterm256-color ssh -t -q -l ubuntu -o \"StrictHostKeyChecking=no\" -o \"UserKnownHostsFile=/dev/null\" -i /home/ubuntu/.ssh/id_rsa 10.0.3.169 mkdir -p ~/.cloud-install\nDEBUG • 11-12 10:00:40 [LINE:50, FUNC:global_exchandler] • cloudinstall.utils • Traceback (most recent call last):\n  File \"/usr/share/openstack/cloudinstall/utils.py\", line 420, in container_run\n    ret = check_output(cmd, stderr=STDOUT, shell=True)\n  File \"/usr/lib/python3.4/subprocess.py\", line 616, in check_output\n    raise CalledProcessError(retcode, process.args, output=output)\nsubprocess.CalledProcessError: Command 'sudo -H -u ubuntu TERM=xterm256-color ssh -t -q -l ubuntu -o \"StrictHostKeyChecking=no\" -o \"UserKnownHostsFile=/dev/null\" -i /home/ubuntu/.ssh/id_rsa 10.0.3.169 mkdir -p ~/.cloud-install' returned non-zero exit status 1\n\nDuring handling of the above exception, another exception occurred:\n\nTraceback (most recent call last):\n  File \"/usr/share/openstack/cloudinstall/utils.py\", line 64, in run\n    super().run()\n  File \"/usr/lib/python3.4/threading.py\", line 868, in run\n    self._target(*self._args, **self._kwargs)\n  File \"/usr/share/openstack/cloudinstall/single_install.py\", line 159, in do_install\n    self.copy_installdata_and_set_perms()\n  File \"/usr/share/openstack/cloudinstall/single_install.py\", line 105, in copy_installdata_and_set_perms\n    utils.container_run(self.container_name, 'mkdir -p ~/.cloud-install')\n  File \"/usr/share/openstack/cloudinstall/utils.py\", line 424, in container_run\n    \"({1}:{2}) Error: {3}\".format(cmd, name, ip, e))\nException: There was a problem running (sudo -H -u ubuntu TERM=xterm256-color ssh -t -q -l ubuntu -o \"StrictHostKeyChecking=no\" -o \"UserKnownHostsFile=/dev/null\" -i /home/ubuntu/.ssh/id_rsa 10.0.3.169 mkdir -p ~/.cloud-install) in the container (uoi-bootstrap:10.0.3.169) Error: Command 'sudo -H -u ubuntu TERM=xterm256-color ssh -t -q -l ubuntu -o \"StrictHostKeyChecking=no\" -o \"UserKnownHostsFile=/dev/null\" -i /home/ubuntu/.ssh/id_rsa 10.0.3.169 mkdir -p ~/.cloud-install' returned non-zero exit status 1\n</code></pre>\n\n<p>And this one was when I tried to install with Landscape mode:</p>\n\n<pre><code>INFO • 11-17 02:36:00 [LINE:102, FUNC:&lt;module&gt;] • cloudinstall • cloud-install starting\nINFO • 11-17 02:36:00 [LINE:73, FUNC:status_context] • cloudinstall.core • Get started by entering an Openstack password to use in your cloud ..\nDEBUG • 11-17 02:36:00 [LINE:101, FUNC:_build_widget] • cloudinstall.ui.dialog • Num items: 2, items: &lt;BoxAdapter selectable flow widget &lt;ListBox selectable box widget&gt; height=2&gt;\nDEBUG • 11-17 02:36:05 [LINE:108, FUNC:submit] • cloudinstall.ui.dialog • Callback on : OrderedDict([('password', &lt;EditInput selectable flow widget&gt;), ('confirm_password', &lt;EditInput selectable flow widget&gt;)])\nINFO • 11-17 02:36:05 [LINE:73, FUNC:status_context] • cloudinstall.core • Choose your installation path ..\nDEBUG • 11-17 02:36:05 [LINE:101, FUNC:_build_widget] • cloudinstall.ui.dialog • Num items: 4, items: &lt;BoxAdapter selectable flow widget &lt;ListBox selectable box widget&gt; height=4&gt;\nDEBUG • 11-17 02:36:07 [LINE:157, FUNC:submit] • cloudinstall.ui • Callback on : OrderedDict([('Single', &lt;RadioButton selectable flow widget 'Single' state=False&gt;), ('Multi', &lt;RadioButton selectable flow widget 'Multi' state=False&gt;), ('Multi with existing MAAS', &lt;RadioButton selectable flow widget 'Multi with existing MAAS' state=False&gt;), ('Landscape', &lt;RadioButton selectable flow widget 'Landscape' state=True&gt;)])\nINFO • 11-17 02:36:07 [LINE:73, FUNC:status_context] • cloudinstall.core • Please enter your Landscape information and optionally an existing MAAS Server IP. If MAAS is not defined a new one will be created for you.\nDEBUG • 11-17 02:36:07 [LINE:101, FUNC:_build_widget] • cloudinstall.ui.dialog • Num items: 5, items: &lt;BoxAdapter selectable flow widget &lt;ListBox selectable box widget&gt; height=5&gt;\nDEBUG • 11-17 02:36:22 [LINE:108, FUNC:submit] • cloudinstall.ui.dialog • Callback on : OrderedDict([('admin_email', &lt;EditInput selectable flow widget&gt;), ('admin_name', &lt;EditInput selectable flow widget&gt;), ('system_email', &lt;EditInput selectable flow widget&gt;), ('maas_server', &lt;EditInput selectable flow widget&gt;), ('maas_apikey', &lt;EditInput selectable flow widget&gt;)])\nINFO • 11-17 02:36:22 [LINE:73, FUNC:status_context] • cloudinstall.core • Running ..\nDEBUG • 11-17 02:36:22 [LINE:70, FUNC:_save_lds_creds] • cloudinstall.landscape_install • No maas credentials entered, doing a new MAAS install\nINFO • 11-17 02:36:22 [LINE:73, FUNC:status_context] • cloudinstall.core • Please select a network interface that is not currently listening to any DHCP or DNS requests. This will be the interface MAAS will use to manage its own DNS/DHCP services.\nDEBUG • 11-17 02:36:22 [LINE:50, FUNC:global_exchandler] • cloudinstall.utils • Traceback (most recent call last):\n  File \"/usr/bin/openstack-install\", line 104, in &lt;module&gt;\n    install.start()\n  File \"/usr/share/openstack/cloudinstall/core.py\", line 263, in start\n    self.main_loop()\n  File \"/usr/share/openstack/cloudinstall/install.py\", line 72, in main_loop\n    self.loop.run()\n  File \"/usr/lib/python3/dist-packages/urwid/main_loop.py\", line 274, in run\n    self.screen.run_wrapper(self._run)\n  File \"/usr/lib/python3/dist-packages/urwid/raw_display.py\", line 268, in run_wrapper\n    return fn()\n  File \"/usr/lib/python3/dist-packages/urwid/main_loop.py\", line 339, in _run\n    self.event_loop.run()\n  File \"/usr/lib/python3/dist-packages/urwid/main_loop.py\", line 669, in run\n    self._loop()\n  File \"/usr/lib/python3/dist-packages/urwid/main_loop.py\", line 706, in _loop\n    self._watch_files[fd]()\n  File \"/usr/lib/python3/dist-packages/urwid/main_loop.py\", line 390, in _update\n    self.process_input(keys)\n  File \"/usr/lib/python3/dist-packages/urwid/main_loop.py\", line 490, in process_input\n    k = self._topmost_widget.keypress(self.screen_size, k)\n  File \"/usr/lib/python3/dist-packages/urwid/container.py\", line 588, in keypress\n    *self.calculate_padding_filler(size, True)), key)\n  File \"/usr/lib/python3/dist-packages/urwid/decoration.py\", line 836, in keypress\n    return self._original_widget.keypress((maxcol,), key)\n  File \"/usr/share/openstack/cloudinstall/ui/dialog.py\", line 53, in keypress\n    super().keypress(size, key)\n  File \"/usr/lib/python3/dist-packages/urwid/container.py\", line 1583, in keypress\n    key = self.focus.keypress(tsize, key)\n  File \"/usr/lib/python3/dist-packages/urwid/container.py\", line 2265, in keypress\n    key = w.keypress((mc,) + size[1:], key)\n  File \"/usr/lib/python3/dist-packages/urwid/decoration.py\", line 385, in keypress\n    return self._original_widget.keypress((maxcol, self.height), key)\n  File \"/usr/lib/python3/dist-packages/urwid/listbox.py\", line 985, in keypress\n    key = focus_widget.keypress((maxcol,),key)\n  File \"/usr/lib/python3/dist-packages/urwid/container.py\", line 2265, in keypress\n    key = w.keypress((mc,) + size[1:], key)\n  File \"/usr/lib/python3/dist-packages/urwid/wimp.py\", line 535, in keypress\n    self._emit('click')\n  File \"/usr/lib/python3/dist-packages/urwid/widget.py\", line 463, in _emit\n    signals.emit_signal(self, name, self, *args)\n  File \"/usr/lib/python3/dist-packages/urwid/signals.py\", line 264, in emit\n    result |= self._call_callback(callback, user_arg, user_args, args)\n  File \"/usr/lib/python3/dist-packages/urwid/signals.py\", line 294, in _call_callback\n    return bool(callback(*args_to_pass))\n  File \"/usr/share/openstack/cloudinstall/ui/dialog.py\", line 109, in submit\n    self.emit_done_signal(self.input_items)\n  File \"/usr/share/openstack/cloudinstall/ui/dialog.py\", line 115, in emit_done_signal\n    emit_signal(self, 'done', *args)\n  File \"/usr/lib/python3/dist-packages/urwid/signals.py\", line 264, in emit\n    result |= self._call_callback(callback, user_arg, user_args, args)\n  File \"/usr/lib/python3/dist-packages/urwid/signals.py\", line 294, in _call_callback\n    return bool(callback(*args_to_pass))\n  File \"/usr/share/openstack/cloudinstall/landscape_install.py\", line 71, in _save_lds_creds\n    self._do_install_new_maas()\n  File \"/usr/share/openstack/cloudinstall/landscape_install.py\", line 55, in _do_install_new_maas\n    post_tasks=self.landscape_tasks).run()\n  File \"/usr/share/openstack/cloudinstall/multi_install.py\", line 246, in run\n    self.prompt_for_interface()\n  File \"/usr/share/openstack/cloudinstall/multi_install.py\", line 255, in prompt_for_interface\n    if_names = sorted(get_network_interfaces().keys())\n  File \"/usr/share/openstack/cloudinstall/netutils.py\", line 75, in get_network_interfaces\n    rd[name] = dict(ipaddress=get_ip_addr(name),\n  File \"/usr/share/openstack/cloudinstall/netutils.py\", line 35, in get_ip_addr\n    return str(_networkinfo(interface)['network'].ip)\n  File \"/usr/share/openstack/cloudinstall/netutils.py\", line 27, in _networkinfo\n    nw = re.search(\"inet (\\d+\\.\\d+\\.\\d+\\.\\d+/\\d+)\", out).groups()[0]\nAttributeError: 'NoneType' object has no attribute 'groups'\n</code></pre>\n\n<p>There are more error logs different kind than those above but I didn't keep it. Will send more later if found any.</p>\n"}]}]