[{"id":715961,"title":"Unable to install an upgrade (or anything) due to dpkg error in processing install-info package","body":"<p>Hello AskUbuntu community, </p>\n\n<p>I recently installed Lubuntu 15.10 on my computer. Today, I decided to upgrade to the latest version, and used the <code>sudo apt-get upgrade</code> command to do so. I'm getting an error with the <code>install-info</code> package not only when I try and upgrade, but also when I try to install any new software. Here is the error message: </p>\n\n<pre><code>Reading package lists... Done\nBuilding dependency tree       \nReading state information... Done\nCalculating upgrade... The following packages were \nautomatically installed and are no longer required:\n\ncups-ppdc cups-server-common flashplugin-installer\ngstreamer0.10-plugins-base gstreamer0.10-plugins-good\ngstreamer0.10-x\njava-common libcupscgi1 libcupsmime1 libcupsppdc1\nlibgstreamer-plugins-base0.10-0 libgstreamer0.10-0  \nlibgutenprint2\nlibjavascriptcoregtk-1.0-0 libspeexdsp1 libwebkitgtk-1.0-0\nlibwebkitgtk-1.0-common\n\nUse 'apt-get autoremove' to remove them.\nDone\nThe following packages will be upgraded:\nlibnautilus-extension1a\n1 upgraded, 0 newly installed, 0 to remove and 0 not \nupgraded.\n1 not fully installed or removed.\nNeed to get 0 B/53.7 kB of archives.\nAfter this operation, 0 B of additional disk space \nwill be used.\n\nDo you want to continue? [Y/n] y\nSetting up install-info (6.0.0.dfsg.1-3) ...\n/usr/sbin/update-info-dir: 2: /etc/environment: Syntax     \nerror: Unterminated quoted string\ndpkg: error processing package install-info (--\nconfigure):\n\nsubprocess installed post-installation script returned     \nerror exit status 2\nErrors were encountered while processing:\n\ninstall-info\nE: Sub-process /usr/bin/dpkg returned an error code \n(1)\n</code></pre>\n\n<p>I have found a few similar questions on the web, and in many cases, the accepted solution is to edit some lines in the <code>/etc/environment</code> file. That hasn't worked for me, though.</p>\n\n<p>So my question is, how can I resolve this problem and install the upgrade (and other software)? Thank you for reading! </p>\n","related_questions":[{"id":715058,"title":"Can&#39;t upgrade old Ubuntu, error processing package fontconfig","body":"<p>I'm running old Ubuntu <strong>Server</strong> 13.04 (raring), and trying to upgrade or even install any packages I'm getting the following error:</p>\n\n<pre>\nroot@oem-mobilidade:~# sudo apt-get upgrade -y\nLendo listas de pacotes... Pronto\nConstruindo árvore de dependências       \nLendo informação de estado... Pronto\n0 pacotes atualizados, 0 pacotes novos instalados, 0 a serem removidos e 0 não atualizados.\n1 pacotes não totalmente instalados ou removidos.\nDepois desta operação, 0 B adicionais de espaço em disco serão usados.\nConfigurando fontconfig (2.11.0-0ubuntu4.1) ...\nRegenerating fonts cache... failed.\nSee /var/log/fontconfig.log for more information.\ndpkg: error processing package fontconfig (--configure):\n sub-processo script post-installation instalado retornou estado de saída de erro 1\nErros foram encontrados durante o processamento de:\n fontconfig\nE: Sub-process /usr/bin/dpkg returned an error code (1)\n\n\n\n\nroot@oem-mobilidade:~# cat /var/log/fontconfig.log\n/usr/share/fonts: caching, new cache contents: 0 fonts, 1 dirs\n/usr/share/fonts/truetype: caching, new cache contents: 0 fonts, 1 dirs\n/usr/share/fonts/truetype/ttf-dejavu: caching, new cache contents: 21 fonts, 0 dirs\n/usr/X11R6/lib/X11/fonts: skipping, no such directory\n/usr/local/share/fonts: caching, new cache contents: 0 fonts, 0 dirs\n/.local/share/fonts: fc-cache: symbol lookup error: fc-cache: undefined symbol: FcStrListFirst\n</pre>\n\n<p>PS: Sorry for the portuguese output.</p>\n\n<p>I read some articles telling to purge <strong>fontconfig</strong> package and reinstalling it, but I'm afraid of doing this because of this:</p>\n\n<pre>The following packages will be REMOVED:\n  ca-certificates-java* cacti* cacti-spine* default-jre-headless* fontconfig* fontconfig-config* icedtea-7-jre-jamvm* libcairo2* libfontconfig1* libgd2-xpm* libpango1.0-0*\n  librrd4* libxft2* openjdk-7-jre-headless* php5-gd* rrdtool* tomcat7* tomcat7-admin* tomcat7-common* tomcat7-docs* tomcat7-examples*</pre>\n\n<p>This server runs several applications, like Cacti, and other web based tools that depends on apache, tomcat, php, etc, so I'm worried about removing those packages above.</p>\n\n<p>Please, help!!!</p>\n"},{"id":614072,"title":"Need help with installing a package (dpkg problem)","body":"<p>When trying to install insight from some ppa repositories i get these errors.</p>\n\n<pre>\nsudo apt-get install insight\nReading package lists... Done\nBuilding dependency tree       \nReading state information... Done\nThe following NEW packages will be installed:\n  insight\n0 upgraded, 1 newly installed, 0 to remove and 0 not upgraded.\nNeed to get 0 B/2,298 kB of archives.\nAfter this operation, 6,787 kB of additional disk space will be used.\nWARNING: The following packages cannot be authenticated!\n  insight\nInstall these packages without verification? [y/N] y\n(Reading database ... 232356 files and directories currently installed.)\nPreparing to unpack .../insight_6.8.1-0ubuntu0~sevenmachines1_amd64.deb ...\nUnpacking insight (6.8.1-0ubuntu0~sevenmachines1) ...\n</pre>\n\n<p>-----Here are the problems-------</p>\n\n<pre>\ndpkg: error processing archive /var/cache/apt/archives/insight_6.8.1-0ubuntu0~sevenmachines1_amd64.deb (--unpack):\n trying to overwrite '/usr/lib/libinproctrace.so', which is also in package gdbserver 7.8-1ubuntu4\ndpkg-deb: error: subprocess paste was killed by signal (Broken pipe)\nErrors were encountered while processing:\n /var/cache/apt/archives/insight_6.8.1-0ubuntu0~sevenmachines1_amd64.deb\nE: Sub-process /usr/bin/dpkg returned an error code (1)\n</pre>\n"},{"id":653131,"title":"dpkg error while installing fail2ban on ubuntu 15.04","body":"<p>I'm trying to reinstall fail2ban after upgrading from 14.10 to 15.04. I was getting these errors so I did apt-get remove fail2ban and then apt-get install fail2ban, however I still get these error messages when installing other packages.</p>\n\n<p>Output of \"sudo apt-get install -f\"</p>\n\n<pre><code>Reading package lists... Done\nBuilding dependency tree       \nReading state information... Done\n0 upgraded, 0 newly installed, 0 to remove and 0 not upgraded.\n1 not fully installed or removed.\nAfter this operation, 0 B of additional disk space will be used.\nSetting up fail2ban (0.9.1-1) ...\nJob for fail2ban.service failed. See \"systemctl status fail2ban.service\" and \"journalctl -xe\" for details.\ninvoke-rc.d: initscript fail2ban, action \"start\" failed.\ndpkg: error processing package fail2ban (--configure):\n subprocess installed post-installation script returned error exit status 1\nErrors were encountered while processing:\n fail2ban\nE: Sub-process /usr/bin/dpkg returned an error code (1)`\n</code></pre>\n\n<p>Output of \"systemctl status fail2ban.service\"</p>\n\n<pre><code>● fail2ban.service - Fail2Ban Service\n   Loaded: loaded (/lib/systemd/system/fail2ban.service; enabled; vendor     preset: enabled)\n   Active: failed (Result: start-limit) since Sun 2015-07-26 22:03:08 EDT; 4min 48s ago\n Docs: man:fail2ban(1)\n  Process: 3036 ExecStart=/usr/bin/fail2ban-client -x start (code=exited, status=255)\n\nJul 26 22:03:08 pimr15 systemd[1]: Failed to start Fail2Ban Service.\nJul 26 22:03:08 pimr15 systemd[1]: Unit fail2ban.service entered failed state.\nJul 26 22:03:08 pimr15 systemd[1]: fail2ban.service failed.\nJul 26 22:03:08 pimr15 systemd[1]: fail2ban.service holdoff time over, scheduling restart.\nJul 26 22:03:08 pimr15 systemd[1]: start request repeated too quickly for fail2ban.service\nJul 26 22:03:08 pimr15 systemd[1]: Failed to start Fail2Ban Service.\nJul 26 22:03:08 pimr15 systemd[1]: Unit fail2ban.service entered failed state.\nJul 26 22:03:08 pimr15 systemd[1]: fail2ban.service failed.\n</code></pre>\n\n<p>Also, I should point out it seems fail2ban is indeed working as \"sudo fail2ban-client status\" returns my jails</p>\n"},{"id":630166,"title":"Error on apt-get upgrade and install runit package","body":"<p>I'm trying to install <a href=\"http://packages.ubuntu.com/trusty/git-daemon-run\" rel=\"nofollow\">the git-daemon-run package</a>, which has a dependency on the runit package.  But the runit package doesn't upgrade properly. </p>\n\n<p>When I run <code>apt-get upgrade</code> to upgrade <a href=\"http://packages.ubuntu.com/trusty/runit\" rel=\"nofollow\">the runit package</a>, the following error occurs:</p>\n\n<pre>Setting up runit (2.1.1-6.2ubuntu3) ...\nstart: Unknown job: runsvdir\ndpkg: error processing package runit (--install):\n subprocess installed post-installation script returned error exit status 1\n</pre>\n\n<p>I checked the Ubuntu bug database and I found <a href=\"https://bugs.launchpad.net/ubuntu/+source/runit/+bug/406621\" rel=\"nofollow\">Bug #406621 on launchpad</a>.  Per the solution there I should fix the location of <code>runsvdir.conf</code> changing it from the old <code>event.d</code> that upstart used to use to <code>/etc/init</code> that upstart now uses. But in (my) Ubuntu 14.04 there is no <code>event.d</code> in the first place let alone a <code>runsvdir.conf</code> there. </p>\n\n<p>I've tried installing or reconfiguring this package, rather than upgrading, but the same error occurred. It's notable that during the git package installation, this error was occurred for the first time.</p>\n\n<pre>\nroot@local#dpkg -C\nThe following packages are only half configured, probably due to problems\nconfiguring them the first time.  The configuration should be retried using\ndpkg --configure  or the configure menu option in dselect:\n runit                system-wide service supervision\n\nroot@local#apt-get purge runit\nThe following packages will be REMOVED:\n  runit*\n1 not fully installed or removed.\nAfter this operation, 419 kB disk space will be freed.\nDo you want to continue? [Y/n] y\nRemoving runit (2.1.1-6.2ubuntu3) ...\nstop: Unknown job: runsvdir\nRemoving SV inittab entry...\nPurging configuration files for runit (2.1.1-6.2ubuntu3) ...\nProcessing triggers for man-db (2.6.7.1-1ubuntu1) ...\nroot@local# apt-get install runit\nThe following extra packages will be installed:\n  fgetty\nSuggested packages:\n  socklog-run\nThe following NEW packages will be installed:\n  fgetty runit\n0 upgraded, 2 newly installed, 0 to remove and 16 not upgraded.\nNeed to get 0 B/134 kB of archives.\nAfter this operation, 550 kB of additional disk space will be used.\nDo you want to continue? [Y/n] y\nSetting up fgetty (0.6-5build1) ...\nSetting up runit (2.1.1-6.2ubuntu3) ...\nstart: Unknown job: runsvdir\ndpkg: error processing package runit (--configure):\n subprocess installed post-installation script returned error exit status 1\nProcessing triggers for ureadahead (0.100.0-16) ...\nErrors were encountered while processing:\n runit\nE: Sub-process /usr/bin/dpkg returned an error code (1)\n</pre>\n"},{"id":601420,"title":"dpkg: error processing procps (--configure)","body":"<p>How can I fix this issue?</p>\n\n<pre>\nuser@server:/var/lib/dpkg/info$ sudo apt-get upgrade\nReading package lists... Done\nBuilding dependency tree       \nReading state information... Done\nThe following packages have been kept back:\n  landscape-common mysql-client-5.5 mysql-server-5.5 mysql-server-core-5.5 nginx nginx-common nginx-full\nThe following packages will be upgraded:\n  procps udev\n2 upgraded, 0 newly installed, 0 to remove and 7 not upgraded.\n14 not fully installed or removed.\nNeed to get 552 kB of archives.\nAfter this operation, 1,024 B of additional disk space will be used.\nDo you want to continue [Y/n]? Y\nGet:1 http://nl.archive.ubuntu.com/ubuntu/ precise-updates/main procps amd64 1:3.2.8-11ubuntu6.4 [233 kB]\nGet:2 http://nl.archive.ubuntu.com/ubuntu/ precise-updates/main udev amd64 175-0ubuntu9.9 [319 kB]\nFetched 552 kB in 2s (247 kB/s)\nSetting up procps (1:3.2.8-11ubuntu6.3) ...\nstart: Job failed to start\ninvoke-rc.d: initscript procps, action \"start\" failed.\ndpkg: error processing procps (--configure):\n subprocess installed post-installation script returned error exit status 1\ndpkg: dependency problems prevent configuration of udev:\n udev depends on procps; however:\n  Package procps is not configured yet.\ndpkg: error processing udev (--configure):\n dependency problems - leaving unconfigured\ndpkg: dependency problems prevent configuration of dmsetup:\n dmsetup depends on udev (>> 141-2); however:\n  Package udev is not configured yet.\ndpkg: error processing dmsetup (--configure):\n dependency problems - leaving unconfigured\ndpkg: dependency problems prevent configuration of plymouth:\n plymouth depends on udev (>= 166-0ubuntu4); however:\n  Package udev is not configured yet.\ndpkg: error processing plymouth (--configure):\n dependency problems - leaving unconfigured\ndpkg: dependency problems prevent configuration of mountall:\n mountall depends on udev; however:\n  Package udev is not configured yet.\n mountall depends on plymouth; however:\n  Package plymouth is not configured yet.\ndpkg: error processing mountall (--configure):\n dependency problems - leaving unconfiguredNo apport report written because the error message indicates its a followup error from a previous failure.\n                                                                                                                                                     No apport report written because the error message indicates its a followup error from a previous failure.\n                                                                   No apport report written because MaxReports is reached already\n                                                                                                                                 No apport report written because MaxReports is reached already\n   No apport report written because MaxReports is reached already\n                                                                 No apport report written because MaxReports is reached already\n                                                                                                                               No apport report written because MaxReports is reached already\n No apport report written because MaxReports is reached already\n                                                               No apport report written because MaxReports is reached already\n                                                                                                                             No apport report written because MaxReports is reached already\n                                                                                                                                                                                           No apport report written because MaxReports is reached already\n                                                             No apport report written because MaxReports is reached already\n                                                                                                                           No apport report written because MaxReports is reached already\n\ndpkg: dependency problems prevent configuration of plymouth-theme-ubuntu-text:\n plymouth-theme-ubuntu-text depends on plymouth; however:\n  Package plymouth is not configured yet.\ndpkg: error processing plymouth-theme-ubuntu-text (--configure):\n dependency problems - leaving unconfigured\ndpkg: dependency problems prevent configuration of ppp:\n ppp depends on procps; however:\n  Package procps is not configured yet.\ndpkg: error processing ppp (--configure):\n dependency problems - leaving unconfigured\ndpkg: dependency problems prevent configuration of libdevmapper1.02.1:\n libdevmapper1.02.1 depends on dmsetup (>= 2:1.02.48-4ubuntu7.4); however:\n  Package dmsetup is not configured yet.\ndpkg: error processing libdevmapper1.02.1 (--configure):\n dependency problems - leaving unconfigured\ndpkg: dependency problems prevent configuration of libparted0debian1:\n libparted0debian1 depends on libdevmapper1.02.1 (>= 2:1.02.36); however:\n  Package libdevmapper1.02.1 is not configured yet.\ndpkg: error processing libparted0debian1 (--configure):\n dependency problems - leaving unconfigured\ndpkg: dependency problems prevent configuration of parted:\n parted depends on libparted0debian1 (>= 2.2-1); however:\n  Package libparted0debian1 is not configured yet.\ndpkg: error processing parted (--configure):\n dependency problems - leaving unconfigured\ndpkg: dependency problems prevent configuration of grub-common:\n grub-common depends on libdevmapper1.02.1 (>= 2:1.02.36); however:\n  Package libdevmapper1.02.1 is not configured yet.\ndpkg: error processing grub-common (--configure):\n dependency problems - leaving unconfigured\ndpkg: dependency problems prevent configuration of grub2-common:\n grub2-common depends on grub-common (= 1.99-21ubuntu3.17); however:\n  Package grub-common is not configured yet.\ndpkg: error processing grub2-common (--configure):\n dependency problems - leaving unconfigured\ndpkg: dependency problems prevent configuration of grub-pc-bin:\n grub-pc-bin depends on libdevmapper1.02.1 (>= 2:1.02.36); however:\n  Package libdevmapper1.02.1 is not configured yet.\n grub-pc-bin depends on grub-common (= 1.99-21ubuntu3.17); however:\n  Package grub-common is not configured yet.\ndpkg: error processing grub-pc-bin (--configure):\n dependency problems - leaving unconfigured\ndpkg: dependency problems prevent configuration of grub-pc:\n grub-pc depends on grub-common; however:\n  Package grub-common is not configured yet.\n grub-pc depends on grub2-common (= 1.99-21ubuntu3.17); however:\n  Package grub2-common is not configured yet.\n grub-pc depends on grub-pc-bin (= 1.99-21ubuntu3.17); however:\n  Package grub-pc-bin is not configured yet.\ndpkg: error processing grub-pc (--configure):\n dependency problems - leaving unconfigured\nErrors were encountered while processing:\n procps\n udev\n dmsetup\n plymouth\n mountall\n plymouth-theme-ubuntu-text\n ppp\n libdevmapper1.02.1\n libparted0debian1\n parted\n grub-common\n grub2-common\n grub-pc-bin\n grub-pc\nE: Sub-process /usr/bin/dpkg returned an error code (1)\nuser@enn:/var/lib/dpkg/info$ sudo dpkg --remove --force-remove-reinstreq procps\ndpkg: dependency problems prevent removal of procps:\n ubuntu-minimal depends on procps.\ndpkg: error processing procps (--remove):\n dependency problems - not removing\nErrors were encountered while processing:\n procps\n</pre>\n\n<p>I tried these commands. No one helped me.</p>\n\n<pre><code>apt-get update\napt-get install -f\napt-get autoremove -f\ndpkg-reconfigure -a\ndpkg --remove --force-remove-reinstreq procps\n</code></pre>\n"},{"id":427413,"title":"DPKG: Error Processing (--unpack) (RaspberryPi Compiler - Ubuntu)","body":"<pre>\nubuntu@ubuntu:~/RaspberryPi/devel$ sb2 -eR apt-get upgrade\nReading package lists... Done\nBuilding dependency tree \nReading state information... Done\nThe following packages have been kept back:\nalsa-base gnome-themes-standard lxde lxsession openssh-client openssh-server scratch wpasupplicant\nThe following packages will be upgraded:\nalsa-utils apt apt-utils aptitude aptitude-common base-files bash binutils bsdutils bzip2 ca-certificates console-setup\nconsole-setup-linux consolekit coreutils cpio cpp cpp-4.6 cryptsetup-bin curl dbus dbus-x11 dconf-gsettings-backend dconf-service\ndebconf debconf-i18n debconf-utils debian-reference-common debian-reference-en desktop-base dictionaries-common dmsetup dpkg\ndpkg-dev e2fslibs e2fsprogs eject file firmware-atheros firmware-brcm80211 firmware-libertas firmware-ralink firmware-realtek\nfontconfig fontconfig-config fuse g++ g++-4.6 gcc gcc-4.4-base gcc-4.6 gcc-4.6-base gcc-4.7-base gconf-service gconf2\ngconf2-common gdb gdbserver gir1.2-gst-plugins-base-0.10 gir1.2-gstreamer-0.10 gnupg gpgv gsettings-desktop-schemas idle\nidle-python2.7 idle-python3.2 idle3 ifupdown initscripts insserv iptables isc-dhcp-client isc-dhcp-common iso-codes\nkeyboard-configuration kmod krb5-locales libapt-inst1.5 libapt-pkg-dev libapt-pkg4.12 libasound2 libavahi-client3\nlibavahi-common-data libavahi-common3 libblkid1 libboost-iostreams1.49.0 libbsd0 libbz2-1.0 libc-bin libc-dev-bin libc6 libc6-dev\nlibcairo-gobject2 libcairo2 libcap2 libck-connector0 libcomerr2 libcroco3 libcryptsetup4 libcups2 libcurl3 libdbus-1-3\nlibdbus-1-dev libdbus-glib-1-2 libdconf0 libdevmapper-event1.02.1 libdevmapper1.02.1 libdpkg-perl libdrm2 libelf1 libexpat1\nlibexpat1-dev libfm-data libfm-gtk-bin libfm-gtk1 libfm1 libfontconfig1 libfontconfig1-dev libfreetype6 libfreetype6-dev libfuse2\nlibgail-3-0 libgail18 libgcc1 libgconf-2-4 libgcrypt11 libgfortran3 libgif4 libgl1-mesa-glx libglapi-mesa libglib2.0-0\nlibglib2.0-bin libglib2.0-data libglib2.0-dev libgnutls26 libgomp1 libgpg-error0 libgssapi-krb5-2 libgstreamer-plugins-base0.10-0\nlibgstreamer-plugins-base0.10-dev libgstreamer0.10-0 libgstreamer0.10-dev libgtk-3-0 libgtk-3-bin libgtk-3-common libgtk2.0-0\nlibgtk2.0-common libgudev-1.0-0 libicu-dev libicu48 libjavascriptcoregtk-1.0-0 libjavascriptcoregtk-3.0-0 libjson0 libk5crypto3\nlibkmod2 libkrb5-3 libkrb5support0 liblapack3 liblapack3gf libldap-2.4-2 liblightdm-gobject-1-0 liblvm2app2.2 liblzma5 libmagic1\nlibmikmod2 libmount1 libnewt0.52 libnfnetlink0 libobrender27 libobt0 libopenjpeg2 libpam-ck-connector libparted0debian1 libpci3\nlibpcsclite1 libpixman-1-0 libpolkit-agent-1-0 libpolkit-backend-1-0 libpolkit-gobject-1-0 libportmidi0 libprocps0 libproxy0\nlibpulse0 libpython2.7 libraspberrypi-bin libraspberrypi-dev libraspberrypi-doc libraspberrypi0 libreadline6 librsvg2-2\nlibrsvg2-common libsasl2-2 libsasl2-modules libsdl-mixer1.2 libsmpeg0 libsqlite3-0 libsqlite3-dev libss2 libssh2-1 libssl-dev\nlibssl1.0.0 libstdc++6 libstdc++6-4.6-dev libsysfs2 libsystemd-login0 libthai-data libthai0 libtiff4 libudev-dev libudev0\nlibusb-0.1-4 libuuid1 libwbclient0 libwebkitgtk-1.0-0 libwebkitgtk-1.0-common libwebkitgtk-3.0-0 libwebkitgtk-3.0-common libwebp2\nlibwrap0 libx11-6 libx11-data libx11-xcb1 libxapian-dev libxapian22 libxcb-glx0 libxcb-render0 libxcb-shm0 libxcb1 libxcursor1\nlibxext6 libxfixes3 libxfont1 libxi6 libxinerama1 libxml2 libxml2-dev libxrandr2 libxrender1 libxres1 libxslt1-dev libxslt1.1\nlibxt6 libxtst6 libxxf86vm1 lightdm linux-libc-dev locales lsb-base lua5.1 lxde-core lxtask manpages midori module-init-tools\nmount multiarch-support net-tools nfs-common ntfs-3g omxplayer openbox openssh-blacklist openssh-blacklist-extra openssl parted\npciutils perl perl-base perl-modules policykit-1 procps psmisc python python-minimal python-numpy python-pygame python2.7\npython2.7-minimal python3 python3-minimal python3-numpy python3.2 python3.2-minimal raspberrypi-bootloader raspi-copies-and-fills\nreadline-common rsyslog samba-common sgml-base squeak-vm ssh sudo sysv-rc sysvinit sysvinit-utils tar tasksel tasksel-data tcpd\nttf-dejavu-core tzdata udev udisks unzip util-linux vim-common vim-tiny wget whiptail x11-common xarchiver xkb-data xml-core\nxserver-common xserver-xorg xserver-xorg-core xserver-xorg-input-all xserver-xorg-input-synaptics xz-utils\n319 upgraded, 0 newly installed, 0 to remove and 8 not upgraded.\nNeed to get 269 MB of archives.\nAfter this operation, 23.2 MB disk space will be freed.\nDo you want to continue [Y/n]? y\nFetched 269 MB in 2min 11s (2,043 kB/s) \nExtracting templates from packages: 100%\nPreconfiguring packages ...\n(Reading database ... 54465 files and directories currently installed.)\nPreparing to replace base-files 6.9 (using .../base-files_7.1wheezy2+rpi1_armhf.deb) ...\nUnpacking replacement base-files ...\ndpkg: error processing /var/cache/apt/archives/base-files_7.1wheezy2+rpi1_armhf.deb (--unpack):\ntrying to overwrite '/var/run', which is also in package isc-dhcp-client 4.2.2.dfsg.1-5\nErrors were encountered while processing:\n/var/cache/apt/archives/base-files_7.1wheezy2+rpi1_armhf.deb\nE: Sub-process /usr/bin/dpkg returned an error code (1)\nubuntu@ubuntu:~/RaspberryPi/devel$\n</pre>\n\n<p>Im was using this \"How to...\" FAQ <a href=\"http://www.pieczewski.de/programming/RaspberryPi_CrossCompile\" rel=\"nofollow\">http://www.pieczewski.de/programming/RaspberryPi_CrossCompile</a></p>\n\n<p>Hope you can help me.</p>\n"},{"id":423436,"title":"Error installing or updating due to dpkg and linux-image-extra-3.11.0-15-generic","body":"<p>I have tried searching and found many articles, posts, and discussions around this error but I have yet to find anything that tells me how to fix it.</p>\n\n<hr>\n\n<p>I have run the following:</p>\n\n<pre>\n$ sudo apt-get clean && sudo apt-get autoremove\n\nReading package lists... Done\nBuilding dependency tree       \nReading state information... Done\n0 upgraded, 0 newly installed, 0 to remove and 7 not upgraded.\n1 not fully installed or removed.\nAfter this operation, 0 B of additional disk space will be used.\nSetting up linux-image-extra-3.11.0-15-generic (3.11.0-15.25) ...\nRunning depmod.\nupdate-initramfs: deferring update (hook will be called later)\nFailed to symbolic-link /boot/initrd.img-3.11.0-15-generic to initrd.img:File exists at /var/lib/dpkg/info/linux-image-extra-3.11.0-15-generic.postinst line 614.\ndpkg: error processing linux-image-extra-3.11.0-15-generic (--configure):\n subprocess installed post-installation script returned error exit status 17\nErrors were encountered while processing:\n linux-image-extra-3.11.0-15-generic\nE: Sub-process /usr/bin/dpkg returned an error code (1)\n</pre>\n\n<pre>\n$ sudo dpkg --configure -a\n\nSetting up linux-image-extra-3.11.0-15-generic (3.11.0-15.25) ...\nRunning depmod.\nupdate-initramfs: deferring update (hook will be called later)\nFailed to symbolic-link /boot/initrd.img-3.11.0-15-generic to initrd.img:File exists at /var/lib/dpkg/info/linux-image-extra-3.11.0-15-generic.postinst line 614.\ndpkg: error processing linux-image-extra-3.11.0-15-generic (--configure):\n subprocess installed post-installation script returned error exit status 17\nErrors were encountered while processing:\n linux-image-extra-3.11.0-15-generic\n</pre>\n\n<pre>\n$ sudo apt-get install -f\n\nReading package lists... Done\nBuilding dependency tree       \nReading state information... Done\n0 upgraded, 0 newly installed, 0 to remove and 7 not upgraded.\n1 not fully installed or removed.\nAfter this operation, 0 B of additional disk space will be used.\nSetting up linux-image-extra-3.11.0-15-generic (3.11.0-15.25) ...\nRunning depmod.\nupdate-initramfs: deferring update (hook will be called later)\nFailed to symbolic-link /boot/initrd.img-3.11.0-15-generic to initrd.img:File exists at /var/lib/dpkg/info/linux-image-extra-3.11.0-15-generic.postinst line 614.\ndpkg: error processing linux-image-extra-3.11.0-15-generic (--configure):\n subprocess installed post-installation script returned error exit status 17\nErrors were encountered while processing:\n linux-image-extra-3.11.0-15-generic\nE: Sub-process /usr/bin/dpkg returned an error code (1)\n</pre>\n\n<p>I'm at a loss and do not know where to go from here.</p>\n\n<p>Any help you could provide will be greatly appreciated.</p>\n"},{"id":100046,"title":"Unable to install any packages due to unrecoverable fatal error /var/lib/dpkg/diversions","body":"<p>I am currently unable to install any packages. I receive the following error: </p>\n\n<pre><code> dpkg: unrecoverable fatal error, aborting:\n too-long line or missing newline in `/var/lib/dpkg/diversions\n</code></pre>\n\n<p>I have tried various approaches:  </p>\n\n<pre><code>sudo dpkg --configure -a   \nsudo apt-get clean\nsudo dpkg-divert --list \nsudo apt-get check  \nsudo apt-get install -f\n</code></pre>\n\n<p>etc. but all to no avail. Either the output was apparently normal or the error above was thrown.</p>\n\n<p>I'm stumped as to how to proceed and would appreciate any assistance. If any further info is required just ask.</p>\n\n<hr>\n\n<p>Thanks for the reply. I followed the suggestions and am now getting a different error:</p>\n\n<p>(Reading database ... 50%dpkg: unrecoverable fatal error, aborting:\n files list file for package 'libksane0' is missing final newline\nE: Sub-process /usr/bin/dpkg returned an error code (2)</p>\n\n<p>Here is the link for the current diversions: <a href=\"http://paste.ubuntu.com/823500/\" rel=\"nofollow\">http://paste.ubuntu.com/823500/</a>\nand the old broken one: <a href=\"http://paste.ubuntu.com/823502/\" rel=\"nofollow\">http://paste.ubuntu.com/823502/</a></p>\n\n<p>I tried to reinstall <code>libksane0</code> but the same error occurred.</p>\n"},{"id":219576,"title":"error processing software-center after upgrading precise to quantal","body":"<p>After upgrading precise to quantal I am totally unable to run <code>apt-get upgrade</code> or <code>apt-get -f install</code></p>\n\n<pre>\nsam@ubuntu-vm:~$ sudo apt-get upgrade\nReading package lists... Done\nBuilding dependency tree       \nReading state information... Done\nYou might want to run 'apt-get -f install' to correct these.\nThe following packages have unmet dependencies:\n software-center : Depends: ubuntu-sso-client-gtk but it is not installable\n                   Recommends: xz-lzma but it is not installable\nE: Unmet dependencies. Try using -f.\n</pre>\n\n<pre>\nsam@ubuntu-vm:~$ sudo apt-get -f install\nPreparing to replace software-center 5.2.6 (using .../software-center_5.4.1.2_all.deb) ...\nUnpacking replacement software-center ...\ndpkg: error processing /var/cache/apt/archives/software-center_5.4.1.2_all.deb (--unpack):\n symbolic link '/usr/share/gnome/help/software-center/kn/software-center.xml' size has changed from 61 to 0\n...\nErrors were encountered while processing:\n /var/cache/apt/archives/software-center_5.4.1.2_all.deb\nE: Sub-process /usr/bin/dpkg returned an error code (1)\n\n</pre>\n\n<p>I tried:</p>\n\n<p><code>sudo apt-get remove --purge software-center software-center-aptdaemon-plugins</code> to no avail</p>\n\n<p>I tried:</p>\n\n<p><code>sudo apt-get clean</code></p>\n\n<p>and </p>\n\n<pre><code>sudo dpkg --configure -a\nsudo apt-get -f install\n</code></pre>\n\n<p>I tried rebooting and no go.</p>\n\n<p>Any tricks to getting my <code>apt-get</code> working again? </p>\n"},{"id":192057,"title":"DPKG upgrade error","body":"<blockquote>\n  <p><strong>Possible Duplicate:</strong><br>\n  <a href=\"http://askubuntu.com/questions/171205/e-sub-process-usr-bin-dpkg-returned-an-error-code-1\">&ldquo;E: Sub-process /usr/bin/dpkg returned an error code (1)&rdquo;</a>  </p>\n</blockquote>\n\n\n\n<p>When I'm upgrading with</p>\n\n<pre><code>sudo apt-get update &amp;&amp; sudo apt-get upgrade -y\n</code></pre>\n\n<p>My terminal shows this:</p>\n\n<pre><code>/var/cache/apt/archives/resolvconf_1.63ubuntu16_all.deb\nE: Sub-process /usr/bin/dpkg returned an error code (1)\n</code></pre>\n\n<p>What does this mean?</p>\n"}]}]