[{"id":714529,"title":"gem failed to install bropages","body":"<p>There is an alternate manpage documentation software called bropages, written in ruby, and I want to install it. I followed the instructions on <a href=\"http://bropages.org/\" rel=\"nofollow\">the site</a>, but got these errors:</p>\n\n<pre><code>~$ sudo gem install bropages\nBuilding native extensions.  This could take a while...\nERROR:  Error installing bropages:\n    ERROR: Failed to build gem native extension.\n\n    /usr/bin/ruby2.1 mkrf_conf.rb\nBuilding native extensions.  This could take a while...\n/usr/lib/ruby/2.1.0/rubygems/ext/builder.rb:89:in `run': ERROR: Failed to build gem native extension. (Gem::Ext::BuildError)\n\n    /usr/bin/ruby2.1 extconf.rb\nmkmf.rb can't find header files for ruby at /usr/lib/ruby/include/ruby.h\n\nextconf failed, exit code 1\n\nGem files will remain installed in /var/lib/gems/2.1.0/gems/unf-0.2.0.beta2/ext/gems/gems/unf_ext-0.0.7.1 for inspection.\nResults logged to /var/lib/gems/2.1.0/gems/unf-0.2.0.beta2/ext/gems/extensions/x86_64-linux/2.1.0/unf_ext-0.0.7.1/gem_make.out\n    from /usr/lib/ruby/2.1.0/rubygems/ext/ext_conf_builder.rb:38:in `block in build'\n    from /usr/lib/ruby/2.1.0/tempfile.rb:324:in `open'\n    from /usr/lib/ruby/2.1.0/rubygems/ext/ext_conf_builder.rb:17:in `build'\n    from /usr/lib/ruby/2.1.0/rubygems/ext/builder.rb:161:in `block (2 levels) in build_extension'\n    from /usr/lib/ruby/2.1.0/rubygems/ext/builder.rb:160:in `chdir'\n    from /usr/lib/ruby/2.1.0/rubygems/ext/builder.rb:160:in `block in build_extension'\n    from /usr/lib/ruby/2.1.0/rubygems/ext/builder.rb:159:in `synchronize'\n    from /usr/lib/ruby/2.1.0/rubygems/ext/builder.rb:159:in `build_extension'\n    from /usr/lib/ruby/2.1.0/rubygems/ext/builder.rb:198:in `block in build_extensions'\n    from /usr/lib/ruby/2.1.0/rubygems/ext/builder.rb:195:in `each'\n    from /usr/lib/ruby/2.1.0/rubygems/ext/builder.rb:195:in `build_extensions'\n    from /usr/lib/ruby/2.1.0/rubygems/installer.rb:677:in `build_extensions'\n    from /usr/lib/ruby/2.1.0/rubygems/installer.rb:232:in `install'\n    from /usr/lib/ruby/2.1.0/rubygems/resolver/specification.rb:78:in `install'\n    from /usr/lib/ruby/2.1.0/rubygems/request_set.rb:206:in `block in install_into'\n    from /usr/lib/ruby/2.1.0/rubygems/request_set.rb:198:in `each'\n    from /usr/lib/ruby/2.1.0/rubygems/request_set.rb:198:in `install_into'\n    from /usr/lib/ruby/2.1.0/rubygems/request_set.rb:119:in `install'\n    from /usr/lib/ruby/2.1.0/rubygems/dependency_installer.rb:389:in `install'\n    from mkrf_conf.rb:15:in `&lt;main&gt;'\n\nrake failed, exit code 1\n\nGem files will remain installed in /var/lib/gems/2.1.0/gems/unf-0.2.0.beta2 for inspection.\nResults logged to /var/lib/gems/2.1.0/extensions/x86_64-linux/2.1.0/unf-0.2.0.beta2/gem_make.out\n</code></pre>\n\n<p>Ruby gems aren’t something I’m familiar with, and I don’t see anything that clearly says error. So what has gone wrong here? How can I install bropages?</p>\n\n<p>I tried <code>sudo apt-get install bro</code> but that is something else entirely.</p>\n","related_questions":[{"id":452243,"title":"Install ruby 2.0 without ruby-switch?","body":"<p>I'm finding the task of installing ruby 2.0 on the latest Ubuntu 14.04 rather frustrating.  I'm aware that I could forgo the packages and install from source - but I'd far rather install a package - if that is possible.</p>\n\n<p>I found this question/answer about ruby on 13.10 - which looked like what I wanted.</p>\n\n<p><a href=\"http://askubuntu.com/questions/368572/how-to-install-ruby\">How to install ruby?</a></p>\n\n<p>Unfortunately, the strategy doesn't seem viable - the ruby-switch package has been deleted in 14.04.</p>\n\n<p><a href=\"http://www.ubuntuupdates.org/package/core/trusty/universe/base/ruby-switch\">http://www.ubuntuupdates.org/package/core/trusty/universe/base/ruby-switch</a></p>\n\n<p>The deletion of the package references <a href=\"https://bugs.launchpad.net/unity/+bug/741050\">a bug</a> which, to me, looks entirely unrelated.</p>\n\n<p>I'm bemused about why installing ruby2.0 using apt-get installs ruby1.9 and makes it the default ruby interpreter.  I do get a ruby2.0 binary - but scripts (which depend upon a 2.0 interpreter when executing ruby) don't pick it up.  Furthermore, when I use gem et. al. to install ruby packages - these seem to be installed for ruby1.9 rather than 2.0.  Very unsatisfactory.</p>\n\n<p>Can anyone offer a hint as to the most straightforward way to install ruby 2.0 as the standard ruby interpreter?  How am I expected to switch from ruby 1.9 to 2.0 without ruby-switch?</p>\n"},{"id":674056,"title":"gem install bundler error","body":"<p>I am newbie here. When I tried to install <code>gem install bundler</code>, it gave me</p>\n\n\n\n<pre class=\"lang-none prettyprint-override\"><code>ERROR:  Could not find a valid gem 'bundler' (&gt;= 0) in any repository\nERROR:  While executing gem ... (Gem::RemoteFetcher::FetchError)\n    bad response Forbidden 403 (http://rubygems.global.ssl.fastly.net/latest_specs.4.8.gz)\n</code></pre>\n\n<p>So I need to install 'bundler'?</p>\n"},{"id":646174,"title":"Ruby 2.2.2 extracted but not installed?","body":"<p>I read that the Software Center doesn't always have the latest version of Ruby, so I went ahead and downloaded it from the Ruby website. The problem is, I'm new to Linux so I don't know if it's installed, or where the program file (executable?) is located. What should I do?</p>\n\n<p>I'm going to guess that it's not a good idea to install things to a live USB...</p>\n"},{"id":600068,"title":"Can&#39;t install a Ruby package: Failed to build gem native extension","body":"<p>I installed ruby 2.1.0 and package pdfbeads on 32bit 12.04 last year following the blog <a href=\"https://railssavvy.wordpress.com/2012/06/02/install_ruby_and_rails/\" rel=\"nofollow\">https://railssavvy.wordpress.com/2012/06/02/install_ruby_and_rails/</a>, and it worked. Now it seems that I have installed ruby 2.2.0 on 64bit 14.04, but met the problem when installing pdfbeads.</p>\n\n<ol>\n<li><p><strong>Installing rvm and ruby:</strong> </p>\n\n<p>I heard the ruby in Ubuntu repository does not work (but I don't\nknow if that still applies), so I followed\n<a href=\"https://railssavvy.wordpress.com/2012/06/02/install_ruby_and_rails/\" rel=\"nofollow\">https://railssavvy.wordpress.com/2012/06/02/install_ruby_and_rails/</a>\nto install rvm and ruby.  I am not sure if I did the right things in\nthe following: </p>\n\n<pre><code>gpg --keyserver hkp://keys.gnupg.net --recv-keys 409B6B1796C275462A1703113804BB82D39DC0E3\n\ncurl -L get.rvm.io | bash -s stable\n</code></pre>\n\n<p>I originally first ran <code>curl -L get.rvm.io | bash -s stable</code> first,\nbut it asked me to run the <code>gpg</code> command before it.</p>\n\n<p>Then I add a line to ~/.bashrc:</p>\n\n<pre><code>PATH=$PATH:$HOME/.rvm/bin # Add RVM to PATH for scripting\n</code></pre>\n\n<p>And a couple of lines to ~/.bash_profile:</p>\n\n<pre><code>[[ -s \"$HOME/.profile\" ]] &amp;&amp; source \"$HOME/.profile\"\n[[ -s \"$HOME/.rvm/scripts/rvm\" ]] &amp;&amp; source \"$HOME/.rvm/scripts/rvm\"\n</code></pre>\n\n<p>Then I ran:</p>\n\n<pre><code>source ~/.rvm/scripts/rvm\nrvm requirements\nrvm autolibs disable\n\n\n$ rvm install 2.2.0\nAlready installed ruby-2.2.0.\nTo reinstall use:\n\n    rvm reinstall ruby-2.2.0\n</code></pre>\n\n<p>it tells me I have installed ruby already, then I checked the output\nof the previous commands, and found that <code>curl -L get.rvm.io | bash\n-s stable</code> seems already installed ruby. Then I ran:</p>\n\n<pre><code>rvm --default use 2.2.0\n</code></pre>\n\n<p>Did I install rvm and ruby correctly? Or is there some better way to do that?    </p></li>\n<li><p>Now I would like to <strong>install a package <code>pdfbeads</code></strong>:</p>\n\n<pre><code>$  gem install  pdfbeads\nBuilding native extensions.  This could take a while...\nERROR:  Error installing pdfbeads:\n    ERROR: Failed to build gem native extension.\n\n    /home/t/.rvm/rubies/ruby-2.2.0/bin/ruby -r ./siteconf20150322-21902-q15297.rb extconf.rb\nchecking for Ruby version &gt;= 1.8.5... yes\nchecking for gcc... yes\nchecking for Magick-config... no\nchecking for pkg-config... yes\nchecking for ImageMagick version &gt;= 6.4.9... yes\nPackage MagickCore was not found in the pkg-config search path.\nPerhaps you should add the directory containing `MagickCore.pc'\nto the PKG_CONFIG_PATH environment variable\nNo package 'MagickCore' found\nPackage MagickCore was not found in the pkg-config search path.\nPerhaps you should add the directory containing `MagickCore.pc'\nto the PKG_CONFIG_PATH environment variable\nNo package 'MagickCore' found\nPackage MagickCore was not found in the pkg-config search path.\nPerhaps you should add the directory containing `MagickCore.pc'\nto the PKG_CONFIG_PATH environment variable\nNo package 'MagickCore' found\nPackage MagickCore was not found in the pkg-config search path.\nPerhaps you should add the directory containing `MagickCore.pc'\nto the PKG_CONFIG_PATH environment variable\nNo package 'MagickCore' found\nchecking for stdint.h... yes\nchecking for sys/types.h... yes\nchecking for wand/MagickWand.h... no\n\nCan't install RMagick 2.13.4. Can't find MagickWand.h.\n*** extconf.rb failed ***\nCould not create Makefile due to some reason, probably lack of necessary\nlibraries and/or headers.  Check the mkmf.log file for more details.  You may\nneed configuration options.\n\nProvided configuration options:\n    --with-opt-dir\n    --without-opt-dir\n    --with-opt-include\n    --without-opt-include=${opt-dir}/include\n    --with-opt-lib\n    --without-opt-lib=${opt-dir}/lib\n    --with-make-prog\n    --without-make-prog\n    --srcdir=.\n    --curdir\n    --ruby=/home/t/.rvm/rubies/ruby-2.2.0/bin/$(RUBY_BASE_NAME)\n\nextconf failed, exit code 1\n\nGem files will remain installed in /home/t/.rvm/gems/ruby-2.2.0/gems/rmagick-2.13.4 for inspection.\nResults logged to /home/t/.rvm/gems/ruby-2.2.0/extensions/x86_64-linux/2.2.0/rmagick-2.13.4/gem_make.out\nt@ocean:/h/t/./archives$ man gem\nNo manual entry for gem\nSee 'man 7 undocumented' for help when manual pages are not available.\n</code></pre>\n\n<p>I follow this link <a href=\"http://askubuntu.com/a/528798/1471\">http://askubuntu.com/a/528798/1471</a> suggestion to\nrun</p>\n\n<pre><code>rvm install 2.2.0-dev\n</code></pre>\n\n<p>After it seems that I still have the same error:</p>\n\n<pre><code>$  gem install  pdfbeads\nBuilding native extensions.  This could take a while...\nERROR:  Error installing pdfbeads:\n    ERROR: Failed to build gem native extension.\n\n    /home/t/.rvm/rubies/ruby-2.2.0/bin/ruby -r ./siteconf20150322-24037-mauac1.rb extconf.rb\nchecking for Ruby version &gt;= 1.8.5... yes\nchecking for gcc... yes\nchecking for Magick-config... no\nchecking for pkg-config... yes\nchecking for ImageMagick version &gt;= 6.4.9... yes\nPackage MagickCore was not found in the pkg-config search path.\nPerhaps you should add the directory containing `MagickCore.pc'\nto the PKG_CONFIG_PATH environment variable\nNo package 'MagickCore' found\nPackage MagickCore was not found in the pkg-config search path.\nPerhaps you should add the directory containing `MagickCore.pc'\nto the PKG_CONFIG_PATH environment variable\nNo package 'MagickCore' found\nPackage MagickCore was not found in the pkg-config search path.\nPerhaps you should add the directory containing `MagickCore.pc'\nto the PKG_CONFIG_PATH environment variable\nNo package 'MagickCore' found\nPackage MagickCore was not found in the pkg-config search path.\nPerhaps you should add the directory containing `MagickCore.pc'\nto the PKG_CONFIG_PATH environment variable\nNo package 'MagickCore' found\nchecking for stdint.h... yes\nchecking for sys/types.h... yes\nchecking for wand/MagickWand.h... no\n\nCan't install RMagick 2.13.4. Can't find MagickWand.h.\n*** extconf.rb failed ***\nCould not create Makefile due to some reason, probably lack of necessary\nlibraries and/or headers.  Check the mkmf.log file for more details.  You may\nneed configuration options.\n\nProvided configuration options:\n    --with-opt-dir\n    --without-opt-dir\n    --with-opt-include\n    --without-opt-include=${opt-dir}/include\n    --with-opt-lib\n    --without-opt-lib=${opt-dir}/lib\n    --with-make-prog\n    --without-make-prog\n    --srcdir=.\n    --curdir\n    --ruby=/home/t/.rvm/rubies/ruby-2.2.0/bin/$(RUBY_BASE_NAME)\n\nextconf failed, exit code 1\n\nGem files will remain installed in /home/t/.rvm/gems/ruby-2.2.0/gems/rmagick-2.13.4 for inspection.\nResults logged to /home/t/.rvm/gems/ruby-2.2.0/extensions/x86_64-linux/2.2.0/rmagick-2.13.4/gem_make.out\n</code></pre>\n\n<p>I wonder how I can install the <code>pdfbeads</code> package?</p></li>\n</ol>\n\n<p>Thanks!</p>\n"},{"id":567423,"title":"/usr/bin/ruby1.9.1: No such file or directory -- /usr/share/rubygems-integration/1.9.1/gems/bundler-1.3.5/bin/bundle (LoadError)","body":"<p>After installing ruby-rails-4.0 (4.0.2+dfsg-2) attempting to generate a new web application fails with the following error:</p>\n\n<p>$ rails new hello\n           ....\n         run bundle install\n/usr/bin/ruby1.9.1: No such file or directory -- /usr/share/rubygems-integration/1.9.1/gems/bundler-1.3.5/bin/bundle (LoadError)</p>\n"},{"id":233001,"title":"Failed to install a ruby gem, eventmachine","body":"<p>I attempts to run a script that prompt  </p>\n\n<blockquote>\n  <p>Could not find gem 'eventmachine (= 0.12.10) ruby' in the gems\n  available on this machine. Run <code>bundle install</code> to install missing\n  gems.</p>\n</blockquote>\n\n<p>Then I runs <code>sudo bundle install</code></p>\n\n<pre><code>Fetching gem metadata from http://rubygems.org/......... \nFetching gem metadata from http://rubygems.org/.. \nUsing addressable (2.2.8)  \nUsing ansi (1.4.3)\nUsing daemons (1.1.9)\nUsing data_objects (0.10.10)\nUsing dm-core (1.2.0)\nUsing dm-do-adapter (1.2.0)\nUsing dm-migrations (1.2.0)\nUsing do_sqlite3 (0.10.10)\nUsing dm-sqlite-adapter (1.2.0)\nInstalling eventmachine (0.12.10) with native extensions  Gem::Installer::ExtensionBuildError: ERROR: Failed to build gem native extension.\n\n/usr/bin/ruby1.9.1 extconf.rb  checking for rb_trap_immediate in ruby.h,rubysig.h... no checking for rb_thread_blocking_region()... yes checking for inotify_init() in sys/inotify.h... yes checking for writev() in sys/uio.h... yes checking for rb_thread_check_ints()... yes checking for rb_time_new()... yes checking for sys/event.h... no checking for epoll_create() in sys/epoll.h... yes creating Makefile\n\nmake compiling page.cpp compiling sigs.cpp compiling files.cpp compiling emwin.cpp compiling cplusplus.cpp compiling pipe.cpp compiling kb.cpp kb.cpp: In member function ‘virtual void KeyboardDescriptor::Read()’: kb.cpp:79:27: warning: ignoring return value of ‘ssize_t read(int, void*, size_t)’, declared with attribute warn_unused_result [-Wunused-result] compiling rubymain.cpp rubymain.cpp: In function ‘VALUE t_connect_server(VALUE, VALUE, VALUE)’: rubymain.cpp:468:42: error: format not a string literal and no format arguments [-Werror=format-security] rubymain.cpp: In function ‘VALUE t_bind_connect_server(VALUE, VALUE, VALUE, VALUE, VALUE)’: rubymain.cpp:488:42: error: format not a string literal and no format arguments [-Werror=format-security] cc1plus: some warnings being treated as errors make: *** [rubymain.o] Error 1\n\n\nGem files will remain installed in /var/lib/gems/1.9.1/gems/eventmachine-0.12.10 for inspection. Results logged to /var/lib/gems/1.9.1/gems/eventmachine-0.12.10/ext/gem_make.out An error occurred while installing eventmachine (0.12.10), and Bundler cannot continue. Make sure that `gem install eventmachine -v '0.12.10'` succeeds before bundling.\n</code></pre>\n\n<p>Finally,</p>\n\n<pre><code>sudo gem install eventmachine -v '0.12.10'\n</code></pre>\n\n<blockquote>\n  <p>Building native extensions. This could take a while...</p>\n  \n  <p>ERROR: Error installing eventmachine:</p>\n  \n  <p>ERROR: Failed to build gem native extension.</p>\n  \n  <p>/usr/bin/ruby1.9.1 extconf.rb</p>\n  \n  <p>checking for rb_trap_immediate in ruby.h,rubysig.h... no</p>\n  \n  <p>checking for rb_thread_blocking_region()... yes</p>\n  \n  <p>checking for inotify_init() in sys/inotify.h... yes</p>\n  \n  <p>checking for writev() in sys/uio.h... yes</p>\n  \n  <p>checking for rb_thread_check_ints()... yes</p>\n  \n  <p>checking for rb_time_new()... yes</p>\n  \n  <p>checking for sys/event.h... no</p>\n  \n  <p>checking for epoll_create() in sys/epoll.h... yes</p>\n  \n  <p>creating Makefile</p>\n  \n  <p>make</p>\n  \n  <p>compiling page.cpp</p>\n  \n  <p>compiling sigs.cpp</p>\n  \n  <p>compiling files.cpp</p>\n  \n  <p>compiling emwin.cpp</p>\n  \n  <p>compiling cplusplus.cpp</p>\n  \n  <p>compiling pipe.cpp</p>\n  \n  <p>compiling kb.cpp</p>\n  \n  <p>kb.cpp: In member function ‘virtual void KeyboardDescriptor::Read()’:</p>\n  \n  <p>kb.cpp:79:27: warning: ignoring return value of ‘ssize_t read(int,\n  void*, size_t)’, declared with attribute warn_unused_result\n  [-Wunused-result]</p>\n  \n  <p>compiling rubymain.cpp</p>\n  \n  <p>rubymain.cpp: In function ‘VALUE t_connect_server(VALUE, VALUE,\n  VALUE)’:</p>\n  \n  <p>rubymain.cpp:468:42: error: format not a string literal and no format\n  arguments [-Werror=format-security]</p>\n  \n  <p>rubymain.cpp: In function ‘VALUE t_bind_connect_server(VALUE, VALUE,\n  VALUE, VALUE, VALUE)’:</p>\n  \n  <p>rubymain.cpp:488:42: error: format not a string literal and no format\n  arguments [-Werror=format-security]</p>\n  \n  <p>cc1plus: some warnings being treated as errors</p>\n  \n  <p>make: <em>*</em> [rubymain.o] Error 1</p>\n  \n  <p>Gem files will remain installed in\n  /var/lib/gems/1.9.1/gems/eventmachine-0.12.10 for inspection.</p>\n  \n  <p>Results logged to\n  /var/lib/gems/1.9.1/gems/eventmachine-0.12.10/ext/gem_make.out</p>\n</blockquote>\n\n<pre><code>ruby -v\n</code></pre>\n\n<blockquote>\n  <p>ruby 1.9.3p194 (2012-04-20 revision 35410) [x86_64-linux]</p>\n</blockquote>\n\n<p>I have already installed <code>libeventmachine-ruby</code> and <code>ruby-eventmachine</code></p>\n"},{"id":368572,"title":"How to install ruby?","body":"<p>I am pretty new to ruby world and I don't know about installing it. Viewing methods from blogs with google search but feeling confuse. </p>\n\n<p>Could somebody help me to setup ruby in my Ubuntu 13.10?</p>\n"},{"id":394037,"title":"ERROR: While executing gem (some::Gem) no such name (http://some.url)","body":"<p>I'm trying to install rails using </p>\n\n<pre><code>$ sudo gem install rails\n</code></pre>\n\n<p>But I get this error:</p>\n\n<pre><code>ERROR:  While executing gem ... (Gem::RemoteFetcher::UnknownHostError)\nno such name (https://rubygems.org/quick/Marshal.4.8/activerecord-4.0.2.gemspec.rz\n</code></pre>\n\n<p>What am I doing wrong? do I have to use <strong>sudo apt-get install rails</strong> instead?</p>\n\n<p>I have in my system</p>\n\n<pre><code>$ ruby -v\n&gt; 2.1.11\n$ gem -v \n&gt; ruby 1.9.3p0 (2011-10-30 revision 33570) [i686-linux]\n</code></pre>\n\n<p>I'm following <a href=\"http://askubuntu.com/questions/284459/couldnt-find-any-package-by-regex-ruby/284471#284471\">these instructions</a></p>\n\n<p><strong>Solved</strong></p>\n\n<p>How did I solved it?</p>\n\n<p>I followed <a href=\"http://askubuntu.com/questions/284459/couldnt-find-any-package-by-regex-ruby/284471#284471\">this</a> as <strong>Mitch</strong> advised me, but after <code>sudo apt-get install ruby1.9.3</code> I got that <code>ruby -v</code> showed <code>ruby 1.8.7</code></p>\n\n<p>So I did <a href=\"http://askubuntu.com/questions/91693/how-do-you-uninstall-ruby-1-8-7-and-install-ruby-1-9-2#answer-91780\">this</a> and then I continue with</p>\n\n<pre><code>sudo gem install rails\n</code></pre>\n\n<p>it worked.</p>\n"},{"id":285761,"title":"Installation of capybara-webkit ruby gem","body":"<p>I have following errors when I try to install capybara-webkit ruby gem</p>\n\n<p>Gem::Installer::ExtensionBuildError: ERROR: Failed to build gem native extension.</p>\n\n<pre><code>    /home/s/.rvm/rubies/ruby-1.8.7-p371/bin/ruby extconf.rb \n    cd src/ &amp;&amp; /usr/lib/x86_64-linux-gnu/qt4/bin/qmake /home/s/.rvm/gems/ruby-1.8.7- \n    p371@/gems/capybara-webkit-0.14.1/src/webkit_server.pro -spec \n   /usr/share/qt4/mkspecs/linux-g++ -o Makefile.webkit_server\n   cd src/ &amp;&amp; make -f Makefile.webkit_server \n   make[1]: Entering directory `/home/s/.rvm/gems/ruby-1.8.7-p371@/gems/capybara-     webkit-0.14.1/src'\n\n   g++ -c -pipe -O2 -Wall -W -D_REENTRANT -DQT_NO_DEBUG -DQT_WEBKIT_LIB -DQT_GUI_LIB - DQT_NETWORK_LIB -DQT_CORE_LIB -DQT_SHARED -I/usr/share/qt4/mkspecs/linux-g++ -I. - I/usr/include/qt4/QtCore -I/usr/include/qt4/QtNetwork -I/usr/include/qt4/QtGui - I/usr/include/qt4/QtWebKit -I/usr/include/qt4 -I. -o EnableLogging.o EnableLogging.cpp\n   g++ -c -pipe -O2 -Wall -W -D_REENTRANT -DQT_NO_DEBUG -DQT_WEBKIT_LIB -DQT_GUI_LIB -  DQT_NETWORK_LIB -DQT_CORE_LIB -DQT_SHARED -I/usr/share/qt4/mkspecs/linux-g++ -I. - I/usr/include/qt4/QtCore -I/usr/include/qt4/QtNetwork -I/usr/include/qt4/QtGui - I/usr/include/qt4/QtWebKit -I/usr/include/qt4 -I. -o Authenticate.o Authenticate.cpp\n In file included from Authenticate.cpp:2:0:\n WebPage.h:46:17: error: incomplete type ‘QNetworkReply’ used in nested name specifier   \n WebPage.h:46:17: error: incomplete type ‘QNetworkReply’ used in nested name specifier\n WebPage.h:46:45: error: template argument 1 is invalid\n make[1]: *** [Authenticate.o] Error 1\n make[1]: Leaving directory `/home/s/.rvm/gems/ruby-1.8.7-p371/gems/capybara-  webkit-0.14.1/src'\n make: *** [sub-src-webkit_server-pro-make_default-ordered] Error 2\n Command 'make' failed\n</code></pre>\n\n<p>I use Ubuntu  13.04 and I have installed libqt4-dev and g++. Does anyone know how to fix it? I installed it correctly on Ubuntu 12.10.</p>\n"},{"id":275709,"title":"error: alternative gem can&#39;t be master: it is a slave of ruby","body":"<p>I am struggling to get ruby up and running, and i get this message in many installations  </p>\n\n<blockquote>\n  <p>update-alternatives: error: alternative gem can't be master: it is a slave of ruby<br></p>\n</blockquote>\n\n<p>The full message:</p>\n\n<blockquote>\n  <p>update-alternatives: error: alternative gem can't be master: it is a slave of ruby<br>\n  dpkg: error processing rubygems1.8 (--configure):<br>\n  subprocess installed post-installation script returned error exit status 2<br>\n  dpkg: dependency problems prevent configuration of libruby1.8-extras:<br>\n  libruby1.8-extras depends on libgems-ruby1.8 | rubygems1.8; however:<br>\n   Package libgems-ruby1.8 is not installed.<br>\n   Package rubygems1.8 is not configured yet.<br>\n  dpkg: error processing libruby1.8-extras (--configure):<br>\n  dependency problems - leaving unconfigured<br>\n  Setting up libsqlite3-ruby1.8 (1.2.4-2.1) ...<br>\n  No apport report written because the error message indicates its a followup error <br>>from a previous failure.<br></p>\n  \n  <blockquote>\n    <p>Setting up libsqlite3-ruby (1.2.4-2.1) ...<br>\n    Setting up libxml-simple-ruby (1.0.12-1) ...<br>\n    Setting up rake (0.8.7-1) ...<br>\n    dpkg: dependency problems prevent configuration of rails:<br>\n    rails depends on libruby1.8-extras; however:<br>\n     Package libruby1.8-extras is not configured yet.<br>\n    dpkg: error processing rails (--configure):<br>\n    dependency problems - leaving unconfigured<br>\n    No apport report written because the error message indicates its a followup error <br>from a previous failure.\n                                   <br>                                                                           >Setting up zip (3.0-2) ...<br>\n    Errors were encountered while processing:<br>\n    rubygems1.8<br>\n    libruby1.8-extras<br>\n    rails<br>\n    E: Sub-process /usr/bin/dpkg returned an error code (1)<br></p>\n  </blockquote>\n</blockquote>\n\n<p>ubuntu 10.4 \nruby1.9.1 </p>\n"}]}]