[{"id":715866,"title":"Good GPU Stress Test?","body":"<p>I can't seem to find a good GPU stress test for Ubuntu.  I want the test to use 100% of the GPU to test the thermals in my new build.</p>\n","related_questions":[{"id":648452,"title":"Test for Artifacts","body":"<p>I have some weird effect on the screen when I open for example the terminal from the dock. The effect doesn't work perfectly and there is like a small vsync on the windows manager. I'm thinking maybe there is something wrong with my hardware so I would like to test for artifacts. How can I do that in Ubuntu ? I want to really stress my hardware since I've been having this strange behaviour since I switched to Unity and now the RMA is about to run out.</p>\n\n<pre><code>sudo lsb_release --short --codename&amp;&amp;uname --kernel-release&amp;&amp;lshw -c video\n\n    3.16.0-34-generic\nWARNING: you should run this program as super-user.\n  *-display               \n       description: VGA compatible controller\n       product: 2nd Generation Core Processor Family Integrated Graphics Controller\n       vendor: Intel Corporation\n       physical id: 2\n       bus info: pci@0000:00:02.0\n       version: 09\n       width: 64 bits\n       clock: 33MHz\n       capabilities: vga_controller bus_master cap_list rom\n       configuration: driver=i915 latency=0\n       resources: irq:42 memory:f7800000-f7bfffff memory:e0000000-efffffff ioport:f000(size=64)\nWARNING: output may be incomplete or inaccurate, you should run this program as super-user.\n</code></pre>\n\n<p>Thanks.</p>\n"},{"id":617995,"title":"System Testing app crashes immediately on 14.04 Desktop","body":"<p>Whenever I attempt to run System Testing on 14.04 Desktop, it crashes immediately. It generates the crash file <code>/var/crash/_usr_bin_checkbox-gui.1000.crash.</code></p>\n\n<pre><code>ProblemType: Crash\nArchitecture: i386\nCrashCounter: 1\nCurrentDesktop: Unity\nDate: Sun May  3 16:02:34 2015\nDistroRelease: Ubuntu 14.04\nExecutablePath: /usr/bin/checkbox-gui\nExecutableTimestamp: 1397058831\nProcCmdline: checkbox-gui\n\n. . .\n\nDisassembly:\n =&gt; 0xaf20beb7: mov    0x3c(%ecx),%edi\n    0xaf20beba: not    %eax\n    0xaf20bebc: add    0x40(%ecx),%ebp\n    0xaf20bebf: add    $0x2,%eax\n    0xaf20bec2: movl   $0x80000000,0x20(%esp)\n    0xaf20beca: movl   $0x0,0x1c(%esp)\n    0xaf20bed2: movzbl 0x45(%ecx),%ecx\n    0xaf20bed6: add    0x34(%esp),%ebp\n    0xaf20beda: mov    %edx,0x8(%esp)\n    0xaf20bede: movl   $0x0,0x14(%esp)\n    0xaf20bee6: or     $0x51,%ch\n    0xaf20bee9: mov    %ecx,0x18(%esp)\n    0xaf20beed: mov    %ebp,0x10(%esp)\n    0xaf20bef1: mov    %edi,0xc(%esp)\n    0xaf20bef5: mov    %eax,0x4(%esp)\n    0xaf20bef9: mov    0x10(%esi),%eax\nInstallationDate: Installed on 2015-04-27 (6 days ago)\nInstallationMedia: Ubuntu 14.04.2 LTS \"Trusty Tahr\" - Release i386 (20150218.1)\nPackage: checkbox-gui 0.17.6-0ubuntu6\nPackageArchitecture: i386\nRegisters:\n eax            0xffffffff      -1\n ecx            0x0     0\n edx            0x4f688 325256\n ebx            0xaf5f9000      -1352691712\n esp            0xbffe5710      0xbffe5710\n ebp            0x340   0x340\n esi            0x8cab5c0       147502528\n edi            0x2     2\n eip            0xaf20beb7      0xaf20beb7\n eflags         0x10297 [ CF PF AF SF IF RF ]\n cs             0x73    115\n ss             0x7b    123\n ds             0x7b    123\n es             0x7b    123\n fs             0x0     0\n gs             0x33    51\nSegvAnalysis:\n Segfault happened at: 0xaf20beb7:      mov    0x3c(%ecx),%edi\n PC (0xaf20beb7) ok\n source \"0x3c(%ecx)\" (0x0000003c) not located in a known VMA region (needed readable region)!\n destination \"%edi\" ok\n\n\n. . .\n\nDisassembly:\n =&gt; 0xaf20beb7: mov    0x3c(%ecx),%edi\n    0xaf20beba: not    %eax\n    0xaf20bebc: add    0x40(%ecx),%ebp\n    0xaf20bebf: add    $0x2,%eax\n    0xaf20bec2: movl   $0x80000000,0x20(%esp)\n    0xaf20beca: movl   $0x0,0x1c(%esp)\n    0xaf20bed2: movzbl 0x45(%ecx),%ecx\n    0xaf20bed6: add    0x34(%esp),%ebp\n    0xaf20beda: mov    %edx,0x8(%esp)\n    0xaf20bede: movl   $0x0,0x14(%esp)\n    0xaf20bee6: or     $0x51,%ch\n    0xaf20bee9: mov    %ecx,0x18(%esp)\n    0xaf20beed: mov    %ebp,0x10(%esp)\n    0xaf20bef1: mov    %edi,0xc(%esp)\n    0xaf20bef5: mov    %eax,0x4(%esp)\n    0xaf20bef9: mov    0x10(%esi),%eax\nInstallationDate: Installed on 2015-04-27 (6 days ago)\nInstallationMedia: Ubuntu 14.04.2 LTS \"Trusty Tahr\" - Release i386 (20150218.1)\nPackage: checkbox-gui 0.17.6-0ubuntu6\nPackageArchitecture: i386\nRegisters:\n eax            0xffffffff      -1\n ecx            0x0     0\n edx            0x4f688 325256\n ebx            0xaf5f9000      -1352691712\n esp            0xbffe5710      0xbffe5710\n ebp            0x340   0x340\n esi            0x8cab5c0       147502528\n edi            0x2     2\n eip            0xaf20beb7      0xaf20beb7\n eflags         0x10297 [ CF PF AF SF IF RF ]\n cs             0x73    115\n ss             0x7b    123\n ds             0x7b    123\n es             0x7b    123\n fs             0x0     0\n gs             0x33    51\nSegvAnalysis:\n Segfault happened at: 0xaf20beb7:      mov    0x3c(%ecx),%edi\n PC (0xaf20beb7) ok\n source \"0x3c(%ecx)\" (0x0000003c) not located in a known VMA region (needed readable region)!\n destination \"%edi\" ok\nSegvReason: reading NULL VMA\nSourcePackage: checkbox\nStacktrace:\n #0  0xaf20beb7 in ?? () from /usr/lib/i386-linux-gnu/dri/nouveau_dri.so\n No symbol table info available.\n #1  0xaf206c42 in ?? () from /usr/lib/i386-linux-gnu/dri/nouveau_dri.so\n No symbol table info available.\n #2  0xaf209f8d in ?? () from /usr/lib/i386-linux-gnu/dri/nouveau_dri.so\n No symbol table info available.\n #3  0xaefd7288 in ?? () from /usr/lib/i386-linux-gnu/dri/nouveau_dri.so\n No symbol table info available.\n #4  0xaee91bfb in ?? () from /usr/lib/i386-linux-gnu/dri/nouveau_dri.so\n No symbol table info available.\n #5  0xb74ced2d in QSGBindable::clear(QFlags&lt;QSGRenderer::ClearModeBit&gt;) const () from /usr/lib/i386-linux-gnu/libQt5Quick.so.5\n No symbol table info available.\n #6  0xb74c3a8f in QSGBatchRenderer::Renderer::renderBatches() () from /usr/lib/i386-linux-gnu/libQt5Quick.so.5\n No symbol table info available.\n #7  0xb74c4148 in QSGBatchRenderer::Renderer::render() () from /usr/lib/i386-linux-gnu/libQt5Quick.so.5\n No symbol table info available.\n #8  0xb74cf23c in QSGRenderer::renderScene(QSGBindable const&amp;) () from /usr/lib/i386-linux-gnu/libQt5Quick.so.5\n No symbol table info available.\n #9  0xb74cf61d in QSGRenderer::renderScene() () from /usr/lib/i386-linux-gnu/libQt5Quick.so.5\n No symbol table info available.\n #10 0xb74de6ac in QSGRenderContext::renderNextFrame(QSGRenderer*, unsigned int) () from /usr/lib/i386-linux-gnu/libQt5Quick.so.5\n No symbol table info available.\n #11 0xb751be49 in QQuickWindowPrivate::renderSceneGraph(QSize const&amp;) () from /usr/lib/i386-linux-gnu/libQt5Quick.so.5\n No symbol table info available.\n #12 0xb74faaad in ?? () from /usr/lib/i386-linux-gnu/libQt5Quick.so.5\n No symbol table info available.\n #13 0xb74fb31e in ?? () from /usr/lib/i386-linux-gnu/libQt5Quick.so.5\n No symbol table info available.\n #14 0xb6abae24 in QApplicationPrivate::notify_helper(QObject*, QEvent*) () from /usr/lib/i386-linux-gnu/libQt5Widgets.so.5\n No symbol table info available.\n #15 0xb6ac0801 in QApplication::notify(QObject*, QEvent*) () from /usr/lib/i386-linux-gnu/libQt5Widgets.so.5\n No symbol table info available.\n #16 0xb62c5aea in QCoreApplication::notifyInternal(QObject*, QEvent*) () from /usr/lib/i386-linux-gnu/libQt5Core.so.5\n No symbol table info available.\n #17 0xb6317fed in QTimerInfoList::activateTimers() () from /usr/lib/i386-linux-gnu/libQt5Core.so.5\n No symbol table info available.\n #18 0xb6318518 in ?? () from /usr/lib/i386-linux-gnu/libQt5Core.so.5\n No symbol table info available.\n #19 0xb5a311e3 in g_main_context_dispatch () from /lib/i386-linux-gnu/libglib-2.0.so.0\n No symbol table info available.\n #20 0xb5a31468 in ?? () from /lib/i386-linux-gnu/libglib-2.0.so.0\n No symbol table info available.\n #21 0xb5a31528 in g_main_context_iteration () from /lib/i386-linux-gnu/libglib-2.0.so.0\n No symbol table info available.\n #22 0xb631886d in QEventDispatcherGlib::processEvents(QFlags&lt;QEventLoop::ProcessEventsFlag&gt;) () from /usr/lib/i386-linux-gnu/libQt5Core.so.5\n No symbol table info available.\n #23 0xb399a836 in ?? () from /usr/lib/i386-linux-gnu/qt5/plugins/platforms/libqxcb.so\n No symbol table info available.\n #24 0xb62c4206 in QEventLoop::processEvents(QFlags&lt;QEventLoop::ProcessEventsFlag&gt;) () from /usr/lib/i386-linux-gnu/libQt5Core.so.5\n No symbol table info available.\n #25 0xb62c461c in QEventLoop::exec(QFlags&lt;QEventLoop::ProcessEventsFlag&gt;) () from /usr/lib/i386-linux-gnu/libQt5Core.so.5\n No symbol table info available.\n #26 0xb62cb616 in QCoreApplication::exec() () from /usr/lib/i386-linux-gnu/libQt5Core.so.5\n No symbol table info available.\n #27 0xb65b8db4 in QGuiApplication::exec() () from /usr/lib/i386-linux-gnu/libQt5Gui.so.5\n No symbol table info available.\n #28 0xb6ab9614 in QApplication::exec() () from /usr/lib/i386-linux-gnu/libQt5Widgets.so.5\n No symbol table info available.\n #29 0x0804e9fd in ?? ()\n No symbol table info available.\n #30 0xb5dd9a83 in __libc_start_main (main=0x804e110, argc=1, argv=0xbffe6414, init=0x8067630, fini=0x80676a0, rtld_fini=0xb77be180 &lt;_dl_fini&gt;, stack_end=0xbffe640c) at libc-start.c:287\n         result = &lt;optimized out&gt;\n         unwind_buf = {cancel_jmp_buf = {{jmp_buf = {-1242128384, 0, 0, 0, -435674856, -1577343732}, mask_was_saved = 0}}, priv = {pad = {0x0, 0x0, 0x1, 0x805066e}, data = {prev = 0x0, cleanup = 0x0, canceltype = 1}}}\n         not_first_call = &lt;optimized out&gt;\n #31 0x0805068f in ?? ()\n No symbol table info available.\n $10 = -99Python Exception &lt;class 'gdb.MemoryError'&gt; Cannot access memory at address 0x3:\n .\n\n Thread 7 (Thread 0xaffe6b40 (LWP 2407)):\n #0  0xb77adcc0 in ?? ()\n No symbol table info available.\n Cannot access memory at address 0x3\nStacktraceAddressSignature: /usr/bin/checkbox-gui:11:i686:/usr/lib/i386-linux-gnu/dri/nouveau_dri.so+3c6eb7:/usr/lib/i386-linux-gnu/dri/nouveau_dri.so+3c1c42:/usr/lib/i386-linux-gnu/dri/nouveau_dri.so+3c4f8d:/usr/lib/i386-linux-gnu/dri/nouveau_dri.so+192288:/usr/lib/i386-linux-gnu/dri/nouveau_dri.so+4cbfb:/usr/lib/i386-linux-gnu/libQt5Quick.so.5.2.1+ead2d:/usr/lib/i386-linux-gnu/libQt5Quick.so.5.2.1+dfa8f:/usr/lib/i386-linux-gnu/libQt5Quick.so.5.2.1+e0148:/usr/lib/i386-linux-gnu/libQt5Quick.so.5.2.1+eb23c:/usr/lib/i386-linux-gnu/libQt5Quick.so.5.2.1+eb61d:/usr/lib/i386-linux-gnu/libQt5Quick.so.5.2.1+fa6ac:/usr/lib/i386-linux-gnu/libQt5Quick.so.5.2.1+137e49:/usr/lib/i386-linux-gnu/libQt5Quick.so.5.2.1+116aad:/usr/lib/i386-linux-gnu/libQt5Quick.so.5.2.1+11731e:/usr/lib/i386-linux-gnu/libQt5Widgets.so.5.2.1+d7e24\nStacktraceTop:\n ?? () from /usr/lib/i386-linux-gnu/dri/nouveau_dri.so\n ?? () from /usr/lib/i386-linux-gnu/dri/nouveau_dri.so\n ?? () from /usr/lib/i386-linux-gnu/dri/nouveau_dri.so\n ?? () from /usr/lib/i386-linux-gnu/dri/nouveau_dri.so\n ?? () from /usr/lib/i386-linux-gnu/dri/nouveau_dri.so\nTags:  trusty\nTitle: checkbox-gui crashed with SIGSEGV\n</code></pre>\n"},{"id":401248,"title":"Is there a way I can artificially heat up my machine to do some cooling testing?","body":"<p>So I have a case mod that I have been working on. It's a small form factor so I require a creative way to cool the system. I am in the testing stages so I am looking for the best way to crank up the heat through the system. Now by heat i mean the CPU running say a few videos and going through some extremely heavy counting program or something like that.</p>\n\n<p>Is there any program out there that creates heavy processing for a stress test such as this already? I really just need to measure how much heat this system will put off under a heavy load. Not trying to destroy the system either. Not really looking for cooling solutions and would rather focus on the program if at all possible. </p>\n\n<p>Thanks in advance!</p>\n"},{"id":110058,"title":"Overclock monitoring and stress testing tools in Ubuntu","body":"<p>I would like to know what tools are available to Ubuntu users for monitoring the overclock done in the BIOS and to stress-test the machine. Tools for the following:</p>\n\n<p>1) Tool to reliably read actual clock speeds of the CPU when they are on and off load. </p>\n\n<p>2) Tool to provide bus speeds, RAM speed, graphics core speed etc, in real time.</p>\n\n<p>3) Tool to monitor temperatures.</p>\n\n<p>4) Tool to monitor load on CPU/GPU.</p>\n\n<p>5) Tool to stress test the machine.</p>\n\n<p>Although I want to ask the question with regards to any Ubuntu user with any configuration so that it can be of use to everyone, my configuration is Intel i5 2500k + ASUS P8Z68-V LX, if you must know.</p>\n"}]}]