[{"id":521985,"title":"apt-get update says E: Sub-process returned an error code","body":"<p>I am getting this error whenever I try and run any apt-get command. Currently I am trying to run <code>sudo apt-get update</code>. I have also noticed that the <code>/var/lib/apt/lists</code> is empty.</p>\n\n<p>How can I repopulate this directory with the needed files that show the installed applications? Is there a boot repair CD I can use or something to fix this?</p>\n\n<p>I get the following error when I try to run <code>apt-get update</code>, </p>\n\n<pre><code>sudo apt-get update\n[sudo] password for preston: \nE: Sub-process returned an error code\n</code></pre>\n\n<p>I am using Ubuntu 13.10</p>\n\n<p>After running the command that @muru posted below this is the output:</p>\n\n<pre><code>$ sudo strace apt-get update\n[sudo] password for preston: \nSorry, try again.\n[sudo] password for preston: \nexecve(\"/usr/bin/apt-get\", [\"apt-get\", \"update\"], [/* 14 vars */]) = 0\nbrk(0)                                  = 0x245e000\naccess(\"/etc/ld.so.nohwcap\", F_OK)      = -1 ENOENT (No such file or directory)\nmmap(NULL, 8192, PROT_READ|PROT_WRITE, MAP_PRIVATE|MAP_ANONYMOUS, -1, 0) = 0x7f5971c90000\naccess(\"/etc/ld.so.preload\", R_OK)      = -1 ENOENT (No such file or directory)\nopen(\"/etc/ld.so.cache\", O_RDONLY|O_CLOEXEC) = 3\nfstat(3, {st_mode=S_IFREG|0644, st_size=47071, ...}) = 0\nmmap(NULL, 47071, PROT_READ, MAP_PRIVATE, 3, 0) = 0x7f5971c84000\nclose(3)                                = 0\naccess(\"/etc/ld.so.nohwcap\", F_OK)      = -1 ENOENT (No such file or directory)\nopen(\"/usr/lib/x86_64-linux-gnu/libapt-pkg.so.4.12\", O_RDONLY|O_CLOEXEC) = 3\nread(3, \"\\177ELF\\2\\1\\1\\0\\0\\0\\0\\0\\0\\0\\0\\0\\3\\0&gt;\\0\\1\\0\\0\\0\\240\\24\\3\\0\\0\\0\\0\\0\"..., 832) = 832\nfstat(3, {st_mode=S_IFREG|0644, st_size=1287048, ...}) = 0\nmmap(NULL, 3383888, PROT_READ|PROT_EXEC, MAP_PRIVATE|MAP_DENYWRITE, 3, 0) = 0x7f5971735000\nmprotect(0x7f597186a000, 2097152, PROT_NONE) = 0\nmmap(0x7f5971a6a000, 20480, PROT_READ|PROT_WRITE, MAP_PRIVATE|MAP_FIXED|MAP_DENYWRITE, 3, 0x135000) = 0x7f5971a6a000\nmmap(0x7f5971a6f000, 592, PROT_READ|PROT_WRITE, MAP_PRIVATE|MAP_FIXED|MAP_ANONYMOUS, -1, 0) = 0x7f5971a6f000\nclose(3)                                = 0\naccess(\"/etc/ld.so.nohwcap\", F_OK)      = -1 ENOENT (No such file or directory)\nopen(\"/usr/lib/x86_64-linux-gnu/libstdc++.so.6\", O_RDONLY|O_CLOEXEC) = 3\nread(3, \"\\177ELF\\2\\1\\1\\0\\0\\0\\0\\0\\0\\0\\0\\0\\3\\0&gt;\\0\\1\\0\\0\\0\\300\\265\\5\\0\\0\\0\\0\\0\"..., 832) = 832\nfstat(3, {st_mode=S_IFREG|0644, st_size=979056, ...}) = 0\nmmap(NULL, 3159072, PROT_READ|PROT_EXEC, MAP_PRIVATE|MAP_DENYWRITE, 3, 0) = 0x7f5971431000\nmprotect(0x7f5971517000, 2093056, PROT_NONE) = 0\nmmap(0x7f5971716000, 40960, PROT_READ|PROT_WRITE, MAP_PRIVATE|MAP_FIXED|MAP_DENYWRITE, 3, 0xe5000) = 0x7f5971716000\nmmap(0x7f5971720000, 82976, PROT_READ|PROT_WRITE, MAP_PRIVATE|MAP_FIXED|MAP_ANONYMOUS, -1, 0) = 0x7f5971720000\nclose(3)                                = 0\naccess(\"/etc/ld.so.nohwcap\", F_OK)      = -1 ENOENT (No such file or directory)\nopen(\"/lib/x86_64-linux-gnu/libgcc_s.so.1\", O_RDONLY|O_CLOEXEC) = 3\nread(3, \"\\177ELF\\2\\1\\1\\0\\0\\0\\0\\0\\0\\0\\0\\0\\3\\0&gt;\\0\\1\\0\\0\\0\\360*\\0\\0\\0\\0\\0\\0\"..., 832) = 832\nfstat(3, {st_mode=S_IFREG|0644, st_size=88408, ...}) = 0\nmmap(NULL, 4096, PROT_READ|PROT_WRITE, MAP_PRIVATE|MAP_ANONYMOUS, -1, 0) = 0x7f5971c83000\nmmap(NULL, 2184224, PROT_READ|PROT_EXEC, MAP_PRIVATE|MAP_DENYWRITE, 3, 0) = 0x7f597121b000\nmprotect(0x7f5971230000, 2093056, PROT_NONE) = 0\nmmap(0x7f597142f000, 8192, PROT_READ|PROT_WRITE, MAP_PRIVATE|MAP_FIXED|MAP_DENYWRITE, 3, 0x14000) = 0x7f597142f000\nclose(3)                                = 0\naccess(\"/etc/ld.so.nohwcap\", F_OK)      = -1 ENOENT (No such file or directory)\nopen(\"/lib/x86_64-linux-gnu/libc.so.6\", O_RDONLY|O_CLOEXEC) = 3\nread(3, \"\\177ELF\\2\\1\\1\\0\\0\\0\\0\\0\\0\\0\\0\\0\\3\\0&gt;\\0\\1\\0\\0\\0\\360\\36\\2\\0\\0\\0\\0\\0\"..., 832) = 832\nfstat(3, {st_mode=S_IFREG|0755, st_size=1853400, ...}) = 0\nmmap(NULL, 3961912, PROT_READ|PROT_EXEC, MAP_PRIVATE|MAP_DENYWRITE, 3, 0) = 0x7f5970e53000\nmprotect(0x7f5971010000, 2097152, PROT_NONE) = 0\nmmap(0x7f5971210000, 24576, PROT_READ|PROT_WRITE, MAP_PRIVATE|MAP_FIXED|MAP_DENYWRITE, 3, 0x1bd000) = 0x7f5971210000\nmmap(0x7f5971216000, 17464, PROT_READ|PROT_WRITE, MAP_PRIVATE|MAP_FIXED|MAP_ANONYMOUS, -1, 0) = 0x7f5971216000\nclose(3)                                = 0\naccess(\"/etc/ld.so.nohwcap\", F_OK)      = -1 ENOENT (No such file or directory)\nopen(\"/lib/x86_64-linux-gnu/libutil.so.1\", O_RDONLY|O_CLOEXEC) = 3\nread(3, \"\\177ELF\\2\\1\\1\\0\\0\\0\\0\\0\\0\\0\\0\\0\\3\\0&gt;\\0\\1\\0\\0\\0\\20\\17\\0\\0\\0\\0\\0\\0\"..., 832) = 832\nfstat(3, {st_mode=S_IFREG|0644, st_size=10680, ...}) = 0\nmmap(NULL, 2105624, PROT_READ|PROT_EXEC, MAP_PRIVATE|MAP_DENYWRITE, 3, 0) = 0x7f5970c50000\nmprotect(0x7f5970c52000, 2093056, PROT_NONE) = 0\nmmap(0x7f5970e51000, 8192, PROT_READ|PROT_WRITE, MAP_PRIVATE|MAP_FIXED|MAP_DENYWRITE, 3, 0x1000) = 0x7f5970e51000\nclose(3)                                = 0\naccess(\"/etc/ld.so.nohwcap\", F_OK)      = -1 ENOENT (No such file or directory)\nopen(\"/lib/x86_64-linux-gnu/libdl.so.2\", O_RDONLY|O_CLOEXEC) = 3\nread(3, \"\\177ELF\\2\\1\\1\\0\\0\\0\\0\\0\\0\\0\\0\\0\\3\\0&gt;\\0\\1\\0\\0\\0\\320\\16\\0\\0\\0\\0\\0\\0\"..., 832) = 832\nfstat(3, {st_mode=S_IFREG|0644, st_size=14664, ...}) = 0\nmmap(NULL, 4096, PROT_READ|PROT_WRITE, MAP_PRIVATE|MAP_ANONYMOUS, -1, 0) = 0x7f5971c82000\nmmap(NULL, 2109736, PROT_READ|PROT_EXEC, MAP_PRIVATE|MAP_DENYWRITE, 3, 0) = 0x7f5970a4c000\nmprotect(0x7f5970a4f000, 2093056, PROT_NONE) = 0\nmmap(0x7f5970c4e000, 8192, PROT_READ|PROT_WRITE, MAP_PRIVATE|MAP_FIXED|MAP_DENYWRITE, 3, 0x2000) = 0x7f5970c4e000\nclose(3)                                = 0\naccess(\"/etc/ld.so.nohwcap\", F_OK)      = -1 ENOENT (No such file or directory)\nopen(\"/lib/x86_64-linux-gnu/libz.so.1\", O_RDONLY|O_CLOEXEC) = 3\nread(3, \"\\177ELF\\2\\1\\1\\0\\0\\0\\0\\0\\0\\0\\0\\0\\3\\0&gt;\\0\\1\\0\\0\\0\\0\\36\\0\\0\\0\\0\\0\\0\"..., 832) = 832\nfstat(3, {st_mode=S_IFREG|0644, st_size=100728, ...}) = 0\nmmap(NULL, 2195784, PROT_READ|PROT_EXEC, MAP_PRIVATE|MAP_DENYWRITE, 3, 0) = 0x7f5970833000\nmprotect(0x7f597084b000, 2093056, PROT_NONE) = 0\nmmap(0x7f5970a4a000, 8192, PROT_READ|PROT_WRITE, MAP_PRIVATE|MAP_FIXED|MAP_DENYWRITE, 3, 0x17000) = 0x7f5970a4a000\nclose(3)                                = 0\naccess(\"/etc/ld.so.nohwcap\", F_OK)      = -1 ENOENT (No such file or directory)\nopen(\"/lib/x86_64-linux-gnu/libbz2.so.1.0\", O_RDONLY|O_CLOEXEC) = 3\nread(3, \"\\177ELF\\2\\1\\1\\0\\0\\0\\0\\0\\0\\0\\0\\0\\3\\0&gt;\\0\\1\\0\\0\\0\\220\\23\\0\\0\\0\\0\\0\\0\"..., 832) = 832\nfstat(3, {st_mode=S_IFREG|0644, st_size=66600, ...}) = 0\nmmap(NULL, 2161864, PROT_READ|PROT_EXEC, MAP_PRIVATE|MAP_DENYWRITE, 3, 0) = 0x7f5970623000\nmprotect(0x7f5970632000, 2093056, PROT_NONE) = 0\nmmap(0x7f5970831000, 8192, PROT_READ|PROT_WRITE, MAP_PRIVATE|MAP_FIXED|MAP_DENYWRITE, 3, 0xe000) = 0x7f5970831000\nclose(3)                                = 0\naccess(\"/etc/ld.so.nohwcap\", F_OK)      = -1 ENOENT (No such file or directory)\nopen(\"/lib/x86_64-linux-gnu/libm.so.6\", O_RDONLY|O_CLOEXEC) = 3\nread(3, \"\\177ELF\\2\\1\\1\\0\\0\\0\\0\\0\\0\\0\\0\\0\\3\\0&gt;\\0\\1\\0\\0\\0\\0T\\0\\0\\0\\0\\0\\0\"..., 832) = 832\nfstat(3, {st_mode=S_IFREG|0644, st_size=1063328, ...}) = 0\nmmap(NULL, 4096, PROT_READ|PROT_WRITE, MAP_PRIVATE|MAP_ANONYMOUS, -1, 0) = 0x7f5971c81000\nmmap(NULL, 3158344, PROT_READ|PROT_EXEC, MAP_PRIVATE|MAP_DENYWRITE, 3, 0) = 0x7f597031f000\nmprotect(0x7f5970422000, 2093056, PROT_NONE) = 0\nmmap(0x7f5970621000, 8192, PROT_READ|PROT_WRITE, MAP_PRIVATE|MAP_FIXED|MAP_DENYWRITE, 3, 0x102000) = 0x7f5970621000\nclose(3)                                = 0\nmmap(NULL, 4096, PROT_READ|PROT_WRITE, MAP_PRIVATE|MAP_ANONYMOUS, -1, 0) = 0x7f5971c80000\nmmap(NULL, 8192, PROT_READ|PROT_WRITE, MAP_PRIVATE|MAP_ANONYMOUS, -1, 0) = 0x7f5971c7e000\narch_prctl(ARCH_SET_FS, 0x7f5971c7e740) = 0\nmprotect(0x7f5971210000, 16384, PROT_READ) = 0\nmprotect(0x7f5970621000, 4096, PROT_READ) = 0\nmprotect(0x7f5970831000, 4096, PROT_READ) = 0\nmprotect(0x7f5970a4a000, 4096, PROT_READ) = 0\nmprotect(0x7f5970c4e000, 4096, PROT_READ) = 0\nmprotect(0x7f5970e51000, 4096, PROT_READ) = 0\nmprotect(0x7f597142f000, 4096, PROT_READ) = 0\nmmap(NULL, 4096, PROT_READ|PROT_WRITE, MAP_PRIVATE|MAP_ANONYMOUS, -1, 0) = 0x7f5971c7d000\nmprotect(0x7f5971716000, 32768, PROT_READ) = 0\nmprotect(0x7f5971a6a000, 16384, PROT_READ) = 0\nmprotect(0x632000, 4096, PROT_READ)     = 0\nmprotect(0x7f5971c92000, 4096, PROT_READ) = 0\nmunmap(0x7f5971c84000, 47071)           = 0\nbrk(0)                                  = 0x245e000\nbrk(0x247f000)                          = 0x247f000\nopen(\"/dev/null\", O_WRONLY|O_CREAT|O_TRUNC, 0666) = 3\nopen(\"/usr/lib/locale/locale-archive\", O_RDONLY|O_CLOEXEC) = 4\nfstat(4, {st_mode=S_IFREG|0644, st_size=1607664, ...}) = 0\nmmap(NULL, 1607664, PROT_READ, MAP_PRIVATE, 4, 0) = 0x7f5971af4000\nclose(4)                                = 0\nstat(\"/var/lib/apt/.\", {st_mode=S_IFDIR|0755, st_size=4096, ...}) = 0\nstat(\"/etc/apt/apt.conf.d/\", {st_mode=S_IFDIR|0755, st_size=4096, ...}) = 0\nstat(\"/etc/apt/apt.conf.d/\", {st_mode=S_IFDIR|0755, st_size=4096, ...}) = 0\nopen(\"/usr/lib/x86_64-linux-gnu/gconv/gconv-modules.cache\", O_RDONLY) = 4\nfstat(4, {st_mode=S_IFREG|0644, st_size=26258, ...}) = 0\nmmap(NULL, 26258, PROT_READ, MAP_SHARED, 4, 0) = 0x7f5971c89000\nclose(4)                                = 0\nopenat(AT_FDCWD, \"/etc/apt/apt.conf.d/\", O_RDONLY|O_NONBLOCK|O_DIRECTORY|O_CLOEXEC) = 4\ngetdents(4, /* 17 entries */, 32768)    = 592\ngetdents(4, /* 0 entries */, 32768)     = 0\nclose(4)                                = 0\nopen(\"/etc/apt/apt.conf.d/00CDMountPoint\", O_RDONLY) = 4\nread(4, \"Acquire::cdrom {\\n  mount \\\"/media\"..., 8191) = 82\nread(4, \"\", 8191)                       = 0\nclose(4)                                = 0\nopen(\"/etc/apt/apt.conf.d/00aptitude\", O_RDONLY) = 4\nread(4, \"Aptitude::Get-Root-Command \\\"sudo\"..., 8191) = 49\nread(4, \"\", 8191)                       = 0\nclose(4)                                = 0\nopen(\"/etc/apt/apt.conf.d/00trustcdrom\", O_RDONLY) = 4\nread(4, \"APT::Authentication::TrustCDROM \"..., 8191) = 40\nread(4, \"\", 8191)                       = 0\nclose(4)                                = 0\nopen(\"/etc/apt/apt.conf.d/01autoremove\", O_RDONLY) = 4\nread(4, \"APT\\n{\\n  NeverAutoRemove\\n  {\\n\\t\\\"^f\"..., 8191) = 350\nread(4, \"\", 8191)                       = 0\nclose(4)                                = 0\nopen(\"/etc/apt/apt.conf.d/01autoremove-kernels\", O_RDONLY) = 4\nread(4, \"// File autogenerated by /etc/ke\"..., 8191) = 642\nread(4, \"\", 8191)                       = 0\nclose(4)                                = 0\nopen(\"/etc/apt/apt.conf.d/05aptitude\", O_RDONLY) = 4\nread(4, \"aptitude::Keep-Unused-Pattern \\\"^\"..., 8191) = 157\nread(4, \"\", 8191)                       = 0\nclose(4)                                = 0\nopen(\"/etc/apt/apt.conf.d/10periodic\", O_RDONLY) = 4\nread(4, \"APT::Periodic::Update-Package-Li\"..., 8191) = 129\nread(4, \"\", 8191)                       = 0\nclose(4)                                = 0\nopen(\"/etc/apt/apt.conf.d/15update-stamp\", O_RDONLY) = 4\nread(4, \"APT::Update::Post-Invoke-Success\"..., 8191) = 108\nread(4, \"\", 8191)                       = 0\nclose(4)                                = 0\nopen(\"/etc/apt/apt.conf.d/20apt-show-versions\", O_RDONLY) = 4\nread(4, \"// When Apt's cache is updated (\"..., 8191) = 164\nread(4, \"\", 8191)                       = 0\nclose(4)                                = 0\nopen(\"/etc/apt/apt.conf.d/20archive\", O_RDONLY) = 4\nread(4, \"APT::Archives::MaxAge \\\"30\\\";\\nAPT:\"..., 8191) = 85\nread(4, \"\", 8191)                       = 0\nclose(4)                                = 0\nopen(\"/etc/apt/apt.conf.d/20auto-upgrades\", O_RDONLY) = 4\nread(4, \"APT::Periodic::Update-Package-Li\"..., 8191) = 80\nread(4, \"\", 8191)                       = 0\nclose(4)                                = 0\nopen(\"/etc/apt/apt.conf.d/20changelog\", O_RDONLY) = 4\nread(4, \"// Server information for apt-ch\"..., 8191) = 123\nread(4, \"\", 8191)                       = 0\nclose(4)                                = 0\nopen(\"/etc/apt/apt.conf.d/50unattended-upgrades\", O_RDONLY) = 4\nread(4, \"// Automatically upgrade package\"..., 8191) = 2138\nread(4, \"\", 8191)                       = 0\nclose(4)                                = 0\nopen(\"/etc/apt/apt.conf.d/70debconf\", O_RDONLY) = 4\nread(4, \"// Pre-configure all packages wi\"..., 8191) = 182\nread(4, \"\", 8191)                       = 0\nclose(4)                                = 0\nopen(\"/etc/apt/apt.conf.d/99update-notifier\", O_RDONLY) = 4\nread(4, \"DPkg::Post-Invoke {\\\"if [ -d /var\"..., 8191) = 231\nread(4, \"\", 8191)                       = 0\nclose(4)                                = 0\nstat(\"/etc/apt/apt.conf\", 0x7fff8619bb50) = -1 ENOENT (No such file or directory)\nstat(\"/var/lib/dpkg/status\", {st_mode=S_IFREG|0644, st_size=1252691, ...}) = 0\nstat(\"/usr/bin/dpkg\", {st_mode=S_IFREG|0755, st_size=257632, ...}) = 0\nstat(\"/etc/debian_version\", {st_mode=S_IFREG|0644, st_size=11, ...}) = 0\nstat(\"\", 0x7fff8619bbd0)                = -1 ENOENT (No such file or directory)\ngetuid()                                = 0\nioctl(1, SNDCTL_TMR_TIMEBASE or SNDRV_TIMER_IOCTL_NEXT_DEVICE or TCGETS, {B38400 opost isig icanon echo ...}) = 0\nrt_sigaction(SIGPIPE, {SIG_IGN, [PIPE], SA_RESTORER|SA_RESTART, 0x7f5970e89ff0}, {SIG_DFL, [], 0}, 8) = 0\nrt_sigaction(SIGWINCH, {0x409fd0, [WINCH], SA_RESTORER|SA_RESTART, 0x7f5970e89ff0}, {SIG_DFL, [], 0}, 8) = 0\nioctl(1, TIOCGWINSZ, {ws_row=54, ws_col=211, ws_xpixel=0, ws_ypixel=0}) = 0\nstat(\"/etc/apt/sources.list\", 0x7fff8619b570) = -1 ENOENT (No such file or directory)\nstat(\"/etc/apt/sources.list.d/\", {st_mode=S_IFDIR|0755, st_size=4096, ...}) = 0\nstat(\"/etc/apt/sources.list.d/\", {st_mode=S_IFDIR|0755, st_size=4096, ...}) = 0\nstat(\"/etc/apt/sources.list.d/\", {st_mode=S_IFDIR|0755, st_size=4096, ...}) = 0\nopenat(AT_FDCWD, \"/etc/apt/sources.list.d/\", O_RDONLY|O_NONBLOCK|O_DIRECTORY|O_CLOEXEC) = 4\ngetdents(4, /* 2 entries */, 32768)     = 48\ngetdents(4, /* 0 entries */, 32768)     = 0\nclose(4)                                = 0\nstat(\"/var/lib/apt/lists/partial/\", {st_mode=S_IFDIR|0755, st_size=4096, ...}) = 0\nstat(\"/var/cache/apt/archives/partial/\", {st_mode=S_IFDIR|0755, st_size=4096, ...}) = 0\nopen(\"/var/lib/apt/lists/lock\", O_RDWR|O_CREAT|O_NOFOLLOW, 0640) = 4\nfcntl(4, F_SETFD, FD_CLOEXEC)           = 0\nfcntl(4, F_SETLK, {type=F_WRLCK, whence=SEEK_SET, start=0, len=0}) = 0\nfstat(1, {st_mode=S_IFCHR|0620, st_rdev=makedev(136, 0), ...}) = 0\nmmap(NULL, 4096, PROT_READ|PROT_WRITE, MAP_PRIVATE|MAP_ANONYMOUS, -1, 0) = 0x7f5971c88000\n)                     = 2\nstat(\"/var/lib/apt/lists/\", {st_mode=S_IFDIR|0755, st_size=12288, ...}) = 0\nopenat(AT_FDCWD, \"/var/lib/apt/lists/\", O_RDONLY|O_NONBLOCK|O_DIRECTORY|O_CLOEXEC) = 5\ngetcwd(\"/home/preston\", 298)            = 14\nchdir(\"/var/lib/apt/lists/\")            = 0\ngetdents(5, /* 4 entries */, 32768)     = 104\ngetdents(5, /* 0 entries */, 32768)     = 0\nclose(5)                                = 0\nchdir(\"/home/preston/\")                 = 0\nstat(\"/var/lib/apt/lists/partial/\", {st_mode=S_IFDIR|0755, st_size=4096, ...}) = 0\nopenat(AT_FDCWD, \"/var/lib/apt/lists/partial/\", O_RDONLY|O_NONBLOCK|O_DIRECTORY|O_CLOEXEC) = 5\ngetcwd(\"/home/preston\", 298)            = 14\nchdir(\"/var/lib/apt/lists/partial/\")    = 0\ngetdents(5, /* 2 entries */, 32768)     = 48\ngetdents(5, /* 0 entries */, 32768)     = 0\nclose(5)                                = 0\nchdir(\"/home/preston/\")                 = 0\nclone(child_stack=0, flags=CLONE_CHILD_CLEARTID|CLONE_CHILD_SETTID|SIGCHLD, child_tidptr=0x7f5971c7ea10) = 11800\nwait4(11800, [{WIFEXITED(s) &amp;&amp; WEXITSTATUS(s) == 100}], 0, NULL) = 11800\n--- SIGCHLD {si_signo=SIGCHLD, si_code=CLD_EXITED, si_pid=11800, si_status=100, si_utime=0, si_stime=0} ---\nrt_sigaction(SIGQUIT, {SIG_DFL, [QUIT], SA_RESTORER|SA_RESTART, 0x7f5970e89ff0}, {SIG_DFL, [], 0}, 8) = 0\nrt_sigaction(SIGINT, {SIG_DFL, [INT], SA_RESTORER|SA_RESTART, 0x7f5970e89ff0}, {SIG_DFL, [], 0}, 8) = 0\nclose(4)                                = 0\nstat(\"/var/cache/apt/pkgcache.bin\", 0x7fff8619b510) = -1 ENOENT (No such file or directory)\nstat(\"/var/cache/apt/srcpkgcache.bin\", 0x7fff8619b510) = -1 ENOENT (No such file or directory)\nstat(\"/var/cache/apt/\", {st_mode=S_IFDIR|0755, st_size=4096, ...}) = 0\nstat(\"/var/cache/apt/\", {st_mode=S_IFDIR|0755, st_size=4096, ...}) = 0\nopenat(AT_FDCWD, \"/var/cache/apt/\", O_RDONLY|O_NONBLOCK|O_DIRECTORY|O_CLOEXEC) = 4\ngetdents(4, /* 3 entries */, 32768)     = 80\nstat(\"/var/cache/apt/archives\", {st_mode=S_IFDIR|0755, st_size=69632, ...}) = 0\ngetdents(4, /* 0 entries */, 32768)     = 0\nclose(4)                                = 0\nstat(\"/var/cache/apt/\", {st_mode=S_IFDIR|0755, st_size=4096, ...}) = 0\nstat(\"/var/cache/apt/\", {st_mode=S_IFDIR|0755, st_size=4096, ...}) = 0\nopenat(AT_FDCWD, \"/var/cache/apt/\", O_RDONLY|O_NONBLOCK|O_DIRECTORY|O_CLOEXEC) = 4\ngetdents(4, /* 3 entries */, 32768)     = 80\nstat(\"/var/cache/apt/archives\", {st_mode=S_IFDIR|0755, st_size=69632, ...}) = 0\ngetdents(4, /* 0 entries */, 32768)     = 0\nclose(4)                                = 0\nopen(\"/var/lib/dpkg/lock\", O_RDWR|O_CREAT|O_NOFOLLOW, 0640) = 4\nfcntl(4, F_SETFD, FD_CLOEXEC)           = 0\nfcntl(4, F_SETLK, {type=F_WRLCK, whence=SEEK_SET, start=0, len=0}) = 0\nopenat(AT_FDCWD, \"/var/lib/dpkg/updates/\", O_RDONLY|O_NONBLOCK|O_DIRECTORY|O_CLOEXEC) = 5\ngetdents(5, /* 2 entries */, 32768)     = 48\ngetdents(5, /* 0 entries */, 32768)     = 0\nclose(5)                                = 0\nclose(4)                                = 0\nwrite(2, \"E\", 1E)                        = 1\nwrite(2, \": \", 2: )                       = 2\nwrite(2, \"Sub-process returned an error co\"..., 34Sub-process returned an error code) = 34\nwrite(2, \"\\n\", 1\n)                       = 1\nclose(3)                                = 0\nexit_group(100)                         = ?\n+++ exited with 100 +++\n</code></pre>\n","related_questions":[{"id":704380,"title":"&quot;E: Sub-process /usr/bin/dpkg returned an error code (1)&quot; when running apt-get to install or remove software","body":"<p>I am getting this error during installation and uninstallation via <code>apt-get</code>:</p>\n\n<pre><code>$ sudo apt-get purge openjdk-8-jre\nReading package lists... Done\nBuilding dependency tree       \nReading state information... Done\nThe following packages were automatically installed and are no longer required:\n  icedtea-netx-common libice-dev libpthread-stubs0-dev libsm-dev libx11-dev\n  libx11-doc libxau-dev libxcb1-dev libxdmcp-dev libxt-dev x11proto-core-dev\n  x11proto-input-dev x11proto-kb-dev xorg-sgml-doctools xtrans-dev\nUse 'apt-get autoremove' to remove them.\nThe following packages will be REMOVED:\n  openjdk-8-jdk* openjdk-8-jre*\n0 upgraded, 0 newly installed, 2 to remove and 3 not upgraded.\n1 not fully installed or removed.\nAfter this operation, 39.9 MB disk space will be freed.\nDo you want to continue? [Y/n] y\n(Reading database ... 218274 files and directories currently installed.)\nRemoving openjdk-8-jdk:amd64 (8u66-b17-1) ...\nRemoving openjdk-8-jre:amd64 (8u66-b17-1) ...\nupdate-alternatives: using /usr/lib/jvm/java-6-openjdk-amd64/jre/bin/policytool to provide /usr/bin/policytool (policytool) in auto mode\nPurging configuration files for openjdk-8-jre:amd64 (8u66-b17-1) ...\nProcessing triggers for gnome-menus (3.13.3-6ubuntu1) ...\nProcessing triggers for desktop-file-utils (0.22-1ubuntu3) ...\nProcessing triggers for bamfdaemon (0.5.2~bzr0+15.10.20150627.1-0ubuntu1) ...\nRebuilding /usr/share/applications/bamf-2.index...\nProcessing triggers for mime-support (3.58ubuntu1) ...\nProcessing triggers for libc-bin (2.21-0ubuntu4) ...\nSetting up jre1.8.0-66 (1.8.066-fcs-1) ...\nUnpacking JAR files...\n    plugin.jar...\nError: Could not open input file: /usr/java/jre1.8.0_66/lib/plugin.pack\n    javaws.jar...\nError: Could not open input file: /usr/java/jre1.8.0_66/lib/javaws.pack\n    deploy.jar...\nError: Could not open input file: /usr/java/jre1.8.0_66/lib/deploy.pack\n    rt.jar...\nError: Could not open input file: /usr/java/jre1.8.0_66/lib/rt.pack\n    jsse.jar...\nError: Could not open input file: /usr/java/jre1.8.0_66/lib/jsse.pack\n    charsets.jar...\nError: Could not open input file: /usr/java/jre1.8.0_66/lib/charsets.pack\n    localedata.jar...\nError: Could not open input file: /usr/java/jre1.8.0_66/lib/ext/localedata.pack\n    jfxrt.jar...\nError: Could not open input file: /usr/java/jre1.8.0_66/lib/ext/jfxrt.pack\n/var/lib/dpkg/info/jre1.8.0-66.postinst: line 641: /usr/sbin/alternatives: No such file or directory\ndpkg: error processing package jre1.8.0-66 (--configure):\n subprocess installed post-installation script returned error exit status 127\nErrors were encountered while processing:\n jre1.8.0-66\nE: Sub-process /usr/bin/dpkg returned an error code (1)\n</code></pre>\n\n<p>After following your instruction i got these:\n<a href=\"http://paste.ubuntu.com/13601557/\" rel=\"nofollow\">http://paste.ubuntu.com/13601557/</a></p>\n"},{"id":682564,"title":"E: Sub-process /usr/bin/dpkg returned an error code (1)","body":"<p><strong>EDIT:</strong> <em>I have appended the output of <code>cat /etc/default/grub</code> to the question below</em></p>\n\n<p><em>This was in fact the key to solving the issue. I think it's worth noting that not having quotes around the OS assigned to GRUB_DEFAULT in /etc/default/grub didn't actually present a problem for quite some time after I had set it(months). This may be because GRUB_DEFAULT was initially set from another linux in my dual boot setup.</em></p>\n\n<p>I have looked at other questions regarding this error, but haven't found one that helps me, so far.</p>\n\n<p>I am getting the below error when I do:</p>\n\n<pre><code>sudo apt-get upgrade\n</code></pre>\n\n<p>or a <code>dist-upgrade</code></p>\n\n<p>I have tried purging the packages mentioned in the error(as per answers to other questions with the same error)</p>\n\n<pre><code>linux-image-extra-3.19.0-25-generic\nlinux-image-3.19.0-25-generic\n</code></pre>\n\n<p>with</p>\n\n<pre><code>sudo apt-get remove --purge &lt;the packages&gt;\n</code></pre>\n\n<p>and </p>\n\n<pre><code>sudo dpkg --purge &lt;the packages&gt;\n</code></pre>\n\n<p>But in both instances, I get basically the same error output as below. Can anyone help me resolve this?</p>\n\n<p><strong>Error:</strong></p>\n\n<pre><code>yerman@DeepThought:~$ sudo apt-get upgrade\nReading package lists... Done\nBuilding dependency tree       \nReading state information... Done\nCalculating upgrade... Done\nThe following packages will be REMOVED\n  linux-image-3.19.0-25-generic linux-image-extra-3.19.0-25-generic\n0 to upgrade, 0 to newly install, 2 to remove and 0 not to upgrade.\n5 not fully installed or removed.\nAfter this operation, 209 MB disk space will be freed.\nDo you want to continue? [Y/n] y\n(Reading database ... 529837 files and directories currently installed.)\nRemoving linux-image-extra-3.19.0-25-generic (3.19.0-25.26) ...\ndepmod: FATAL: could not load /boot/System.map-3.19.0-25-generic: No such file or directory\nrun-parts: executing /etc/kernel/postinst.d/apt-auto-removal 3.19.0-25-generic /boot/vmlinuz-3.19.0-25-generic\nrun-parts: executing /etc/kernel/postinst.d/initramfs-tools 3.19.0-25-generic /boot/vmlinuz-3.19.0-25-generic\nupdate-initramfs: Generating /boot/initrd.img-3.19.0-25-generic\ngrep: /boot/config-3.19.0-25-generic: No such file or directory\ndepmod: WARNING: could not open /tmp/mkinitramfs_6wsANd/lib/modules/3.19.0-25-generic/modules.order: No such file or directory\ndepmod: WARNING: could not open /tmp/mkinitramfs_6wsANd/lib/modules/3.19.0-25-generic/modules.builtin: No such file or directory\nrun-parts: executing /etc/kernel/postinst.d/pm-utils 3.19.0-25-generic /boot/vmlinuz-3.19.0-25-generic\nrun-parts: executing /etc/kernel/postinst.d/unattended-upgrades 3.19.0-25-generic /boot/vmlinuz-3.19.0-25-generic\nrun-parts: executing /etc/kernel/postinst.d/update-notifier 3.19.0-25-generic /boot/vmlinuz-3.19.0-25-generic\nrun-parts: executing /etc/kernel/postinst.d/zz-update-grub 3.19.0-25-generic /boot/vmlinuz-3.19.0-25-generic\n/usr/sbin/grub-mkconfig: 6: /etc/default/grub: Syntax error: \"(\" unexpected\nrun-parts: /etc/kernel/postinst.d/zz-update-grub exited with return code 2\ndpkg: error processing package linux-image-extra-3.19.0-25-generic (--remove):\n subprocess installed post-removal script returned error exit status 1\nRemoving linux-image-3.19.0-25-generic (3.19.0-25.26) ...\nExamining /etc/kernel/postrm.d .\nrun-parts: executing /etc/kernel/postrm.d/initramfs-tools 3.19.0-25-generic /boot/vmlinuz-3.19.0-25-generic\nupdate-initramfs: Deleting /boot/initrd.img-3.19.0-25-generic\nrun-parts: executing /etc/kernel/postrm.d/zz-update-grub 3.19.0-25-generic /boot/vmlinuz-3.19.0-25-generic\n/usr/sbin/grub-mkconfig: 6: /etc/default/grub: Syntax error: \"(\" unexpected\nrun-parts: /etc/kernel/postrm.d/zz-update-grub exited with return code 2\nFailed to process /etc/kernel/postrm.d at /var/lib/dpkg/info/linux-image-3.19.0-25-generic.postrm line 328.\ndpkg: error processing package linux-image-3.19.0-25-generic (--remove):\n subprocess installed post-removal script returned error exit status 1\nErrors were encountered while processing:\n linux-image-extra-3.19.0-25-generic\n linux-image-3.19.0-25-generic\nE: Sub-process /usr/bin/dpkg returned an error code (1)\n</code></pre>\n\n<p><strong>Output of cat /etc/default/grub</strong></p>\n\n<pre><code># If you change this file, run 'update-grub' afterwards to update\n# /boot/grub/grub.cfg.\n# For full documentation of the options in this file, see:\n#   info -f grub -n 'Simple configuration'\n\nGRUB_DEFAULT=Windows 7 (loader) (on /dev/sda2)\n#GRUB_HIDDEN_TIMEOUT=0\nGRUB_HIDDEN_TIMEOUT_QUIET=true\nGRUB_TIMEOUT=30\nGRUB_DISTRIBUTOR=`lsb_release -i -s 2&gt; /dev/null || echo Debian`\nGRUB_CMDLINE_LINUX_DEFAULT=\"acpi=noirq acpi=force apm=power_off\"\nGRUB_CMDLINE_LINUX=\"\"\n\n# Uncomment to enable BadRAM filtering, modify to suit your needs\n# This works with Linux (no patch required) and with any kernel that obtains\n# the memory map information from GRUB (GNU Mach, kernel of FreeBSD ...)\n#GRUB_BADRAM=\"0x01234567,0xfefefefe,0x89abcdef,0xefefefef\"\n\n# Uncomment to disable graphical terminal (grub-pc only)\n#GRUB_TERMINAL=console\n\n# The resolution used on graphical terminal\n# note that you can use only modes which your graphic card supports via VBE\n# you can see them in real GRUB with the command `vbeinfo'\n#GRUB_GFXMODE=640x480\n\n# Uncomment if you don't want GRUB to pass \"root=UUID=xxx\" parameter to Linux\n#GRUB_DISABLE_LINUX_UUID=true\n\n# Uncomment to disable generation of recovery mode menu entries\n#GRUB_DISABLE_RECOVERY=\"true\"\n\n# Uncomment to get a beep at grub start\n#GRUB_INIT_TUNE=\"480 440 1\"\n</code></pre>\n"},{"id":646553,"title":"Ubuntu 15.04 Linux 4.0 Python error while updating, Sub-process /usr/bin/dpkg returned an error code (1)","body":"<p>While running autoremove command or update or even for any install commands I'm getting following error.</p>\n\n<blockquote>\n  <p>My System is Ubuntu 15.04 Upgraded from 14.04 and Linux kernel is 4.00 upgraded from 3.19. And I have installed python 3.4.3 and I'm able to use python3 by <code>python</code> command.</p>\n</blockquote>\n\n<p>Please help me as its completely in bad state. TIA  </p>\n\n<pre><code>vivek@Wisdom:~$ sudo apt-get autoremove\nReading package lists... Done\nBuilding dependency tree       \nReading state information... Done\nThe following packages will be REMOVED:\n  linux-image-3.19.0-16-generic linux-image-extra-3.19.0-16-generic\n0 upgraded, 0 newly installed, 2 to remove and 55 not upgraded.\n13 not fully installed or removed.\nNeed to get 0 B/89.4 kB of archives.\nAfter this operation, 208 MB disk space will be freed.\nDo you want to continue? [Y/n] y\n(Reading database ... 391390 files and directories currently installed.)\nRemoving linux-image-extra-3.19.0-16-generic (3.19.0-16.16) ...\nrun-parts: executing /etc/kernel/postinst.d/apt-auto-removal 3.19.0-16-generic /boot/vmlinuz-3.19.0-16-generic\nrun-parts: executing /etc/kernel/postinst.d/dkms 3.19.0-16-generic /boot/vmlinuz-3.19.0-16-generic\n\nrun-parts: executing /etc/kernel/postinst.d/initramfs-tools 3.19.0-16-generic /boot/vmlinuz-3.19.0-16-generic\nupdate-initramfs: Generating /boot/initrd.img-3.19.0-16-generic\nrun-parts: executing /etc/kernel/postinst.d/pm-utils 3.19.0-16-generic /boot/vmlinuz-3.19.0-16-generic\nrun-parts: executing /etc/kernel/postinst.d/unattended-upgrades 3.19.0-16-generic /boot/vmlinuz-3.19.0-16-generic\nrun-parts: executing /etc/kernel/postinst.d/update-notifier 3.19.0-16-generic /boot/vmlinuz-3.19.0-16-generic\nrun-parts: executing /etc/kernel/postinst.d/zz-update-grub 3.19.0-16-generic /boot/vmlinuz-3.19.0-16-generic\nGenerating grub configuration file ...\nWarning: Setting GRUB_TIMEOUT to a non-zero value when GRUB_HIDDEN_TIMEOUT is set is no longer supported.\nFound linux image: /boot/vmlinuz-4.0.0-040000-generic\nFound initrd image: /boot/initrd.img-4.0.0-040000-generic\nFound linux image: /boot/vmlinuz-3.19.0-21-generic\nFound initrd image: /boot/initrd.img-3.19.0-21-generic\nFound linux image: /boot/vmlinuz-3.19.0-20-generic\nFound initrd image: /boot/initrd.img-3.19.0-20-generic\nFound linux image: /boot/vmlinuz-3.19.0-18-generic\nFound initrd image: /boot/initrd.img-3.19.0-18-generic\nFound linux image: /boot/vmlinuz-3.19.0-16-generic\nFound initrd image: /boot/initrd.img-3.19.0-16-generic\nAdding boot menu entry for EFI firmware configuration\ndone\nRemoving linux-image-3.19.0-16-generic (3.19.0-16.16) ...\nExamining /etc/kernel/prerm.d.\nrun-parts: executing /etc/kernel/prerm.d/dkms 3.19.0-16-generic /boot/vmlinuz-3.19.0-16-generic\ndkms: removing: open-vm-tools 9.4.6 (3.19.0-16-generic) (x86_64)\n\n-------- Uninstall Beginning --------\nModule:  open-vm-tools\nVersion: 9.4.6\nKernel:  3.19.0-16-generic (x86_64)\n-------------------------------------\n\nStatus: Before uninstall, this module version was ACTIVE on this kernel.\n\nvmhgfs.ko:\n - Uninstallation\n   - Deleting from: /lib/modules/3.19.0-16-generic/updates/dkms/\n - Original module\n   - No original module was found for this module on this kernel.\n   - Use the dkms install command to reinstall any previous module version.\n\n\nvmxnet.ko:\n - Uninstallation\n   - Deleting from: /lib/modules/3.19.0-16-generic/updates/dkms/\n - Original module\n   - No original module was found for this module on this kernel.\n   - Use the dkms install command to reinstall any previous module version.\n\ndepmod....\n\nDKMS: uninstall completed.\ndkms: removing: vboxhost 4.3.28 (3.19.0-16-generic) (x86_64)\n\n-------- Uninstall Beginning --------\nModule:  vboxhost\nVersion: 4.3.28\nKernel:  3.19.0-16-generic (x86_64)\n-------------------------------------\n\nStatus: Before uninstall, this module version was ACTIVE on this kernel.\n\nvboxdrv.ko:\n - Uninstallation\n   - Deleting from: /lib/modules/3.19.0-16-generic/updates/dkms/\n - Original module\n   - No original module was found for this module on this kernel.\n   - Use the dkms install command to reinstall any previous module version.\n\n\nvboxnetflt.ko:\n - Uninstallation\n   - Deleting from: /lib/modules/3.19.0-16-generic/updates/dkms/\n - Original module\n   - No original module was found for this module on this kernel.\n   - Use the dkms install command to reinstall any previous module version.\n\n\nvboxnetadp.ko:\n - Uninstallation\n   - Deleting from: /lib/modules/3.19.0-16-generic/updates/dkms/\n - Original module\n   - No original module was found for this module on this kernel.\n   - Use the dkms install command to reinstall any previous module version.\n\n\nvboxpci.ko:\n - Uninstallation\n   - Deleting from: /lib/modules/3.19.0-16-generic/updates/dkms/\n - Original module\n   - No original module was found for this module on this kernel.\n   - Use the dkms install command to reinstall any previous module version.\n\ndepmod....\n\nDKMS: uninstall completed.\nExamining /etc/kernel/postrm.d .\nrun-parts: executing /etc/kernel/postrm.d/initramfs-tools 3.19.0-16-generic /boot/vmlinuz-3.19.0-16-generic\nupdate-initramfs: Deleting /boot/initrd.img-3.19.0-16-generic\nrun-parts: executing /etc/kernel/postrm.d/zz-update-grub 3.19.0-16-generic /boot/vmlinuz-3.19.0-16-generic\nGenerating grub configuration file ...\nWarning: Setting GRUB_TIMEOUT to a non-zero value when GRUB_HIDDEN_TIMEOUT is set is no longer supported.\nFound linux image: /boot/vmlinuz-4.0.0-040000-generic\nFound initrd image: /boot/initrd.img-4.0.0-040000-generic\nFound linux image: /boot/vmlinuz-3.19.0-21-generic\nFound initrd image: /boot/initrd.img-3.19.0-21-generic\nFound linux image: /boot/vmlinuz-3.19.0-20-generic\nFound initrd image: /boot/initrd.img-3.19.0-20-generic\nFound linux image: /boot/vmlinuz-3.19.0-18-generic\nFound initrd image: /boot/initrd.img-3.19.0-18-generic\nAdding boot menu entry for EFI firmware configuration\ndone\nSetting up python-appindicator (12.10.1+15.04.20141110-0ubuntu1) ...\nTraceback (most recent call last):\n  File \"/usr/bin/pycompile\", line 35, in &lt;module&gt;\n    from debpython.version import SUPPORTED, debsorted, vrepr, \\\n  File \"/usr/share/python/debpython/version.py\", line 24, in &lt;module&gt;\n    from ConfigParser import SafeConfigParser\nImportError: No module named 'ConfigParser'\ndpkg: error processing package python-appindicator (--configure):\n subprocess installed post-installation script returned error exit status 1\nSetting up python-keyring (4.0-1ubuntu1) ...\nTraceback (most recent call last):\n  File \"/usr/bin/pycompile\", line 35, in &lt;module&gt;\n    from debpython.version import SUPPORTED, debsorted, vrepr, \\\n  File \"/usr/share/python/debpython/version.py\", line 24, in &lt;module&gt;\n    from ConfigParser import SafeConfigParser\nImportError: No module named 'ConfigParser'\ndpkg: error processing package python-keyring (--configure):\n subprocess installed post-installation script returned error exit status 1\nSetting up python-lazr.uri (1.0.3-2) ...\nTraceback (most recent call last):\n  File \"/usr/bin/pycompile\", line 35, in &lt;module&gt;\n    from debpython.version import SUPPORTED, debsorted, vrepr, \\\n  File \"/usr/share/python/debpython/version.py\", line 24, in &lt;module&gt;\n    from ConfigParser import SafeConfigParser\nImportError: No module named 'ConfigParser'\ndpkg: error processing package python-lazr.uri (--configure):\n subprocess installed post-installation script returned error exit status 1\nSetting up python-simplejson (3.6.5-1ubuntu1) ...\nTraceback (most recent call last):\n  File \"/usr/bin/pycompile\", line 35, in &lt;module&gt;\n    from debpython.version import SUPPORTED, debsorted, vrepr, \\\n  File \"/usr/share/python/debpython/version.py\", line 24, in &lt;module&gt;\n    from ConfigParser import SafeConfigParser\nImportError: No module named 'ConfigParser'\ndpkg: error processing package python-simplejson (--configure):\n subprocess installed post-installation script returned error exit status 1\nNo apport report written because MaxReports is reached already\n                                                              dpkg: dependency problems prevent configuration of python-wadllib:\n python-wadllib depends on python-lazr.uri; however:\n  Package python-lazr.uri is not configured yet.\n\ndpkg: error processing package python-wadllib (--configure):\n dependency problems - leaving unconfigured\nNo apport report written because MaxReports is reached already\n                                                              Setting up python-oauth (1.0.1-4) ...\nTraceback (most recent call last):\n  File \"/usr/bin/pycompile\", line 35, in &lt;module&gt;\n    from debpython.version import SUPPORTED, debsorted, vrepr, \\\n  File \"/usr/share/python/debpython/version.py\", line 24, in &lt;module&gt;\n    from ConfigParser import SafeConfigParser\nImportError: No module named 'ConfigParser'\ndpkg: error processing package python-oauth (--configure):\n subprocess installed post-installation script returned error exit status 1\nNo apport report written because MaxReports is reached already\n                                                              dpkg: dependency problems prevent configuration of python-lazr.restfulclient:\n python-lazr.restfulclient depends on python-lazr.uri; however:\n  Package python-lazr.uri is not configured yet.\n python-lazr.restfulclient depends on python-simplejson; however:\n  Package python-simplejson is not configured yet.\n python-lazr.restfulclient depends on python-wadllib (&gt;= 1.1.4); however:\n  Package python-wadllib is not configured yet.\n python-lazr.restfulclient depends on python-oauth; however:\n  Package python-oauth is not configured yet.\n\ndpkg: error processing package python-lazr.restfulclient (--configure):\n dependency problems - leaving unconfigured\ndpkg: dependency problems prevent configuration of python-launchpadlib:\n python-launchpadlib depends on python-keyring (&gt;= 0.5); however:\n  Package python-keyring is not configured yet.\n python-launchpadlib depends on python-lazr.restfulclient (&gt;= 0.11.2); however:\n  Package python-lazr.restfulclient is not configured yet.\n python-launchpadlib dependsNo apport report written because MaxReports is reached already\n                                                                                          No apport report written because MaxReports is reached already\n                                                         on python-lazr.uri (&gt;= 1.0.2-4~); however:\n  Package python-lazr.uri is not configured yet.\n python-launchpadlib depends on python-oauth; however:\n  Package python-oauth is not configured yet.\n python-launchpadlib depends on python-simplejson; however:\n  Package python-simplejson is not configured yet.\n python-launchpadlib depends on python-wadllib; however:\n  Package python-wadllib is not configured yet.\n\ndpkg: error processing package python-launchpadlib (--configure):\n dependency problems - leaving unconfigured\nSetting up python-secretstorage (2.1.1-1ubuntu1) ...\nTraceback (most recent call last):\n  File \"/usr/bin/pycompile\", line 35, in &lt;module&gt;\n    from debpython.version import SUPPORTED, debsorted, vrepr, \\\n  File \"/usr/share/python/debpython/version.py\", line 24, in &lt;module&gt;\n    from ConfigParser import SafeConfigParser\nImportError: No module named 'ConfigParser'\ndpkg: error processing package python-secretstorage (--configure):\n subprocess installed post-installation script returned error exit status 1\nNo apport report written because MaxReports is reached already\n                                                              dpkg: error processing package python-aptdaemon (--configure):\n package is in a very bad inconsistent state; you should\n reinstall it before attempting configuration\ndpkg: dependency problems prevent configuration of python-aptdaemon.gtk3widgets:\n python-aptdaemon.gtk3widgets depends on python-aptdaemon (= 1.1.1+bzr982-0ubuntu3); however:\nNo apport report written because MaxReports is reached already\n                                                                Package python-aptdaemon is not configured yet.\n\ndpkg: error processing package python-aptdaemon.gtk3widgets (--configure):\n dependency problems - leaving unconfigured\nNo apport report written because MaxReports is reached already\n                                                              dpkg: dependency problems prevent configuration of software-center:\n software-center depends on python-aptdaemon (&gt;= 0.40); however:\n  Package python-aptdaemon is not configured yet.\n software-center depends on python-aptdaemon.gtk3widgets; however:\n  Package python-aptdaemon.gtk3widgets is not configured yet.\n\ndpkg: error processing package software-center (--configure):\n dependency problems - leaving unconfigured\nNo apport report written because MaxReports is reached already\n                                                              dpkg: dependency problems prevent configuration of y-ppa-manager:\n y-ppa-manager depends on python-launchpadlib; however:\n  Package python-launchpadlib is not configured yet.\n y-ppa-manager depends on python-appindicator; however:\n  Package python-appindicator is not configured yet.\n\ndpkg: error processing package y-ppa-manager (--configure):\n dependency problems - leaving unconfigured\nNo apport report written because MaxReports is reached already\n                                                              Errors were encountered while processing:\n python-appindicator\n python-keyring\n python-lazr.uri\n python-simplejson\n python-wadllib\n python-oauth\n python-lazr.restfulclient\n python-launchpadlib\n python-secretstorage\n python-aptdaemon\n python-aptdaemon.gtk3widgets\n software-center\n y-ppa-manager\n\nE: Sub-process /usr/bin/dpkg returned an error code (1)\n</code></pre>\n\n<p><strong>UPDATE</strong>\nAs suggested I tried all the three steps </p>\n\n<p>1.First Step generating same error as I have posted for <code>sudo apt-get autoremove</code></p>\n\n<p>2.For Second alternative installing from <code>.deb</code> is generating following error</p>\n\n<pre><code>vivek@Wisdom:~/Downloads$ sudo dpkg -i python-configparser_3.3.0r2-2_all.deb\n(Reading database ... 386190 files and directories currently installed.)\nPreparing to unpack python-configparser_3.3.0r2-2_all.deb ...\nFile \"/usr/bin/pyclean\", line 63\nexcept (IOError, OSError), e:\n                         ^\nSyntaxError: invalid syntax\ndpkg: warning: subprocess old pre-removal script returned error exit status 1\ndpkg: trying script from the new package instead ...\nFile \"/usr/bin/pyclean\", line 63\nexcept (IOError, OSError), e:\n                         ^\nSyntaxError: invalid syntax\ndpkg: error processing archive python-configparser_3.3.0r2-2_all.deb (--install):\nsubprocess new pre-removal script returned error exit status 1\nTraceback (most recent call last):\n  File \"/usr/bin/pycompile\", line 35, in &lt;module&gt;\nfrom debpython.version import SUPPORTED, debsorted, vrepr, \\\n  File \"/usr/share/python/debpython/version.py\", line 24, in &lt;module&gt;\nfrom ConfigParser import SafeConfigParser\nImportError: No module named 'ConfigParser'\ndpkg: error while cleaning up:\nsubprocess installed post-installation script returned error exit status 1\nErrors were encountered while processing:\npython-configparser_3.3.0r2-2_all.deb\n</code></pre>\n\n<ol start=\"3\">\n<li><p>For third alternative I downloaded <code>compressed file</code> extracted and ran the command again I got error.</p>\n\n<pre><code>vivek@Wisdom:~/Downloads$ cd configparser-3.3.0r2 &amp;&amp; sudo python setup.py install\nTraceback (most recent call last):\n  File \"setup.py\", line 12, in &lt;module&gt;\nfrom setuptools import setup, find_packages\n  File \"/usr/local/lib/python3.4/site-packages/setuptools/__init__.py\", line 4, in &lt;module&gt;\nimport distutils.core\n  File \"/usr/Python-3.4.3/Lib/distutils/core.py\", line 18, in &lt;module&gt;\nfrom distutils.config import PyPIRCCommand\n  File \"/usr/Python-3.4.3/Lib/distutils/config.py\", line 7, in &lt;module&gt;\nfrom configparser import ConfigParser\n  File \"/home/vivek/Downloads/configparser-3.3.0r2/configparser.py\", line 397\n_KEYCRE = re.compile(ur\"%\\(([^)]+)\\)s\")\n                                     ^\nSyntaxError: invalid syntax\n</code></pre></li>\n</ol>\n\n<p>I can't understand whats going on with my os.\nThanks for help.</p>\n"},{"id":597015,"title":"E: Sub-process /usr/bin/dpkg returned an error code (1)","body":"<p>When i try to remove Java <code>sudo apt-get remove jdk1.8.0-40</code>.\nI get this:</p>\n\n<pre><code>Reading package lists... Done\nBuilding dependency tree       \nReading state information... Done\nThe following packages will be REMOVED:\n  jdk1.8.0-40\n0 upgraded, 0 newly installed, 1 to remove and 0 not upgraded.\n1 not fully installed or removed.\nAfter this operation, 245 MB disk space will be freed.\nDo you want to continue? [Y/n] y\n(Reading database ... 231488 files and directories currently installed.)\nRemoving jdk1.8.0-40 (1.8.040-1) ...\nfind: `/usr/java/*': No such file or directory\n/var/lib/dpkg/info/jdk1.8.0-40.postrm: line 586: /usr/sbin/alternatives: No such file or directory\n/var/lib/dpkg/info/jdk1.8.0-40.postrm: line 598: /usr/sbin/alternatives: No such file or directory\ndpkg: error processing package jdk1.8.0-40 (--remove):\n subprocess installed post-removal script returned error exit status 127\nErrors were encountered while processing:\n jdk1.8.0-40\nE: Sub-process /usr/bin/dpkg returned an error code (1)\n</code></pre>\n\n<p>Output of  <code>ls /var/cache/apt/archives/ | grep -i jdk</code>:</p>\n\n<pre><code>openjdk-7-jre_7u75-2.5.4-1~trusty1_amd64.deb\n\nopenjdk-7-jre-headless_7u75-2.5.4-1~trusty1_amd64.deb\n</code></pre>\n\n<p>Output of <code>sudo dpkg --purge --force-all jdk1.8.0-40</code>:</p>\n\n<pre><code>   (Reading database ... 231488 files and directories currently installed.)\n   removing jdk1.8.0-40 (1.8.040-1) ...\n   /var/lib/dpkg/info/jdk1.8.0-40.postrm: line 586: /usr/sbin/alternatives: No such               file or directory\n   /var/lib/dpkg/info/jdk1.8.0-40.postrm: line 598: /usr/sbin/alternatives: No such   file or directory\n   dpkg: error processing package jdk1.8.0-40 (--purge):\n   subprocess installed post-removal script returned error exit status 127\n   Errors were encountered while processing:\n   jdk1.8.0-40\n</code></pre>\n\n<p>When trying the edit I get this:</p>\n\n<pre><code>(Reading database ... 231488 files and directories currently installed.)\nRemoving jdk1.8.0-40 (1.8.040-1) ...\n/var/lib/dpkg/info/jdk1.8.0-40.postrm: line 586: /usr/sbin/alternatives: Permission denied\n/var/lib/dpkg/info/jdk1.8.0-40.postrm: line 598: /usr/sbin/alternatives: Permission denied\ndpkg: error processing package jdk1.8.0-40 (--remove):\n subprocess installed post-removal script returned error exit status 126\nErrors were encountered while processing:\n jdk1.8.0-40\nE: Sub-process /usr/bin/dpkg returned an error code (1)\n</code></pre>\n"},{"id":461607,"title":"sudo apt-get -f intall -&gt; E: Sub-process /usr/bin/dpkg returned an error code (1)","body":"<p>i want to install \"ghostview\" by using Ubuntu software center.\nhowever, the error message occurs and I type as </p>\n\n<pre><code>sudo apt-get -f install\n</code></pre>\n\n<p>after that, I can get this result</p>\n\n<pre><code>Reading package lists... Done\nBuilding dependency tree         \nReading state information... Done\nCorrecting dependencies... Done\nThe following packages were automatically installed and are no longer required:\nlibgfortran3 g++-4.6 linux-headers-3.2.0-29 libgmp-dev libffi-dev libbsd-dev\nlinux-headers-3.2.0-29-generic-pae libgmpxx4ldbl gfortran-4.6\nlibstdc++6-4.6-dev openjdk-7-jre-lib\nUse 'apt-get autoremove' to remove them.\nThe following extra packages will be installed:\nicedtea-6-jre-cacao icedtea-6-jre-jamvm\nThe following packages will be upgraded:\nicedtea-6-jre-cacao icedtea-6-jre-jamvm\n2 upgraded, 0 newly installed, 0 to remove and 99 not upgraded.\n102 not fully installed or removed.\nNeed to get 0 B/1,318 kB of archives.\nAfter this operation, 0 B of additional disk space will be used.\nDo you want to continue [Y/n]? Y\nSetting up linux-backports-modules-cw-3.4-3.2.0-37-generic-pae (3.2.0-37.24) ...\nupdate-initramfs: Generating /boot/initrd.img-3.2.0-37-generic-pae\ngzip: stdout: No space left on device\nE: mkinitramfs failure cpio 141 gzip 1\nupdate-initramfs: failed for /boot/initrd.img-3.2.0-37-generic-pae with 1.\ndpkg: error processing linux-backports-modules-cw-3.4-3.2.0-37-generic-pae(--configure):\nsubprocess installed post-installation script returned error exit status 1\nSetting up linux-backports-modules-cw-3.4-3.2.0-38-virtual (3.2.0-38.25) ...\nupdate-initramfs: Generating /boot/initrd.img-3.2.0-38-virtual\ngzip: stdout: No space left on device\nE: mkinitramfs failure cpio 141 gzip 1\nupdate-initramfs: failed for /boot/initrd.img-3.2.0-38-virtual with 1.\ndpkg: error processing linux-backports-modules-cw-3.4-3.2.0-38-virtual (--configure):\nsubprocess installed post-installation script returned error exit status 1\nSetting up linux-backports-modules-cw-3.4-3.2.0-43-generic-pae (3.2.0-43.31) ...\nupdate-initramfs: Generating /boot/initrd.img-3.2.0-43-generic-pae\n\nE: mkinitramfs failure cpio 141 gzip 1\nupdate-initramfs: failed for /boot/initrd.img-3.2.0-45-generic with 1.\ndpkg: error processing linux-backports-modules-cw-3.4-3.2.0-45-generic (--configure):subprocess installed post-installation script returned error exit status 1\nNo apport report written because MaxReports is reached already\n                                                          Setting up linux-backports-modules-cw-3.4-3.2.0-45-generic-pae (3.2.0-45.33) ...\nupdate-initramfs: Generating /boot/initrd.img-3.2.0-45-generic-pae\n\ngzip: stdout: No space left on device\nE: mkinitramfs failure cpio 141 gzip 1\nupdate-initramfs: failed for /boot/initrd.img-3.2.0-45-generic-pae with 1.\ndpkg: error processing linux-backports-modules-cw-3.4-3.2.0-45-generic-pae (--configure):subprocess installed post-installation script returned error exit status 1\nNo apport report written because MaxReports is reached already\nSetting up linux-backports-modules-cw-3.4-3.2.0-49-generic (3.2.0-49.37) ...\nupdate-initramfs: Generating /boot/initrd.img-3.2.0-49-generic\n\ngzip: stdout: No space left on device\nE: mkinitramfs failure cpio 141 gzip 1\nupdate-initramfs: failed for /boot/initrd.img-3.2.0-49-generic with 1.\ndpkg: error processing linux-backports-modules-cw-3.4-3.2.0-49-generic (--configure):\nsubprocess installed post-installation script returned error exit status 1\nNo apport report written because MaxReports is reached already\n                                                        Setting up linux-backports-modules-cw-3.4-3.2.0-55-virtual (3.2.0-55.44) ...\nupdate-initramfs: Generating /boot/initrd.img-3.2.0-55-virtual\n\ngzip: stdout: No space left on device\nE: mkinitramfs failure cpio 141 gzip 1\nupdate-initramfs: failed for /boot/initrd.img-3.2.0-55-virtual with 1.\ndpkg: error processing linux-backports-modules-cw-3.4-3.2.0-55-virtual (--configure):\nsubprocess installed post-installation script returned error exit status 1\nNo apport report written because MaxReports is reached already\n                                                          Setting up linux-backports-modules-cw-3.4-3.2.0-58-generic-pae (3.2.0-58.48) ...\nupdate-initramfs: Generating /boot/initrd.img-3.2.0-58-generic-pae\n\ngzip: stdout: No space left on device\nE: mkinitramfs failure cpio 141 gzip 1\nupdate-initramfs: failed for /boot/initrd.img-3.2.0-58-generic-pae with 1.\ndpkg: error processing linux-backports-modules-cw-3.4-3.2.0-58-generic-pae (--configure):\nsubprocess installed post-installation script returned error exit status 1\nNo apport report written because MaxReports is reached already\n                                                          dpkg: dependency problems prevent configuration of icedtea-6-jre-cacao:\nicedtea-6-jre-cacao depends on openjdk-6-jre-headless (=6b30-1.13.1-1ubuntu2~0.12.04.3); however:Version of openjdk-6-jre-headless on system is 6b31-1.13.3-1ubuntu1~0.12.04.2.\ndpkg: error processing icedtea-6-jre-cacao (--configure):\ndependency problems - leaving unconfigured\ndpkg: dependency problems prevent configuration of icedtea-6-jre-jamvm:\nicedtea-6-jre-jamvm depends on openjdk-6-jre-headless (=6b30-1.13.1-1ubuntu2~0.12.04.3); however:Version of openjdk-6-jre-headless on system is 6b31-1.13.3-1ubuntu1~0.12.04.2.\ndpkg: error processing icedtea-6-jre-jamvm (--configure):\ndependency problems - leaving unconfigured\nNo apport report written because MaxReports is reached already\nNo apport report written because MaxReports is reached already\nSetting up initramfs-tools (0.99ubuntu13.5) ...\nupdate-initramfs: deferring update (trigger activated)\nSetting up linux-image-3.2.0-37-generic (3.2.0-37.58) ...\nRunning depmod.\nupdate-initramfs: deferring update (hook will be called later)\nThe link /initrd.img is a dangling linkto /boot/initrd.img-3.2.0-48-virtual\nExamining /etc/kernel/postinst.d.\nrun-parts: executing /etc/kernel/postinst.d/apt-auto-removal 3.2.0-37-generic /boot/vmlinuz-3.2.0-37-generic\nrun-parts: executing /etc/kernel/postinst.d/initramfs-tools 3.2.0-37-generic /boot/vmlinuz-3.2.0-37-generic\nupdate-initramfs: Generating /boot/initrd.img-3.2.0-37-generic\n\ngzip: stdout: No space left on device\nE: mkinitramfs failure cpio 141 gzip 1\nupdate-initramfs: failed for /boot/initrd.img-3.2.0-37-generic with 1.\nrun-parts: /etc/kernel/postinst.d/initramfs-tools exited with return code 1\nFailed to process /etc/kernel/postinst.d at /var/lib/dpkg/info/linux-image-3.2.0-37-generic.postinst line 1010.\ndpkg: error processing linux-image-3.2.0-37-generic (--configure):\nsubprocess installed post-installation script returned error exit status 2\ndpkg: dependency problems prevent configuration of linux-backports-modules-cw-3.4-3.2.0-37-generic:\nlinux-backports-modules-cw-3.4-3.2.0-37-generic depends on linux-image-3.2.0-37-generic; however:\nPackage linux-image-3.2.0-37-generic is not configured yet.\ndpkg: error processing linux-backports-modules-cw-3.4-3.2.0-37-generic (--configure):\ndependency problems - leaving unconfigured\nSetting up linux-image-3.2.0-37-virtual (3.2.0-37.58) ...\nNo apport report written because MaxReports is reached already\nNo apport report written because MaxReports is reached already\n                                        Running depmod.\nupdate-initramfs: deferring update (hook will be called later)\nExamining /etc/kernel/postinst.d.\nrun-parts: executing /etc/kernel/postinst.d/apt-auto-removal 3.2.0-37-virtual /boot/vmlinuz-3.2.0-37-virtual\nrun-parts: executing /etc/kernel/postinst.d/initramfs-tools 3.2.0-37-virtual /boot/vmlinuz-3.2.0-37-virtual \nupdate-initramfs: Generating /boot/initrd.img-3.2.0-37-virtual\n\ngzip: stdout: No space left on device\nE: mkinitramfs failure cpio 141 gzip 1\nupdate-initramfs: failed for /boot/initrd.img-3.2.0-37-virtual with 1.\nrun-parts: /etc/kernel/postinst.d/initramfs-tools exited with return code 1\nFailed to process /etc/kernel/postinst.d at /var/lib/dpkg/info/linux-image-3.2.0-37-virtual.postinst line 1010.\ndpkg: error processing linux-image-3.2.0-37-virtual (--configure):\nsubprocess installed post-installation script returned error exit status 2\nNo apport report written because MaxReports is reached already\ndpkg: dependency problems prevent configuration of linux-backports-modules-cw-3.4-3.2.0-37-virtual:\n linux-backports-modules-cw-3.4-3.2.0-37-virtual depends on linux-image-3.2.0-37-virtual; however:\nPackage linux-image-3.2.0-37-virtual is not configured yet.\n\n(ellipsis ....)   \n\nNo apport report written because MaxReports is reached already\nSetting up linux-image-3.2.0-44-generic (3.2.0-44.69) ...\nRunning depmod.\nupdate-initramfs: deferring update (hook will be called later)\nThe link /initrd.img is a dangling linkto /boot/initrd.img-3.2.0-43-generic\nExamining /etc/kernel/postinst.d.\nrun-parts: executing /etc/kernel/postinst.d/apt-auto-removal 3.2.0-44-generic /boot/vmlinuz-3.2.0-44-generic\nrun-parts: executing /etc/kernel/postinst.d/initramfs-tools 3.2.0-44-generic /boot/vmlinuz-3.2.0-44-generic\nupdate-initramfs: Generating /boot/initrd.img-3.2.0-44-generic\n\n\ngzip: stdout: No space left on device \nE: mkinitramfs failure cpio 141 gzip 1\nupdate-initramfs: failed for /boot/initrd.img-3.2.0-43-generic-pae with 1.\ndpkg: error processing linux-backports-modules-cw-3.4-3.2.0-43-generic-pae (--configure):\nsubprocess installed post-installation script returned error exit status 1\nSetting up linux-backports-modules-cw-3.4-3.2.0-43-virtual (3.2.0-43.31) ...\nupdate-initramfs: Generating /boot/initrd.img-3.2.0-43-virtual\n\ngzip: stdout: No space left on device\nE: mkinitramfs failure cpio 141 gzip 1\nupdate-initramfs: failed for /boot/initrd.img-3.2.0-43-virtual with 1.\ndpkg: error processing linux-backports-modules-cw-3.4-3.2.0-43-virtual (--configure):\nsubprocess installed post-installation script returned error exit status 1\nNo apport report written because MaxReports is reached already\n                                                           Setting up linux-backports-modules-cw-3.4-3.2.0-44-generic-pae (3.2.0-44.32) ...\nupdate-initramfs: Generating /boot/initrd.img-3.2.0-44-generic-pae  \n\n(ellipsis ....)\n\nlinux-backports-modules-cw-3.4-3.2.0-48-virtual\ninitramfs-tools\nProcessing was halted because there were too many errors.\nE: Sub-process /usr/bin/dpkg returned an error code (1)\n</code></pre>\n\n<p>maybe, main points of view are </p>\n\n<pre><code>gzip: stdout: No space left on device\n</code></pre>\n\n<p>and</p>\n\n<pre><code>Processing was halted because there were too many errors.\nE: Sub-process /usr/bin/dpkg returned an error code (1)\n</code></pre>\n\n<p>what is the problem??\nand what is some solution for this problem???</p>\n"},{"id":405530,"title":"&quot;E: Sub-process /usr/bin/dpkg returned an error code (1)&quot;&quot;","body":"<p>When I run the software central to remove some package (desktop-unity) as mentioned in a similar post which helped the author there - I run into repair module of the software central which gives an error 'package configuration failed' with details like below and keeps running in a loop.</p>\n\n<pre><code>installArchives() failed: dpkg: dependency problems prevent configuration of libqtgui4:\n libqtgui4 depends on libqt4-declarative (= 4:4.8.1-0ubuntu4.6); however:\n  Version of libqt4-declarative on system is 4:4.8.1-0ubuntu4.5.\ndpkg: error processing libqtgui4 (--configure):\n dependency problems - leaving unconfigured\ndpkg: error processing libqt4-declarative (--configure):\n libqt4-declarative:amd64 4:4.8.1-0ubuntu4.5 cannot be configured because libqt4-declarative:i386 is in a different version (4:4.8.1-0ubuntu4.6)\ndpkg: dependency problems prevent configuration of libqt4-svg:\n libqt4-svg depends on libqtcore4 (= 4:4.8.1-0ubuntu4.5); however:\n  Version of libqtcore4 on system is 4:4.8.1-0ubuntu4.6.\n libqt4-svg depends on libqtgui4 (= 4:4.8.1-0ubuntu4.5); however:\n  Version of libqtgui4 on system is 4:4.8.1-0ubuntu4.6.\ndpkg: error processing libqt4-svg (--configure):\nNo apport report written because the error message indicates its a followup error from a previous failure.\nNo apport report written because the error message indicates its a followup error from a previous failure.\n dependency problems - leaving unconfigured\ndpkg: dependency problems prevent configuration of libqt4-opengl:\n libqt4-opengl depends on libqtcore4 (= 4:4.8.1-0ubuntu4.5); however:\n  Version of libqtcore4 on system is 4:4.8.1-0ubuntu4.6.\n libqt4-opengl depends on libqtgui4 (= 4:4.8.1-0ubuntu4.5); however:\n  Version of libqtgui4 on system is 4:4.8.1-0ubuntu4.6.\ndpkg: error processing libqt4-opengl (--configure):\n dependency problems - leaving unconfigured\ndpkg: error processing libqt4-declarative:i386 (--configure):\n libqt4-declarative:i386 4:4.8.1-0ubuntu4.6 cannot be configured because libqt4-declarative:amd64 is in a different version (4:4.8.1-0ubuntu4.5)\ndpkg: dependency problems prevent configuration of libqtgui4:i386:\n libqtgui4:i386 depends on libqt4-declarative (= 4:4.8.1-0ubuntu4.6); however:\n  Package libqt4-declarative:i386 is not configured yet.\ndpkg: error processing libqtgui4:i386 (--configure):\n dependency problems - leaving unconfigured\ndpkg: dependency problems prevent configuratNo apport report written because MaxReports is reached already\nNo apport report written because MaxReports is reached already\nNo apport report written because MaxReports is reached already\nNo apport report written because MaxReports is reached already\nNo apport report written because MaxReports is reached already\nNo apport report written because MaxReports is reached already\nion of libunity-2d-private0:\n libunity-2d-private0 depends on libqt4-declarative (&gt;= 4:4.7.0~rc1); however:\n  Package libqt4-declarative is not configured yet.\n libunity-2d-private0 depends on libqt4-opengl (&gt;= 4:4.5.3); however:\n  Package libqt4-opengl is not configured yet.\n libunity-2d-private0 depends on libqtgui4 (&gt;= 4:4.8.0); however:\n  Package libqtgui4 is not configured yet.\ndpkg: error processing libunity-2d-private0 (--configure):\n dependency problems - leaving unconfigured\ndpkg: dependency problems prevent configuration of unity-2d-panel:\n unity-2d-panel depends on libqtgui4 (&gt;= 4:4.8.0); however:\n  Package libqtgui4 is not configured yet.\n unity-2d-panel depends on libunity-2d-private0 (= 5.14.0-0ubuntu2); however:\n  Package libunity-2d-private0 is not configured yet.\ndpkg: error processing unity-2d-panel (--configure):\n dependency problems - leaving unconfigured\ndpkg: dependency problems prevent configuration of unity-2d-spread:\n unity-2d-spread depends on libqt4-declarative (&gt;= 4:4.7.0~rc1); however:\n  Package libqt4-declarative is not configured yet.\n unity-2d-spread depends on libqtgui4 (&gt;= 4:4.5.3); however:\n  Package libqtgui4 is not configured yet.\n unity-2d-spread depends on libunity-2d-private0 (= 5.14.0-0ubuntu2); however:\n  Package libunity-2d-private0 is not configured yet.\n unity-2d-spread depends on libqt4-svg; however:\n  Package libqt4-svg is not configured yet.\ndpkg: error processing unity-2d-spread (--configure):\n dependency problems - leaving unconfigured\ndpkg: dependency problems prevent configuration of unity-2d-shell:\n unity-2d-shell depends on libqt4-declarative (&gt;= 4:4.7.0~rc1); however:\n  Package libqt4-declarative is not configured yet.\n unity-2d-shell depends on libqtgui4 (&gt;= 4:4.6.1); however:\n  Package libqtgui4 is not configured yet.\n unity-2d-shell depends on libunity-2d-private0 (= 5.14.0-0ubuntu2); however:\n  Package libunity-2d-private0 is not configured yet.\n unity-2d-shell depends on libqt4-svg; however:\n  Package libqt4-svg is not configured yet.\ndpkg: error processing unity-2d-shell (--configure):\n dependency problems - leaving unconfigured\ndpkg: dependency problems prevent configuration of unity-2d:\n unity-2d depends on unity-2d-panel; however:\n  Package unity-2d-panel is not configured yet.\n unity-2d depends on unity-2d-spread; however:\n  Package unity-2d-spread is not configured yet.\n unity-2d depends on unity-2d-shell; however:\n  Package unity-2d-shell is not configured yet.\ndpkg: error processing unity-2d (--configure):\n dependency problems - leaving unconfigured\nErrors were encountered while processing:\n libqtgui4\n libqt4-declarative\n libqt4-svg\n libqt4-opengl\n libqt4-declarative:i386\n libqtgui4:i386\n libunity-2d-private0\n unity-2d-panel\n unity-2d-spread\n unity-2d-shell\n unity-2d\nError in function: \nSystemError: E:Sub-process /usr/bin/dpkg returned an error code (1)\ndpkg: dependency problems prevent configuration of libqtgui4:\n libqtgui4 depends on libqt4-declarative (= 4:4.8.1-0ubuntu4.6); however:\n  Version of libqt4-declarative on system is 4:4.8.1-0ubuntu4.5.\ndpkg: error processing libqtgui4 (--configure):\n dependency problems - leaving unconfigured\ndpkg: error processing libqt4-declarative (--configure):\n libqt4-declarative:amd64 4:4.8.1-0ubuntu4.5 cannot be configured because libqt4-declarative:i386 is in a different version (4:4.8.1-0ubuntu4.6)\ndpkg: error processing libqt4-declarative:i386 (--configure):\n libqt4-declarative:i386 4:4.8.1-0ubuntu4.6 cannot be configured because libqt4-declarative:amd64 is in a different version (4:4.8.1-0ubuntu4.5)\ndpkg: dependency problems prevent configuration of libqt4-svg:\n libqt4-svg depends on libqtcore4 (= 4:4.8.1-0ubuntu4.5); however:\n  Version of libqtcore4 on system is 4:4.8.1-0ubuntu4.6.\n libqt4-svg depends on libqtgui4 (= 4:4.8.1-0ubuntu4.5); however:\n  Version of libqtgui4 on system is 4:4.8.1-0ubuntu4.6.\ndpkg: error processing libqt4-svg (--configure):\n dependency problems - leaving unconfigured\ndpkg: dependency problems prevent configuration of unity-2d-panel:\n unity-2d-panel depends on libqtgui4 (&gt;= 4:4.8.0); however:\n  Package libqtgui4 is not configured yet.\ndpkg: error processing unity-2d-panel (--configure):\n dependency problems - leaving unconfigured\ndpkg: dependency problems prevent configuration of libqt4-opengl:\n libqt4-opengl depends on libqtcore4 (= 4:4.8.1-0ubuntu4.5); however:\n  Version of libqtcore4 on system is 4:4.8.1-0ubuntu4.6.\n libqt4-opengl depends on libqtgui4 (= 4:4.8.1-0ubuntu4.5); however:\n  Version of libqtgui4 on system is 4:4.8.1-0ubuntu4.6.\ndpkg: error processing libqt4-opengl (--configure):\n dependency problems - leaving unconfigured\ndpkg: dependency problems prevent configuration of unity-2d-spread:\n unity-2d-spread depends on libqt4-declarative (&gt;= 4:4.7.0~rc1); however:\n  Package libqt4-declarative is not configured yet.\n unity-2d-spread depends on libqtgui4 (&gt;= 4:4.5.3); however:\n  Package libqtgui4 is not configured yet.\n unity-2d-spread depends on libqt4-svg; however:\n  Package libqt4-svg is not configured yet.\ndpkg: error processing unity-2d-spread (--configure):\n dependency problems - leaving unconfigured\ndpkg: dependency problems prevent configuration of libunity-2d-private0:\n libunity-2d-private0 depends on libqt4-declarative (&gt;= 4:4.7.0~rc1); however:\n  Package libqt4-declarative is not configured yet.\n libunity-2d-private0 depends on libqt4-opengl (&gt;= 4:4.5.3); however:\n  Package libqt4-opengl is not configured yet.\n libunity-2d-private0 depends on libqtgui4 (&gt;= 4:4.8.0); however:\n  Package libqtgui4 is not configured yet.\ndpkg: error processing libunity-2d-private0 (--configure):\n dependency problems - leaving unconfigured\ndpkg: dependency problems prevent configuration of unity-2d-shell:\n unity-2d-shell depends on libqt4-declarative (&gt;= 4:4.7.0~rc1); however:\n  Package libqt4-declarative is not configured yet.\n unity-2d-shell depends on libqtgui4 (&gt;= 4:4.6.1); however:\n  Package libqtgui4 is not configured yet.\n unity-2d-shell depends on libunity-2d-private0 (= 5.14.0-0ubuntu2); however:\n  Package libunity-2d-private0 is not configured yet.\n unity-2d-shell depends on libqt4-svg; however:\n  Package libqt4-svg is not configured yet.\ndpkg: error processing unity-2d-shell (--configure):\n dependency problems - leaving unconfigured\ndpkg: dependency problems prevent configuration of libqtgui4:i386:\n libqtgui4:i386 depends on libqt4-declarative (= 4:4.8.1-0ubuntu4.6); however:\n  Package libqt4-declarative:i386 is not configured yet.\ndpkg: error processing libqtgui4:i386 (--configure):\n dependency problems - leaving unconfigured\ndpkg: dependency problems prevent configuration of unity-2d:\n unity-2d depends on unity-2d-panel; however:\n  Package unity-2d-panel is not configured yet.\n unity-2d depends on unity-2d-spread; however:\n  Package unity-2d-spread is not configured yet.\n unity-2d depends on unity-2d-shell; however:\n  Package unity-2d-shell is not configured yet.\ndpkg: error processing unity-2d (--configure):\n dependency problems - leaving unconfigured\n</code></pre>\n\n<p>In the terminal:</p>\n\n<pre><code>E: Sub-process /usr/bin/dpkg returned an error code (1)\nroot@:/home/pm# apt-get autoremove\nReading package lists... Done\nBuilding dependency tree       \nReading state information... Done\nYou might want to run 'apt-get -f install' to correct these.\nThe following packages have unmet dependencies:\nlibqt4-declarative : Depends: libqt4-network (= 4:4.8.1-0ubuntu4.5) but 4:4.8.1-0ubuntu4.6 is installed\n                  Depends: libqt4-script (= 4:4.8.1-0ubuntu4.5) but 4:4.8.1-0ubuntu4.6 is installed\n                  Depends: libqt4-sql (= 4:4.8.1-0ubuntu4.5) but 4:4.8.1-0ubuntu4.6 is installed\n                  Depends: libqt4-xmlpatterns (= 4:4.8.1-0ubuntu4.5) but 4:4.8.1-0ubuntu4.6 is installed\n                  Depends: libqtcore4 (= 4:4.8.1-0ubuntu4.5) but 4:4.8.1-0ubuntu4.6 is installed\n                  Depends: libqtgui4 (= 4:4.8.1-0ubuntu4.5) but 4:4.8.1-0ubuntu4.6 is installed\n                  Breaks: libqt4-declarative:i386 (!= 4:4.8.1-0ubuntu4.5) but 4:4.8.1-0ubuntu4.6 is installed\nlibqt4-declarative:i386 : Breaks: libqt4-declarative (!= 4:4.8.1-0ubuntu4.6) but 4:4.8.1-0ubuntu4.5 is installed\nlibqt4-opengl : Depends: libqtcore4 (= 4:4.8.1-0ubuntu4.5) but 4:4.8.1-0ubuntu4.6 is installed\n             Depends: libqtgui4 (= 4:4.8.1-0ubuntu4.5) but 4:4.8.1-0ubuntu4.6 is installed\nlibqt4-svg : Depends: libqtcore4 (= 4:4.8.1-0ubuntu4.5) but 4:4.8.1-0ubuntu4.6 is installed\n          Depends: libqtgui4 (= 4:4.8.1-0ubuntu4.5) but 4:4.8.1-0ubuntu4.6 is installed\nlibqtgui4 : Depends: libqt4-declarative (= 4:4.8.1-0ubuntu4.6) but 4:4.8.1-0ubuntu4.5 is installed\nE: Unmet dependencies. Try using -f.\nroot@:/home/pm#\n</code></pre>\n\n<p>apt-get -f install yields similar errors.</p>\n\n<p>Hi @Braiam , here is the output of the <em>apt-get check</em></p>\n\n<pre><code>:~$ sudo apt-get check\nReading package lists... Done\nBuilding dependency tree       \nReading state information... Done\nYou might want to run 'apt-get -f install' to correct these.\nThe following packages have unmet dependencies:\nlibqt4-declarative : Depends: libqt4-network (= 4:4.8.1-0ubuntu4.5) but         4:4.8.1-0ubuntu4.6 is installed\n                  Depends: libqt4-script (= 4:4.8.1-0ubuntu4.5) but 4:4.8.1-0ubuntu4.6 is installed\n                  Depends: libqt4-sql (= 4:4.8.1-0ubuntu4.5) but 4:4.8.1-0ubuntu4.6 is installed\n                  Depends: libqt4-xmlpatterns (= 4:4.8.1-0ubuntu4.5) but 4:4.8.1-0ubuntu4.6 is installed\n                  Depends: libqtcore4 (= 4:4.8.1-0ubuntu4.5) but 4:4.8.1-0ubuntu4.6 is installed\n                  Depends: libqtgui4 (= 4:4.8.1-0ubuntu4.5) but 4:4.8.1-0ubuntu4.6 is installed\n                  Breaks: libqt4-declarative:i386 (!= 4:4.8.1-0ubuntu4.5) but 4:4.8.1-0ubuntu4.6 is installed\nlibqt4-declarative:i386 : Breaks: libqt4-declarative (!= 4:4.8.1-0ubuntu4.6) but 4:4.8.1-0ubuntu4.5 is installed\nlibqt4-opengl : Depends: libqtcore4 (= 4:4.8.1-0ubuntu4.5) but 4:4.8.1-0ubuntu4.6 is installed\n             Depends: libqtgui4 (= 4:4.8.1-0ubuntu4.5) but 4:4.8.1-0ubuntu4.6 is installed\nlibqt4-svg : Depends: libqtcore4 (= 4:4.8.1-0ubuntu4.5) but 4:4.8.1-0ubuntu4.6 is installed\n          Depends: libqtgui4 (= 4:4.8.1-0ubuntu4.5) but 4:4.8.1-0ubuntu4.6 is installed\nlibqtgui4 : Depends: libqt4-declarative (= 4:4.8.1-0ubuntu4.6) but 4:4.8.1-0ubuntu4.5 is installed\nE: Unmet dependencies. Try using -f.\n</code></pre>\n\n<p>@Bairam here is the output of:</p>\n\n<pre><code>pm:~$ sudo apt-cache policy libqtgui4 libqt4-svg libqt4-opengl libqt4-declarative:i386 libqt4-declarative\nlibqtgui4:\nInstalled: 4:4.8.1-0ubuntu4.6\nCandidate: 4:4.8.1-0ubuntu4.6\nVersion table:\n*** 4:4.8.1-0ubuntu4.6 0\n    500 http://archive.ubuntu.com/ubuntu/ precise-updates/main amd64 Packages\n    100 /var/lib/dpkg/status\n 4:4.8.1-0ubuntu4.5 0\n    500 http://archive.ubuntu.com/ubuntu/ precise-security/main amd64 Packages\n 4:4.8.1-0ubuntu4 0\n    500 http://archive.ubuntu.com/ubuntu/ precise/main amd64 Packages\nlibqt4-svg:\nInstalled: 4:4.8.1-0ubuntu4.5\nCandidate: 4:4.8.1-0ubuntu4.6\nVersion table:\n 4:4.8.1-0ubuntu4.6 0\n    500 http://archive.ubuntu.com/ubuntu/ precise-updates/main amd64 Packages\n *** 4:4.8.1-0ubuntu4.5 0\n    500 http://archive.ubuntu.com/ubuntu/ precise-security/main amd64 Packages\n    100 /var/lib/dpkg/status\n 4:4.8.1-0ubuntu4 0\n    500 http://archive.ubuntu.com/ubuntu/ precise/main amd64 Packages\nlibqt4-opengl:\n Installed: 4:4.8.1-0ubuntu4.5\n Candidate: 4:4.8.1-0ubuntu4.6\n Version table:\n 4:4.8.1-0ubuntu4.6 0\n    500 http://archive.ubuntu.com/ubuntu/ precise-updates/main amd64 Packages\n *** 4:4.8.1-0ubuntu4.5 0\n    500 http://archive.ubuntu.com/ubuntu/ precise-security/main amd64 Packages\n    100 /var/lib/dpkg/status\n 4:4.8.1-0ubuntu4 0\n    500 http://archive.ubuntu.com/ubuntu/ precise/main amd64 Packages\nlibqt4-declarative:i386:\nInstalled: 4:4.8.1-0ubuntu4.6\nCandidate: 4:4.8.1-0ubuntu4.6\nVersion table:\n*** 4:4.8.1-0ubuntu4.6 0\n    500 http://archive.ubuntu.com/ubuntu/ precise-updates/main i386 Packages\n    100 /var/lib/dpkg/status\n 4:4.8.1-0ubuntu4.5 0\n    500 http://archive.ubuntu.com/ubuntu/ precise-security/main i386 Packages\n 4:4.8.1-0ubuntu4 0\n    500 http://archive.ubuntu.com/ubuntu/ precise/main i386 Packages\nlibqt4-declarative:\nInstalled: 4:4.8.1-0ubuntu4.5\nCandidate: 4:4.8.1-0ubuntu4.6\nVersion table:\n 4:4.8.1-0ubuntu4.6 0\n    500 http://archive.ubuntu.com/ubuntu/ precise-updates/main amd64 Packages\n*** 4:4.8.1-0ubuntu4.5 0\n    500 http://archive.ubuntu.com/ubuntu/ precise-security/main amd64 Packages\n    100 /var/lib/dpkg/status\n 4:4.8.1-0ubuntu4 0\n    500 http://archive.ubuntu.com/ubuntu/ precise/main amd64 Packages\n</code></pre>\n"},{"id":385398,"title":"&quot;Sub-process gzip returned an error code (1)&quot;, how to fix?","body":"<p>when i try,</p>\n\n<pre><code>ali@ali-office:~$ sudo apt-get upgrade\nReading package lists... Done\nBuilding dependency tree       \nReading state information... Done\nYou might want to run 'apt-get -f install' to correct these.\nThe following packages have unmet dependencies:\n update-notifier : Depends: update-notifier-common (= 0.147) but 0.147.1 is installed\nE: Unmet dependencies. Try using -f.\n</code></pre>\n\n<p>And i trying</p>\n\n<pre><code>ali@ali-office:~$ sudo apt-get install -f\nReading package lists... Done\nBuilding dependency tree       \nReading state information... Done\nCorrecting dependencies... Done\nThe following extra packages will be installed:\n  update-notifier\nThe following packages will be upgraded:\n  update-notifier\n1 upgraded, 0 newly installed, 0 to remove and 14 not upgraded.\n4 not fully installed or removed.\nNeed to get 0 B/56,0 kB of archives.\nAfter this operation, 0 B of additional disk space will be used.\nDo you want to continue [Y/n]? y\nE: Sub-process gzip returned an error code (1)\nE: Prior errors apply to /var/cache/apt/archives/update-notifier_0.147.1_amd64.deb\ndebconf: apt-extracttemplates failed: No such file or directory\ndpkg: unrecoverable fatal error, aborting:\n reading files list for package 'libgcc1:amd64': Input/output error\nE: Sub-process /usr/bin/dpkg returned an error code (2)\nali@ali-office:~$ \n</code></pre>\n\n<p>how i solve this problem?</p>\n"},{"id":233556,"title":"What are the error codes and messages returned for `apt-get update` failures?","body":"<p>Where can I find the error codes returned by a failed <code>apt-get update</code> command? \nCan you please point me to the code, or specs, that calls out the error messages returned from an <code>apt-get update failure</code>? Thanks.</p>\n\n<p>Go ahead and ignore the rest of this question if you can answer the first one. Bonus points if you can add additional information.</p>\n\n<p>What are the recommended solutions to resolve those problems?</p>\n\n<p>Currently, I have three error codes that I have commonly encountered and I am wondering if there are more that I should be aware of.</p>\n\n<ol>\n<li>NO_PUBKEY   </li>\n<li>BADSIG</li>\n<li>403 Forbidden   </li>\n<li>404 Not Found</li>\n<li>Duplicate sources.list entry</li>\n</ol>\n\n<p>Here are the workarounds for the errors that I am aware of:</p>\n\n<h3>NO_PUBKEY</h3>\n\n<p>Solution: add new public gpg key to my trusted chain by running the command:</p>\n\n<p><code>sudo apt-key adv --keyserver keyserver.ubuntu.com --recv-keys &lt;insert pub_key_here&gt;</code></p>\n\n<h3>BADSIG</h3>\n\n<p>Solution: re-add key</p>\n\n<p><code>sudo apt-key adv --recv-keys --keyserver keyserver.ubuntu.com &lt;insert key here&gt;</code></p>\n\n<h3>403 Forbidden</h3>\n\n<p>Solution: ?</p>\n\n<h3>404 Not found</h3>\n\n<p>Solution: Site is unavailable. Either wait until site returns, or remove repository from sources.list.</p>\n\n<h3>Duplicate sources.list entry</h3>\n\n<p>Solution: ?</p>\n\n<p>How many other error codes are there returned by <code>apt-get update</code> that prevent users from updating their software? Is there documentation somewhere to identify similar issues?</p>\n\n<p>I understand the risks involved when I am implicitly trusting third parties when I am adding their keys to my trusted chain. I am looking to identify the known errors generated by a failed <code>apt-get update</code> and the solutions to allow me to continue to update my packages.</p>\n"},{"id":63258,"title":"Apt-get returning &#39;Sub-process /usr/bin/dpkg returned an error code (1)&quot; error","body":"<blockquote>\n  <p><strong>Possible Duplicate:</strong><br>\n  <a href=\"http://askubuntu.com/questions/63187/apt-get-returning-sub-process-usr-bin-dpkg-returned-an-error-code-1-error\">Apt-get returning &#39;Sub-process /usr/bin/dpkg returned an error code (1)\" error</a>  </p>\n</blockquote>\n\n\n\n<p>I am facing a problem while installing any program. I get an error of <strong>Sub-process /usr/bin/dpkg returned an error code (1)</strong>. Following is log of the output of <strong>apt-get -f install</strong></p>\n\n<p>I am using Ubuntu 10.10 on Dell Inspiron 1564 and Wireless Driver: STA Wireless Driver.\nAny idea what's wrong with my package manager?</p>\n\n<pre><code>tahir@tahir-Inspiron-1564:/var/www$ sudo apt-get -f install\n[sudo] password for tahir: \nReading package lists... Done\nBuilding dependency tree       \nReading state information... Done\n0 upgraded, 0 newly installed, 0 to remove and 24 not upgraded.\n5 not fully installed or removed.\nAfter this operation, 0B of additional disk space will be used.\nSetting up linux-image-2.6.35-27-generic (2.6.35-27.48) ...\nRunning depmod.\nupdate-initramfs: Generating /boot/initrd.img-2.6.35-27-generic\nExamining /etc/kernel/postinst.d.\nrun-parts: executing /etc/kernel/postinst.d/dkms 2.6.35-27-generic /boot/vmlinuz-2.6.35-27-generic\n * dkms: running auto installation service for kernel 2.6.35-27-generic                                                                                                 \n *       bcmwl (5.60.48.36+bdcom)...                                                                                                                             [ OK ] \nrun-parts: executing /etc/kernel/postinst.d/initramfs-tools 2.6.35-27-generic /boot/vmlinuz-2.6.35-27-generic\nrun-parts: executing /etc/kernel/postinst.d/nvidia-common 2.6.35-27-generic /boot/vmlinuz-2.6.35-27-generic\nrun-parts: executing /etc/kernel/postinst.d/pm-utils 2.6.35-27-generic /boot/vmlinuz-2.6.35-27-generic\nrun-parts: executing /etc/kernel/postinst.d/update-notifier 2.6.35-27-generic /boot/vmlinuz-2.6.35-27-generic\nrun-parts: executing /etc/kernel/postinst.d/zz-update-grub 2.6.35-27-generic /boot/vmlinuz-2.6.35-27-generic\nGenerating grub.cfg ...\nFound linux image: /boot/vmlinuz-2.6.35-30-generic\nFound initrd image: /boot/initrd.img-2.6.35-30-generic\nFound linux image: /boot/vmlinuz-2.6.35-28-generic\nFound initrd image: /boot/initrd.img-2.6.35-28-generic\nFound linux image: /boot/vmlinuz-2.6.35-27-generic\nFound initrd image: /boot/initrd.img-2.6.35-27-generic\nFound linux image: /boot/vmlinuz-2.6.35-25-generic\nFound initrd image: /boot/initrd.img-2.6.35-25-generic\nFound linux image: /boot/vmlinuz-2.6.35-22-generic\nFound initrd image: /boot/initrd.img-2.6.35-22-generic\nFound linux image: /boot/vmlinuz-2.6.32-28-generic\nFound initrd image: /boot/initrd.img-2.6.32-28-generic\nFound linux image: /boot/vmlinuz-2.6.32-27-generic\nFound initrd image: /boot/initrd.img-2.6.32-27-generic\nFound linux image: /boot/vmlinuz-2.6.32-21-generic\nFound initrd image: /boot/initrd.img-2.6.32-21-generic\nFound memtest86+ image: /boot/memtest86+.bin\nFound Windows 7 (loader) on /dev/sda2\n/etc/grub.d/README: 2: All: not found\n/etc/grub.d/README: 4: 00_*:: not found\n/etc/grub.d/README: 5: 10_*:: not found\n/etc/grub.d/README: 6: Syntax error: \"(\" unexpected\nrun-parts: /etc/kernel/postinst.d/zz-update-grub exited with return code 2\nFailed to process /etc/kernel/postinst.d at /var/lib/dpkg/info/linux-image-2.6.35-27-generic.postinst line 1010.\ndpkg: error processing linux-image-2.6.35-27-generic (--configure):\n subprocess installed post-installation script returned error exit status 2\nSetting up linux-image-2.6.35-28-generic (2.6.35-28.50) ...\nRunning depmod.\nupdate-initramfs: Generating /boot/initrd.img-2.6.35-28-generic\nExamining /etc/kernel/postinst.d.\nrun-parts: executing /etc/kernel/postinst.d/dkms 2.6.35-28-generic /boot/vmlinuz-2.6.35-28-generic\n * dkms: running auto installation service for kernel 2.6.35-28-generic                                                                                                 \n *       bcmwl (5.60.48.36+bdcom)...                                                                                                                             [ OK ] \nrun-parts: executing /etc/kernel/postinst.d/initramfs-tools 2.6.35-28-generic /boot/vmlinuz-2.6.35-28-generic\nrun-parts: executing /etc/kernel/postinst.d/nvidia-common 2.6.35-28-generic /boot/vmlinuz-2.6.35-28-generic\nrun-parts: executing /etc/kernel/postinst.d/pm-utils 2.6.35-28-generic /boot/vmlinuz-2.6.35-28-generic\nrun-parts: executing /etc/kernel/postinst.d/update-notifier 2.6.35-28-generic /boot/vmlinuz-2.6.35-28-generic\nrun-parts: executing /etc/kernel/postinst.d/zz-update-grub 2.6.35-28-generic /boot/vmlinuz-2.6.35-28-generic\nGenerating grub.cfg ...\nFound linux image: /boot/vmlinuz-2.6.35-30-generic\nFound initrd image: /boot/initrd.img-2.6.35-30-generic\nFound linux image: /boot/vmlinuz-2.6.35-28-generic\nFound initrd image: /boot/initrd.img-2.6.35-28-generic\nFound linux image: /boot/vmlinuz-2.6.35-27-generic\nFound initrd image: /boot/initrd.img-2.6.35-27-generic\nFound linux image: /boot/vmlinuz-2.6.35-25-generic\nFound initrd image: /boot/initrd.img-2.6.35-25-generic\nFound linux image: /boot/vmlinuz-2.6.35-22-generic\nFound initrd image: /boot/initrd.img-2.6.35-22-generic\nFound linux image: /boot/vmlinuz-2.6.32-28-generic\nFound initrd image: /boot/initrd.img-2.6.32-28-generic\nFound linux image: /boot/vmlinuz-2.6.32-27-generic\nFound initrd image: /boot/initrd.img-2.6.32-27-generic\nFound linux image: /boot/vmlinuz-2.6.32-21-generic\nFound initrd image: /boot/initrd.img-2.6.32-21-generic\nFound memtest86+ image: /boot/memtest86+.bin\nFound Windows 7 (loader) on /dev/sda2\n/etc/grub.d/README: 2: All: not found\n/etc/grub.d/README: 4: 00_*:: not found\n/etc/grub.d/README: 5: 10_*:: not found\n/etc/grub.d/README: 6: Syntax error: \"(\" unexpected\nrun-parts: /etc/kernel/postinst.d/zz-update-grub exited with return code 2\nFailed to process /etc/kernel/postinst.d at /var/lib/dpkg/info/linux-image-2.6.35-28-generic.postinst line 1010.\ndpkg: error processing linux-image-2.6.35-28-generic (--configure):\n subprocess installed post-installation script returned error exit status 2\nSetting up linux-image-2.6.35-30-generic (2.6.35-30.59) ...\nRunning depmod.\nupdate-initramfs: Generating /boot/initrd.img-2.6.35-30-generic\nExamining /etc/kernel/postinst.d.\nrun-parts: executing /etc/kernel/postinst.d/dkms 2.6.35-30-generic /boot/vmlinuz-2.6.35-30-generic\n * dkms: running auto installation service for kernel 2.6.35-30-generic                                                                                                 \n *       bcmwl (5.60.48.36+bdcom)...                                                                                                                             [ OK ] \nrun-parts: executing /etc/kernel/postinst.d/initramfs-tools 2.6.35-30-generic /boot/vmlinuz-2.6.35-30-generic\nrun-parts: executing /etc/kernel/postinst.d/nvidia-common 2.6.35-30-generic /boot/vmlinuz-2.6.35-30-generic\nrun-parts: executing /etc/kernel/postinst.d/pm-utils 2.6.35-30-generic /boot/vmlinuz-2.6.35-30-generic\nrun-parts: executing /etc/kernel/postinst.d/update-notifier 2.6.35-30-generic /boot/vmlinuz-2.6.35-30-generic\nrun-parts: executing /etc/kernel/postinst.d/zz-update-grub 2.6.35-30-generic /boot/vmlinuz-2.6.35-30-generic\nGenerating grub.cfg ...\nFound linux image: /boot/vmlinuz-2.6.35-30-generic\nFound initrd image: /boot/initrd.img-2.6.35-30-generic\nFound linux image: /boot/vmlinuz-2.6.35-28-generic\nFound initrd image: /boot/initrd.img-2.6.35-28-generic\nFound linux image: /boot/vmlinuz-2.6.35-27-generic\nFound initrd image: /boot/initrd.img-2.6.35-27-generic\nFound linux image: /boot/vmlinuz-2.6.35-25-generic\nFound initrd image: /boot/initrd.img-2.6.35-25-generic\nFound linux image: /boot/vmlinuz-2.6.35-22-generic\nFound initrd image: /boot/initrd.img-2.6.35-22-generic\nFound linux image: /boot/vmlinuz-2.6.32-28-generic\nFound initrd image: /boot/initrd.img-2.6.32-28-generic\nFound linux image: /boot/vmlinuz-2.6.32-27-generic\nFound initrd image: /boot/initrd.img-2.6.32-27-generic\nFound linux image: /boot/vmlinuz-2.6.32-21-generic\nFound initrd image: /boot/initrd.img-2.6.32-21-generic\nFound memtest86+ image: /boot/memtest86+.bin\nFound Windows 7 (loader) on /dev/sda2\n/etc/grub.d/README: 2: All: not found\n/etc/grub.d/README: 4: 00_*:: not found\n/etc/grub.d/README: 5: 10_*:: not found\n/etc/grub.d/README: 6: Syntax error: \"(\" unexpected\nrun-parts: /etc/kernel/postinst.d/zz-update-grub exited with return code 2\nFailed to process /etc/kernel/postinst.d at /var/lib/dpkg/info/linux-image-2.6.35-30-generic.postinst line 1010.\ndpkg: error processing linux-image-2.6.35-30-generic (--configure):\n subprocess installed post-installation script returned error exit status 2\ndpkg: dependency problems prevent configuration of linux-image-generic:\n linux-image-generic depends on linux-image-2.6.35-30-generic; however:\n  Package linux-image-2.6.35-30-generic is not configured yet.\ndpkg: error processing linux-image-generic (--configure):\n dependency problems - leaving unconfigured\ndpkg: dependency problems prevent configuration of linux-generic:\n linux-generic depends on linux-image-generic (= 2.6.35.30.38); however:\n  Package linux-image-generic is not configured yet.\ndpkg: error processing linux-generic (--confNo apport report written because MaxReports is reached already\n                                                                                                          No apport report written because MaxReports is reached already\nigure):\n dependency problems - leaving unconfigured\nErrors were encountered while processing:\n linux-image-2.6.35-27-generic\n linux-image-2.6.35-28-generic\n linux-image-2.6.35-30-generic\n linux-image-generic\n linux-generic\nE: Sub-process /usr/bin/dpkg returned an error code (1)\n</code></pre>\n"},{"id":34217,"title":"apt-get fail with &quot;Unpacking replacement diff&quot;","body":"<p>I tried to install TeXmacs today by follow commond:</p>\n\n<pre><code>sudo apt-get install texmacs\n</code></pre>\n\n<p>but those message come up:</p>\n\n<pre><code>Preconfiguring packages ...\n(Reading database ... \ndpkg: warning: files list file for package `diff' missing, assuming package has no files currently installed.\n(Reading database ... 212095 files and directories currently installed.)\nPreparing to replace diff 1:2.8.1-18 (using .../diff_1%3a2.8.1-18_all.deb) ...\nUnpacking replacement diff ...\n</code></pre>\n\n<p>I have no idea why my computer stop at here.</p>\n\n<p>I try to install other software but same message will come. How to solve it?</p>\n\n<p>Then I type following:</p>\n\n<pre>\nsudo rm /var/lib/dpkg/lock\nsudo rm /var/cache/apt/archives/lock \nsudo mv /var/cache/apt/archives/diff_1%3a2.8.1-18_all.deb /var/tmp\nsudo dpkg --configure -a\nsudo apt-get clean\nsudo apt-get install texmacs\n</pre>\n\n<p>Seems not work:</p>\n\n<pre>\nReading package lists... Done\nBuilding dependency tree       \nReading state information... Done\nThe following packages were automatically installed and are no longer required:\n  python-wxgtk2.8 ttf-symbol-replacement wine1.2-gecko cabextract\n  ttf-mscorefonts-installer nvidia-settings python-wxversion\nUse 'apt-get autoremove' to remove them.\nThe following extra packages will be installed:\n  diff iamerican ispell libjpeg-progs librsvg2-bin libtiff-tools\n  texlive-math-extra texmacs-common texmacs-extra-fonts transfig xaw3dg xfig\n  xfig-libs\nSuggested packages:\n  spell libtiff-opengl xfig-doc\nThe following NEW packages will be installed:\n  iamerican ispell libjpeg-progs librsvg2-bin libtiff-tools texlive-math-extra\n  texmacs texmacs-common texmacs-extra-fonts transfig xaw3dg xfig xfig-libs\nThe following packages will be upgraded:\n  diff\n1 upgraded, 13 newly installed, 0 to remove and 73 not upgraded.\n1 not fully installed or removed.\nNeed to get 22.8MB of archives.\nAfter this operation, 70.3MB of additional disk space will be used.\nDo you want to continue [Y/n]? y\nGet:1 http://security.ubuntu.com/ubuntu/ lucid-security/main libtiff-tools 3.9.2-2ubuntu0.6 [252kB]\nGet:2 http://archive.ubuntu.com/ubuntu/ lucid/universe diff 1:2.8.1-18 [5,868B]\nGet:3 http://archive.ubuntu.com/ubuntu/ lucid/main ispell 3.1.20.0-7 [175kB]\nGet:4 http://archive.ubuntu.com/ubuntu/ lucid/main iamerican 3.1.20.0-7 [445kB]\nGet:5 http://archive.ubuntu.com/ubuntu/ lucid/main libjpeg-progs 7+really6b-15ubuntu1 [83.8kB]\nGet:6 http://archive.ubuntu.com/ubuntu/ lucid-updates/universe librsvg2-bin 2.26.3-0ubuntu1 [23.2kB]\nGet:7 http://archive.ubuntu.com/ubuntu/ lucid/main texlive-math-extra 2009-7ubuntu3 [7,121kB]\nGet:8 http://archive.ubuntu.com/ubuntu/ lucid/universe texmacs-common 1:1.0.7.3-3 [3,879kB]\nGet:9 http://archive.ubuntu.com/ubuntu/ lucid/universe texmacs 1:1.0.7.3-3 [1,944kB]\nGet:10 http://archive.ubuntu.com/ubuntu/ lucid/universe texmacs-extra-fonts 0.2 [5,674kB]\nGet:11 http://archive.ubuntu.com/ubuntu/ lucid/main transfig 1:3.2.5.a-2.1 [608kB]\nGet:12 http://archive.ubuntu.com/ubuntu/ lucid/main xaw3dg 1.5+E-17build1 [176kB]\nGet:13 http://archive.ubuntu.com/ubuntu/ lucid/universe xfig 1:3.2.5.b-1ubuntu1 [748kB]\nGet:14 http://archive.ubuntu.com/ubuntu/ lucid/universe xfig-libs 1:3.2.5.b-1ubuntu1 [1,679kB]\nFetched 22.8MB in 1min 2s (366kB/s)                                            \nPreconfiguring packages ...\n(Reading database ... \ndpkg: warning: files list file for package `diff' missing, assuming package has no files currently installed.\n(Reading database ... 212095 files and directories currently installed.)\nPreparing to replace diff 1:2.8.1-18 (using .../diff_1%3a2.8.1-18_all.deb) ...\nUnpacking replacement diff ...\n</pre>\n\n<p>Why I should upgrade diff package? </p>\n"}]}]