[{"id":715909,"title":"Apt-Get Dependencies Won&#39;t Install","body":"<p>OK I'm kind of confused here. After I installed Code::Blocks from the website, a little error popped up the top bar. It said that \"Error: BrokenCount > 0\", and that one of my packages had unmet dependencies. I instantly knew this was Code::Blocks, because I recalled seeing an error when installing it, that it couldn't install the codeblocks-contrib package and some others. I have tried apt-get install -f, and all of the suggestions, and even going into the Software Center and clicking repair, but this launches similar errors that I found in the terminal. Here's my output of sudo apt-get install -f:</p>\n\n<pre><code>Reading package lists... Done\nBuilding dependency tree       \nReading state information... Done\nCorrecting dependencies... Done\nThe following extra packages will be installed:\n  codeblocks-contrib codeblocks-dev gamin libcodeblocks0 libgamin0\n  libwxsmithlib-dev\nRecommended packages:\n  valgrind\nThe following packages will be REMOVED:\n  codeblocks-headers\nThe following NEW packages will be installed:\n  gamin libgamin0 libwxsmithlib-dev\nThe following packages will be upgraded:\n  codeblocks-contrib codeblocks-dev libcodeblocks0\n3 upgraded, 3 newly installed, 1 to remove and 0 not upgraded.\n9 not fully installed or removed.\nNeed to get 0 B/5,309 kB of archives.\nAfter this operation, 1,163 kB of additional disk space will be used.\nDo you want to continue? [Y/n] y\n(Reading database ... 249992 files and directories currently installed.)\nPreparing to unpack .../codeblocks-dev_13.12-3_amd64.deb ...\nUnpacking codeblocks-dev (13.12-3) over (13.12-1) ...\ndpkg: error processing archive /var/cache/apt/archives/codeblocks-dev_13.12-3_amd64.deb (--unpack):\n trying to overwrite '/usr/include/codeblocks/externaldepsdlg.h', which is also in package codeblocks-headers 13.12-1\ndpkg-deb: error: subprocess paste was killed by signal (Broken pipe)\nErrors were encountered while processing:\n /var/cache/apt/archives/codeblocks-dev_13.12-3_amd64.deb\nE: Sub-process /usr/bin/dpkg returned an error code (1)\n</code></pre>\n","related_questions":[{"id":706838,"title":"Unmet dependencies for khelpcenter4 when installing Tellico and Eqonomize!","body":"<p>I have installed Ubuntu 15.04. When installing software packages such as Tellico or Eqonomize! I get the message saying that there are unmet dependencies for khelpcenter4. \ndilan@dilan-desktop:~$ sudo apt-get install -f\n[sudo] password for dilan: \nReading package lists... Done\nBuilding dependency tree<br>\nReading state information... Done\nCorrecting dependencies... Done\nThe following packages were automatically installed and are no longer required:\n  kde-l10n-engb kde-l10n-si\nUse 'apt-get autoremove' to remove them.\nThe following extra packages will be installed:\n  khelpcenter\nThe following NEW packages will be installed:\n  khelpcenter\n0 upgraded, 1 newly installed, 0 to remove and 14 not upgraded.\n1 not fully installed or removed.\nNeed to get 0 B/2,202 kB of archives.\nAfter this operation, 5,579 kB of additional disk space will be used.\nDo you want to continue? [Y/n] y\n(Reading database ... 248623 files and directories currently installed.)\nPreparing to unpack .../khelpcenter_4%3a5.2.2a-0ubuntu1_i386.deb ...\nUnpacking khelpcenter (4:5.2.2a-0ubuntu1) ...\ndpkg: error processing archive /var/cache/apt/archives/khelpcenter_4%3a5.2.2a-0ubuntu1_i386.deb (--unpack):\n trying to overwrite '/usr/share/locale/si/LC_MESSAGES/kcmhtmlsearch.mo', which is also in package kde-l10n-si 4:4.10.97-0ubuntu1\nProcessing triggers for gnome-menus (3.10.1-0ubuntu5) ...\nProcessing triggers for desktop-file-utils (0.22-1ubuntu3) ...\nProcessing triggers for bamfdaemon (0.5.1+15.04.20150202-0ubuntu1) ...\nRebuilding /usr/share/applications/bamf-2.index...\nProcessing triggers for mime-support (3.58ubuntu1) ...\nErrors were encountered while processing:\n /var/cache/apt/archives/khelpcenter_4%3a5.2.2a-0ubuntu1_i386.deb\nE: Sub-process /usr/bin/dpkg returned an error code (1)\ndilan@dilan-desktop:~$ </p>\n"},{"id":614072,"title":"Need help with installing a package (dpkg problem)","body":"<p>When trying to install insight from some ppa repositories i get these errors.</p>\n\n<pre>\nsudo apt-get install insight\nReading package lists... Done\nBuilding dependency tree       \nReading state information... Done\nThe following NEW packages will be installed:\n  insight\n0 upgraded, 1 newly installed, 0 to remove and 0 not upgraded.\nNeed to get 0 B/2,298 kB of archives.\nAfter this operation, 6,787 kB of additional disk space will be used.\nWARNING: The following packages cannot be authenticated!\n  insight\nInstall these packages without verification? [y/N] y\n(Reading database ... 232356 files and directories currently installed.)\nPreparing to unpack .../insight_6.8.1-0ubuntu0~sevenmachines1_amd64.deb ...\nUnpacking insight (6.8.1-0ubuntu0~sevenmachines1) ...\n</pre>\n\n<p>-----Here are the problems-------</p>\n\n<pre>\ndpkg: error processing archive /var/cache/apt/archives/insight_6.8.1-0ubuntu0~sevenmachines1_amd64.deb (--unpack):\n trying to overwrite '/usr/lib/libinproctrace.so', which is also in package gdbserver 7.8-1ubuntu4\ndpkg-deb: error: subprocess paste was killed by signal (Broken pipe)\nErrors were encountered while processing:\n /var/cache/apt/archives/insight_6.8.1-0ubuntu0~sevenmachines1_amd64.deb\nE: Sub-process /usr/bin/dpkg returned an error code (1)\n</pre>\n"},{"id":555595,"title":"Broken Package Manager: Can&#39;t fix dependencies cause of different problem","body":"<p>I'm a relatively inexperienced Linux user having a problem with Ubuntu LTS 14.04.1 LTS (installed from the MythBuntu DVD). </p>\n\n<p>If I run 'sudo apt-get install', I see the following errors: </p>\n\n<pre><code>\nYou might want to run 'apt-get -f install' to correct these.\nThe following packages have unmet dependencies:\n lib32gcc1 : Depends: gcc-4.9-base (= 4.9-20140406-0ubuntu1) but 4.9.1-0ubuntu1 is installed\n libc6-dbg : Depends: libc6 (= 2.19-0ubuntu6.3) but 2.19-0ubuntu6 is installed\n libc6-dev : Depends: libc6 (= 2.19-0ubuntu6.3) but 2.19-0ubuntu6 is installed\n libc6-i386 : Depends: libc6 (= 2.19-0ubuntu6.3) but 2.19-0ubuntu6 is installed\nE: Unmet dependencies. Try using -f.\n</code></pre>\n\n<p>If I run 'sudo apt-get -f install', it starts off promising, but then chokes with the following:</p>\n\n<pre><code>\nPreconfiguring packages ...\ndpkg: error processing package mount (--configure):\n package is in a very bad inconsistent state; you should\n reinstall it before attempting configuration\nErrors were encountered while processing:\n mount\nE: Sub-process /usr/bin/dpkg returned an error code (1)\n</code></pre>\n\n<p>I'm not totally sure how to fix that, but whenever I run any dpkg or apt-get command that I think might help resolve the problem with mount, then it gives me errors about the unmet dependencies from above. Seems that even if I had the right approach to cleaning up mount, I couldn't execute it cause of the other errors which the problem with mount is preventing me from fixing. </p>\n\n<p>How can I get package management working again? </p>\n\n<p>Thanks in advance for your help.</p>\n"},{"id":606258,"title":"14.04 trusty: &#39;apt-get install&#39; silently refuses upgrade package with unsatisfied dependencies","body":"<p>This is more or less replication of <a href=\"http://superuser.com/questions/898258/ubuntu-14-04-trusty-apt-get-install-silently-refuses-upgrade-package-with-uns\">this question</a>. I hope AskUbuntu is more suitable place for it. </p>\n\n<p><strong>Short description:</strong></p>\n\n<p><code>apt</code> can't upgrade a package if some dependencies are missing (it's OK), but what I observe on ubuntu 14.04 is that it does so with exit code 0 (issue 1) and without reporting 'unmet dependencies' (issue 2).</p>\n\n<p><strong>Detailed description:</strong></p>\n\n<p>I'm on Ubuntu 14.04, apt version <code>1.0.1ubuntu2.6</code></p>\n\n<pre><code># uname -a       \nLinux myhost 3.13.0-30-generic #55-Ubuntu SMP Fri Jul 4 21:40:53 UTC 2014 x86_64 x86_64 x86_64 GNU/Linux\n\n# lsb_release -c      \nCodename:       trusty\n\n# dpkg -l apt         \n||/ Name            Version        Architecture Description\n+++-===============-==============-============-====================================\nii  apt             1.0.1ubuntu2.6 amd64        commandline package manager\n</code></pre>\n\n<p>I have a package installed, version 0.03, no dependencies:</p>\n\n<pre><code># dpkg -l fake-test-package\n||/ Name                  Version         Architecture    Description\n+++-=====================-===============-===============-===============================================\nii  fake-test-package     0.03-1          all             package to test apt\n\n# apt-cache depends fake-test-package=0.03-1\nfake-test-package\n</code></pre>\n\n<p>I'd like to upgrade the package to the version 0.04 (which has unmet dependency <code>very-strange-dependency</code>):</p>\n\n<pre><code># apt-cache depends fake-test-package=0.04-1\nfake-test-package\n  Depends: &lt;very-strange-dependency&gt;\n</code></pre>\n\n<p>So, I perform <code>apt-get install</code>:</p>\n\n<pre><code># apt-get install fake-test-package=0.04-1         \nReading package lists... Done\nBuilding dependency tree       \nReading state information... Done\nThe following extra packages will be installed:\n  fake-test-package\n0 upgraded, 0 newly installed, 0 to remove and 217 not upgraded.\n\n# echo $?\n0\n</code></pre>\n\n<p>Everything seems OK, and the exit code is 0, but the packages wasn't updated:</p>\n\n<pre><code># dpkg -l fake-test-package\n||/ Name                  Version         Architecture    Description\n+++-=====================-===============-===============-===============================================\nii  fake-test-package     0.03-1          all             package to test apt\n</code></pre>\n\n<p>Here is the problem, as <code>apt</code> silently refuses to upgrade the package and I don't know neither that it happened nor why.</p>\n\n<p>On Ubuntu 12.04 I observe the different behavior: exit code=100 and 'unmet dependencies' report:</p>\n\n<pre><code>precise# apt-get install fake-test-package=0.04-1\nReading package lists... Done\nBuilding dependency tree       \nReading state information... Done\nSome packages could not be installed. This may mean that you have\nrequested an impossible situation or if you are using the unstable\ndistribution that some required packages have not yet been created\nor been moved out of Incoming.\nThe following information may help to resolve the situation:\n\nThe following packages have unmet dependencies:\n fake-test-package : Depends: very-strange-dependency but it is not installable\nE: Unable to correct problems, you have held broken packages.\n\nprecise# echo $?\n100\n</code></pre>\n\n<p>What is interesting, the problem occurs only on upgrade of existing package. If I remove version 0.03 from the system and try to install 0.04 directly, <code>apt</code> behaves in an expected way:</p>\n\n<pre><code>trusty# apt-get purge fake-test-package\nReading package lists... Done\nBuilding dependency tree       \nReading state information... Done\nThe following packages will be REMOVED:\n  fake-test-package*\n0 upgraded, 0 newly installed, 1 to remove and 217 not upgraded.\nAfter this operation, 13.3 kB disk space will be freed.\nDo you want to continue? [Y/n] y\n(Reading database ... 157742 files and directories currently installed.)\nRemoving fake-test-package (0.03-1) ...\nPurging configuration files for fake-test-package (0.03-1) ...\n\ntrusty# apt-get install fake-test-package=0.04-1\nReading package lists... Done\nBuilding dependency tree       \nReading state information... Done\nSome packages could not be installed. This may mean that you have\nrequested an impossible situation or if you are using the unstable\ndistribution that some required packages have not yet been created\nor been moved out of Incoming.\nThe following information may help to resolve the situation:\n\nThe following packages have unmet dependencies:\n fake-test-package : Depends: very-strange-dependency but it is not installable\nE: Unable to correct problems, you have held broken packages.\n\ntrusty# echo $?\n100 \n</code></pre>\n\n<p><strong>The main question:</strong></p>\n\n<p>How can I make <code>apt</code> to report unmet dependencies on upgrade of an installed package and to show failed upgrade via non-zero exit code?</p>\n"},{"id":607143,"title":"apt-get upgrade error: Unmet dependencies","body":"<p>I am getting the following error when I do <code>sudo apt-get upgrade</code>:</p>\n\n<pre>\nReading package lists... Done\nBuilding dependency tree       \nReading state information... Done\nYou might want to run 'apt-get -f install' to correct these.\nThe following packages have unmet dependencies:\n libdbus-1-dev : Depends: libdbus-1-3 (= 1.4.18-1ubuntu1.5) but 1.4.18-1ubuntu1.7 is installed\nE: Unmet dependencies. Try using -f.\n</pre>\n\n<p>The output of <code>sudo apt-get -f install</code> command:</p>\n\n<pre>\ndpkg: dependency problems prevent configuration of libdbus-1-dev:\n libdbus-1-dev depends on libdbus-1-3 (= 1.4.18-1ubuntu1.5); however:\n  Version of libdbus-1-3 on system is 1.4.18-1ubuntu1.7.\ndpkg: error processing libdbus-1-dev (--configure):\n dependency problems - leaving unconfigured\nNo apport report written because the error message indicates its a followup error from a previous failure.\nErrors were encountered while processing:\n libdbus-1-dev\nE: Sub-process /usr/bin/dpkg returned an error code (1)\n</pre>\n\n<p>The first one worked but...dpkg --remove --force-depends libdbus-1-3</p>\n\n<pre>\ndpkg: warning: ignoring request to remove libdbus-1-3, only the config\n files of which are on the system. Use --purge to remove them too.\n</pre>\n\n<p>sudo dpkg --purge --force-depends libdbus-1-3</p>\n\n<pre>\ndpkg: warning: there's no installed package matching libdbus-1-3\n</pre>\n\n<p>apt-get -f install</p>\n\n<pre>\nThe following extra packages will be installed:\n  libdbus-1-3 libdbus-1-dev\nThe following NEW packages will be installed:\n  libdbus-1-3\nThe following packages will be upgraded:\n  libdbus-1-dev\n1 upgraded, 1 newly installed, 0 to remove and 17 not upgraded.\n1 not fully installed or removed.\nNeed to get 0 B/362 kB of archives.\nAfter this operation, 394 kB of additional disk space will be used.\nDo you want to continue [Y/n]? y\nSelecting previously unselected package libdbus-1-3.\n(Reading database ... 367749 files and directories currently installed.)\nUnpacking libdbus-1-3 (from .../libdbus-1-3_1.4.18-1ubuntu1.7_i386.deb) ...\nSetting up libdbus-1-3 (1.4.18-1ubuntu1.7) ...\ndpkg: dependency problems prevent configuration of libdbus-1-dev:\n libdbus-1-dev depends on libdbus-1-3 (= 1.4.18-1ubuntu1.5); however:\n  Version of libdbus-1-3 on system is 1.4.18-1ubuntu1.7.\ndpkg: error processing libdbus-1-dev (--configure):\n dependency problems - leaving unconfigured\nProcessing triggers for libc-bin ...\nNo apport report written because the error message indicates its a followup error from a previous failure.\n                                                                                                          ldconfig deferred processing now taking place\nErrors were encountered while processing:\n libdbus-1-dev\nE: Sub-process /usr/bin/dpkg returned an error code (1)\n</pre>\n\n<hr>\n\n<p>sudo apt-get autoclean</p>\n\n<pre>\n**Reading package lists... Done\nBuilding dependency tree       \nReading state information... Done\n</pre>\n\n<p>sudo apt-get -f install</p>\n\n<pre>\nReading package lists... Done\nBuilding dependency tree       \nReading state information... Done\nCorrecting dependencies... Done\nThe following packages were automatically installed and are no longer required:\n  thunderbird-globalmenu nvidia-settings-updates gir1.2-ubuntuoneui-3.0 linux-headers-3.2.0-39 libubuntuoneui-3.0-1\n  linux-headers-3.5.0-23 linux-headers-3.5.0-23-generic linux-headers-3.2.0-39-generic\nUse 'apt-get autoremove' to remove them.\nThe following extra packages will be installed:\n  libdbus-1-dev\nThe following packages will be upgraded:\n  libdbus-1-dev\n1 upgraded, 0 newly installed, 0 to remove and 17 not upgraded.\n1 not fully installed or removed.\nNeed to get 0 B/213 kB of archives.\nAfter this operation, 3,072 B of additional disk space will be used.\nDo you want to continue [Y/n]? y\ndpkg: dependency problems prevent configuration of libdbus-1-dev:\n libdbus-1-dev depends on libdbus-1-3 (= 1.4.18-1ubuntu1.5); however:\n  Version of libdbus-1-3 on system is 1.4.18-1ubuntu1.7.\ndpkg: error processing libdbus-1-dev (--configure):\n dependency problems - leaving unconfigured\nNo apport report written because the error message indicates its a followup error from a previous failure.\n                                                                                                          Errors were encountered while processing:\n libdbus-1-dev\nE: Sub-process /usr/bin/dpkg returned an error code (1)\n</pre>\n\n<p>After doing this I checked the restricted and universe repositories and they were already enabled.\nSame for  Ubuntu Software, the repositories were enabled to.</p>\n\n<p>Still not working maybe am I doing something wrong</p>\n\n<pre>\nsudo apt-get install libdbus-1-3=1.4.18-1ubuntu1.5 libdbus-1-dev \nReading package lists... Done\nBuilding dependency tree       \nReading state information... Done\nE: Version '1.4.18-1ubuntu1.5' for 'libdbus-1-3' was not found\n</pre>\n"},{"id":589059,"title":"How to fix unmet dependencies when upgrading?","body":"<p>I'm running Ubuntu 14.04.2.</p>\n\n<p>After installing some programs this weekend --and perhaps having been too incautious with ppa's and/or the apt-get autoremove option-- I seem to have unmet dependencies which causes an error message in the notification tray and prevents me from upgrading.</p>\n\n<p>This is the error message:</p>\n\n<blockquote>\n  <p>An error occurred, please run Package Manager from the right-click menu or apt-get in a terminal to see what is wrong. The error message was: 'Error: marking the upgrade (E: Error, pkgProblemResolver::Resolve generated breaks, this may be caused by held packages.)'. This usually means that your installed packages have unmet dependencies.</p>\n</blockquote>\n\n<p>I noticed that some packages where being kept back from upgrading and found out that xorg was giving problems.</p>\n\n<pre><code>sudo apt-get upgrade xorg\n</code></pre>\n\n<p>Results in the following error:</p>\n\n<pre>\nThe following packages have unmet dependencies:\ngnome-control-center : Depends: libcheese-gtk23 (>= 3.4.0) but it is not going to be installed\n                       Depends: libcheese7 (>= 3.0.1) but it is not going to be installed\nunity-control-center : Depends: libcheese-gtk23 (>= 3.4.0) but it is not going to be installed\n                       Depends: libcheese7 (>= 3.0.1) but it is not going to be installed\nE: Error, pkgProblemResolver::Resolve generated breaks, this may be caused by held packages\n</pre>\n\n<p>However, the libcheese dependencies seem to be installed and upgraded to the latest version. I have tried the basic troubleshooting regarding unmet dependencies, following this post: <a href=\"http://askubuntu.com/questions/140246/how-do-i-resolve-unmet-dependencies-after-adding-a-ppa\">How do I resolve unmet dependencies after adding a PPA?</a></p>\n\n<p>I've tried:</p>\n\n<pre><code>sudo apt-get clean\nsudo apt-get autoclean\nsudo apt-get -f install\nsudo dpkg --configure -a\n</code></pre>\n\n<p>But without any results. Since I don't want to upgrade to a newer version, I've not run:</p>\n\n<pre><code>sudo apt-get dist-upgrade\n</code></pre>\n\n<p>By now I'm clueless what I can do to fix this problem. Any help would be greatly appreciated.</p>\n"},{"id":557889,"title":"Can&#39;t install clamav dependencies?","body":"<p>Turns out I can't install anything using aptitude and I also seem to be missing a few dependencies.</p>\n\n<p><strong>When I try to install a program</strong>:</p>\n\n<pre>\nmom@mom-Inspiron-1720:~$ sudo apt-get install firmware-b43-installer\nReading package lists... Done\nBuilding dependency tree       \nReading state information... Done\nYou might want to run 'apt-get -f install' to correct these:\nThe following packages have unmet dependencies:\n clamav-daemon : Depends: clamav-base (= 0.98.5+addedllvm-0ubuntu0.14.04.1) but it is not going to be installed\n clamav-freshclam : Depends: clamav-base (>= 0.98.5+addedllvm-0ubuntu0.14.04.1) but it is not going to be installed\nE: Unmet dependencies. Try 'apt-get -f install' with no packages (or specify a solution).\nmom@mom-Inspiron-1720:~$\n</pre>\n\n<p><strong>When I use <code>apt-get -f install</code>:</strong></p>\n\n<pre>\nmom@mom-Inspiron-1720:~$ sudo apt-get -f install\nReading package lists... Done\nBuilding dependency tree       \nReading state information... Done\nCorrecting dependencies... Done\nThe following extra packages will be installed:\n  clamav-base clamav-daemon\nSuggested packages:\n  daemon clamav-docs\nThe following NEW packages will be installed:\n  clamav-base\nThe following packages will be upgraded:\n  clamav-daemon\n1 upgraded, 1 newly installed, 0 to remove and 106 not upgraded.\n5 not fully installed or removed.\nNeed to get 0 B/244 kB of archives.\nAfter this operation, 369 kB of additional disk space will be used.\nDo you want to continue? [Y/n] y\nPreconfiguring packages ...\nCan't exec \"/tmp/clamav-base.config.0YwBEj\": Permission denied at /usr/share/perl/5.18/IPC/Open3.pm line 173.\nopen2: exec of /tmp/clamav-base.config.0YwBEj configure  failed at /usr/share/perl5/Debconf/ConfModule.pm line 59.\n(Reading database ... 304306 files and directories currently installed.)\nPreparing to unpack .../clamav-daemon_0.98.5+addedllvm-0ubuntu0.14.04.1_i386.deb ...\n/etc/init.d/clamav-daemon: 164: export: Default:: bad variable name\ninvoke-rc.d: initscript clamav-daemon, action \"stop\" failed.\ndpkg: warning: subprocess old pre-removal script returned error exit status 2\ndpkg: trying script from the new package instead ...\n/etc/init.d/clamav-daemon: 164: export: Default:: bad variable name\ninvoke-rc.d: initscript clamav-daemon, action \"stop\" failed.\ndpkg: error processing archive /var/cache/apt/archives/clamav-daemon_0.98.5+addedllvm-0ubuntu0.14.04.1_i386.deb (--unpack):\n subprocess new pre-removal script returned error exit status 2\n/etc/init.d/clamav-daemon: 164: export: Default:: bad variable name\ninvoke-rc.d: initscript clamav-daemon, action \"start\" failed.\ndpkg: error while cleaning up:\n subprocess installed post-installation script returned error exit status 2\nPreparing to unpack .../clamav-base_0.98.5+addedllvm-0ubuntu0.14.04.1_all.deb ...\nUnpacking clamav-base (0.98.5+addedllvm-0ubuntu0.14.04.1) ...\ndpkg: error processing archive /var/cache/apt/archives/clamav-base_0.98.5+addedllvm-0ubuntu0.14.04.1_all.deb (--unpack):\n trying to overwrite '/usr/share/man/man5/clamd.conf.5.gz', which is also in package clamav-daemon 0.98.4+dfsg-2~ubuntu14.04.1\nProcessing triggers for man-db (2.6.7.1-1ubuntu1) ...\nErrors were encountered while processing:\n /var/cache/apt/archives/clamav-daemon_0.98.5+addedllvm-0ubuntu0.14.04.1_i386.deb\n /var/cache/apt/archives/clamav-base_0.98.5+addedllvm-0ubuntu0.14.04.1_all.deb\nE: Sub-process /usr/bin/dpkg returned an error code (1)\nmom@mom-Inspiron-1720:~$ \n</pre>\n\n<p>Any suggestions would be appreciated!</p>\n"},{"id":539085,"title":"Apt-get commands are failing with libpython3.3 unmet dependencies","body":"<p>OS: Ubuntu 14.04, Arch: amd_x64. </p>\n\n<p>Apt-get commands: install, remove and purge fails with the same error below.</p>\n\n<p>However commands like update and clean works fine.</p>\n\n<p>Not sure how to resolve the issue. Take a look at my terminal session.</p>\n\n<pre>\nuser@ubuntu$: sudo apt-get install --reinstall lightdm\n\nReading package lists...\nBuilding dependency tree...\nReading state information...\nYou might want to run 'apt-get -f install' to correct these:\nThe following packages have unmet dependencies:\n libpython3.3 : Depends: python3.3 (= 3.3.6-1+trusty1) but 3.3.2-7ubuntu4 is to be installed\nE: Unmet dependencies. Try 'apt-get -f install' with no packages (or specify a solution).\n\nuser@ubuntu$: sudo apt-get -f install -y\n\nReading package lists...\nBuilding dependency tree...\nReading state information...\nCorrecting dependencies... Done\nThe following packages were automatically installed and are no longer required:\n  evolution-common libevolution libgtkhtml-4.0-0 libgtkhtml-4.0-common\n  libgtkhtml-editor-4.0-0 libkactivities-models1 libmail-spf-perl\n  libnetaddr-ip-perl libpst4 libytnef0 re2c sa-compile spamassassin spamc\nUse 'apt-get autoremove' to remove them.\nThe following extra packages will be installed:\n  python3.3 python3.3-minimal\nSuggested packages:\n  python3.3-doc\nThe following packages will be upgraded:\n  python3.3 python3.3-minimal\n2 upgraded, 0 newly installed, 0 to remove and 108 not upgraded.\n1 not fully installed or removed.\nNeed to get 0 B/3,356 kB of archives.\nAfter this operation, 10.8 MB of additional disk space will be used.\n(Reading database ... 403449 files and directories currently installed.)\nPreparing to unpack .../python3.3_3.3.6-1+trusty1_amd64.deb ...\nUnpacking python3.3 (3.3.6-1+trusty1) over (3.3.2-7ubuntu4) ...\ndpkg: error processing archive /var/cache/apt/archives/python3.3_3.3.6-1+trusty1_amd64.deb (--unpack):\n trying to overwrite '/usr/lib/python3.3/asynchat.py', which is also in package libpython3.3-stdlib:amd64 3.3.2-7ubuntu4\ndpkg-deb: error: subprocess paste was killed by signal (Broken pipe)\ndpkg: considering deconfiguration of python3.3, which would be broken by installation of python3.3-minimal ...\ndpkg: yes, will deconfigure python3.3 (broken by python3.3-minimal)\nPreparing to unpack .../python3.3-minimal_3.3.6-1+trusty1_amd64.deb ...\nDe-configuring python3.3 (3.3.2-7ubuntu4) ...\nUnpacking python3.3-minimal (3.3.6-1+trusty1) over (3.3.2-7ubuntu4) ...\ndpkg: error processing archive /var/cache/apt/archives/python3.3-minimal_3.3.6-1+trusty1_amd64.deb (--unpack):\n trying to overwrite '/usr/lib/python3.3/sre_compile.py', which is also in package libpython3.3-minimal:amd64 3.3.2-7ubuntu4\ndpkg-deb: error: subprocess paste was killed by signal (Broken pipe)\nProcessing triggers for man-db (2.6.7.1-1) ...\nProcessing triggers for gnome-menus (3.10.1-0ubuntu2) ...\nProcessing triggers for desktop-file-utils (0.22-1ubuntu1) ...\nProcessing triggers for bamfdaemon (0.5.1+14.04.20140409-0ubuntu1) ...\nRebuilding /usr/share/applications/bamf-2.index...\nProcessing triggers for mime-support (3.54ubuntu1) ...\nErrors were encountered while processing:\n /var/cache/apt/archives/python3.3_3.3.6-1+trusty1_amd64.deb\n /var/cache/apt/archives/python3.3-minimal_3.3.6-1+trusty1_amd64.deb\nE: Sub-process /usr/bin/dpkg returned an error code (1)\n\nuser@ubuntu$: python --version\n\nPython 2.7.6\n\nuser@ubuntu$: python3 --version\n\nPython 3.4.0\n\nuser@ubuntu$: python3.3 --version\n\nPython 3.3.2+\n</pre>\n"},{"id":451596,"title":"Update Error (using apt-get install -f)?","body":"<p>So I tried updating my system, to find this pop-up error upon attempt,</p>\n\n<blockquote>\n  <p>The package system is broken</p>\n  \n  <p>Check if you are using third party repositories. If so disable them,\n  since they are a common source of problems. Furthermore run the\n  following command in a Terminal: apt-get install -f</p>\n</blockquote>\n\n<p>I ran the command under <strong>sudo</strong> in the command prompt, to find this issue,</p>\n\n<blockquote>\n  <p>Reading package lists... Done Building dependency tree        Reading</p>\n  \n  <p>state information... Done Correcting dependencies... Done The</p>\n  \n  <p>following packages were automatically installed and are no longer</p>\n  \n  <p>required:   nvidia-settings-updates libudev0:i386 Use 'apt-get</p>\n  \n  <p>autoremove' to remove them. The following extra packages will be</p>\n  \n  <p>installed:   tor Suggested packages:   mixmaster xul-ext-torbutton</p>\n  \n  <p>socat tor-arm apparmor-utils The following NEW packages will be</p>\n  \n  <p>installed:   tor 0 upgraded, 1 newly installed, 0 to remove and 243</p>\n  \n  <p>not upgraded. 1 not fully installed or removed. Need to get 0 B/1,097</p>\n  \n  <p>kB of archives. After this operation, 2,571 kB of additional disk</p>\n  \n  <p>space will be used. Do you want to continue [Y/n]? y (Reading database</p>\n  \n  <p>... 388724 files and directories currently installed.) Unpacking tor</p>\n  \n  <p>(from .../tor_0.2.4.21-1~precise+1_amd64.deb) ... dpkg: error</p>\n  \n  <p>processing /var/cache/apt/archives/tor_0.2.4.21-1~precise+1_amd64.deb</p>\n  \n  <p>(--unpack):  trying to overwrite '/usr/bin/tor', which is also in</p>\n  \n  <p>package tor-browser 2.3.25-12 dpkg-deb: error: subprocess paste was</p>\n  \n  <p>killed by signal (Broken pipe) Processing triggers for man-db ...</p>\n  \n  <p>Errors were encountered while processing: </p>\n  \n  <p>/var/cache/apt/archives/tor_0.2.4.21-1~precise+1_amd64.deb E:</p>\n  \n  <p>Sub-process /usr/bin/dpkg returned an error code (1)</p>\n</blockquote>\n\n<p>What can I do to fix this error and get my update underway?</p>\n"},{"id":140510,"title":"libssl Dependencies","body":"<p>Alright, so I was messing around with libssl and I manged to mess up libssl pretty well. It looks like I installed a separate version of libssl 64 than I've for libssl32 and now I can't use <code>apt-get</code> at all.</p>\n\n<p>Output of <code>sudo apt-get install -f</code>:</p>\n\n<pre>\n$ sudo apt-get install -f\nReading package lists... Done\nBuilding dependency tree Reading state information... Done\nCorrecting dependencies... Done\nThe following package was automatically installed and is no longer required:\n  libssl1.0.0:i386\nUse 'apt-get autoremove' to remove them.\nThe following extra packages will be installed:\n  libssl1.0.0:i386\nThe following packages will be upgraded:\n  libssl1.0.0:i386\n1 upgraded, 0 newly installed, 0 to remove and 7 not upgraded.\n4 not fully installed or removed.\nNeed to get 0 B/1,004 kB of archives.\nAfter this operation, 23.6 kB of additional disk space will be used.\nDo you want to continue [Y/n]? y\nE: Internal Error, No file name for libssl1.0.0\n</pre>\n\n<p>Output of <code>sudo apt-get upgrade</code>:</p>\n\n<pre>\n$ sudo apt-get upgrade\nReading package lists... Done\nBuilding dependency tree\nReading state information... Done\nYou might want to run 'apt-get -f install' to correct these.\nThe following packages have unmet dependencies:\n  libssl1.0.0 : Breaks: libssl1.0.0:i386 (!= 1.0.1-4ubuntu5) but 1.0.0e-2ubuntu4.5 is installed\n  libssl1.0.0:i386 : Breaks: libssl1.0.0 (!= 1.0.0e-2ubuntu4.5) but 1.0.1-4ubuntu5 is installed\nE: Unmet dependencies. Try using -f\n</pre>\n\n<p>Output of <code>sudo dpkg --configure -a</code>:</p>\n\n<pre>\n$ sudo dpkg --configure -a\ndpkg: error processing libssl1.0.0 (--configure):\n  libssl1.0.0:amd64 1.0.1-4ubuntu5 cannot be configured because libssl1.0.0:i386 is in a different version (1.0.0e-2ubuntu4.5)\ndpkg: error processing libssl1.0.0:i386 (--configure):\n  libssl1.0.0:i386 1.0.0e-2ubuntu4.5 cannot be configured because libssl1.0.0:amd64 is in a different version (1.0.1-4ubuntu5)\ndpkg: dependency problems prevent configuration of openssl:\n  openssl depends on libssl1.0.0 (>= 1.0.1); however:\n   Package libssl1.0.0 is not configured yet.\ndpkg: error processing openssl (--configure):\n  dependency problems - leaving unconfigured\ndpkg: dependency problems prevent configuration of libssl-dev:\n  libssl-dev depends on libssl1.0.0 (= 1.0.1-4ubuntu5); however:\n  Package libssl1.0.0 is not configured yet.\ndpkg: error processing libssl-dev (--configure):\n  dependency problems - leaving unconfigured\nErrors were encountered while processing:\n  libssl1.0.0\n  libssl1.0.0:i386\n  openssl\n  libssl-dev\n</pre>\n\n<p>Any help would be appreciated!</p>\n"}]}]