[{"id":715170,"title":"Libraries problem","body":"<p>I am trying to open a demo (arahweave), but when I click on its start button nothing happens. When I write the whole address in the terminal I get:</p>\n\n<pre><code>error while loading shared libraries: libXt.so.6: cannot open shared object file: no such file or directory.\n</code></pre>\n\n<p>However I found the file in <code>/usr/lib/x86_64-linux-gnu</code>. </p>\n\n<p>Kubuntu 14.04 LTS on a 64 bit Dell Inspiron.</p>\n\n<p>Would be glad for any help!</p>\n\n<p>Update:\nWhen I take <code>cat</code> on the executable I get the following:</p>\n\n<pre><code>#!/bin/bash\n# script to run ArahWeave\n# by setting the appropriate shared library locations\n# (c) 1993-2014 Arahne, d.o.o.\n\ncd ~/arahne/aw\n\nLD_LIBRARY_PATH=../common/lib:$LD_LIBRARY_PATH\nexport LD_LIBRARY_PATH\n\n# map kepad enter to enter \nxmodmap -e \"keycode 108 = Return\" \n\n./arahweave \"$1\" \"$2\" &amp;\n</code></pre>\n\n<p>Perhaps this tells why the program don't  find the <code>libXt.so.6</code>?</p>\n\n<p>New update:</p>\n\n<p>Aweave is up and running!  Thank you for helping me!</p>\n\n<p>I used the \"sudo apt-get update\" command followed by \"sudo apt-get install libpackage:i386\"   </p>\n\n<p>Found which package to install by reading the error messages of missing libfile that I got and so visiting  \"ubuntu packages search\".</p>\n\n<p>Had to do this several times, but got a new missing file after each new package and got hope:)</p>\n\n<p>I now get a warning about some fontconfig problems, but think I shall manage...</p>\n","related_questions":[{"id":220606,"title":"c library gl must be installed","body":"<p>I am trying to install dangerdeep.  after installing dependancies suggested by web site and scon debug I get the message c library gl must be installed.  I am working with ubuntu 12.04</p>\n"},{"id":672004,"title":"S2n library doesn&#39;t link with arm","body":"<p>When I am trying to compile amazon's s2n(opnen source TLS implementation) library on arm64, It gives me the error </p>\n\n<pre><code>hidden symbol 'pthread_atfork' in /usr/lib/aarch64-linux-gnu/libpthread_nonshared.a (pthread_atfokr.OS) is referenced by DSO.\nfatal link failed.\n</code></pre>\n\n<p>The library works well with linux-x86.</p>\n"},{"id":611933,"title":"Missing libSM.so.6 library - QT creator installation error","body":"<p>when i trying to ran qt-linux-opensource-5.0.2-x86-offline.run I gets below error.</p>\n\n<p><strong>./qt-linux-opensource-5.0.2-x86-offline.run: error while loading shared libraries: libSM.so.6: cannot open shared object file: No such file or directory</strong></p>\n\n<p>I have installed Qt before but I didn't get any error.\nI think the cause should below command</p>\n\n<p><strong>sudo apt-get autoremove</strong></p>\n\n<p>I ran this command to my newly installed ubuntu.\nI found this article online</p>\n\n<p><strong><a href=\"http://docs.alfresco.com/5.0/concepts/install-lolibfiles.html\" rel=\"nofollow\">http://docs.alfresco.com/5.0/concepts/install-lolibfiles.html</a></strong></p>\n\n<p>so I ran below command</p>\n\n<p><strong>sudo apt-get install libice6 libsm6 libxt6 libxrender1 libfontconfig1 libcups2</strong></p>\n\n<p>but terminal says its already installed</p>\n\n<p><strong>libsm6 is already the newest version</strong></p>\n\n<p>can anyone tell me a way to install qt creater</p>\n"},{"id":639339,"title":"Updated libraries, broke SSH and some library","body":"<p>I was trying to update my python and get opencv to work on Ubuntu 12.04, and managed to cause two concerns.</p>\n\n<ol>\n<li><p>I get an email every 30 minutes saying:</p>\n\n<pre><code>php5: /usr/local/MATLAB/R2014b/bin/glnxa64/libcrypto.so.1.0.0: no version information available (required by php5)\nphp5: /usr/local/MATLAB/R2014b/bin/glnxa64/libssl.so.1.0.0: no version information available (required by php5)\n</code></pre></li>\n<li><p>When I ssh out of this system, I get an error:</p>\n\n<pre><code>ssh_exchange_identification: Connection closed by remote host\n</code></pre></li>\n</ol>\n\n<p>Or a warning:</p>\n\n<pre><code>ssh: /usr/local/MATLAB/R2014b/bin/glnxa64/libcrypto.so.1.0.0: no version information available (required by ssh)\n</code></pre>\n\n<p>So I rather blindly followed a tutorial to try and sort my python issues out, and ended up perhaps over-riding a package or something - not sure. My apt-log says:</p>\n\n<pre><code>apt-get install libopencv-dev build-essential checkinstall cmake pkg-config yasm libtiff4-dev libjpeg-dev libjasper-dev libavcodec-dev libavformat-dev libswscale-dev libdc1394-22-dev libxine-dev libgstreamer0.10-dev libgstreamer-plugins-base0.10-dev libv4l-dev python-dev python-numpy libtbb-dev libqt4-dev libgtk2.0-dev libfaac-dev libmp3lame-dev libopencore-amrnb-dev libopencore-amrwb-dev libtheora-dev libvorbis-dev libxvidcore-dev x264 v4l-utils ffmpeg\napt-get autoremove libopencv-dev python-opencv\napt-get install zlib1g-dev libjpeg-dev libwebp-dev libpng-dev\napt-get install libjasper-dev libopenexr-dev libgdal-dev\napt-get install libdc1394-22-dev libavcodec-dev libavformat-dev libswscale-dev libtheora-dev libvorbis-dev libxvidcore-dev libx264-dev yasm libopencore-amrnb-dev libopencore-amrwb-dev libv4l-dev libxine2-dev\napt-get install libtbb-dev libeigen3-dev\napt-get install python-dev python-tk python-numpy python3-dev python3-tk python3-numpy\napt-get install ant default-jdk\n</code></pre>\n\n<p>The other thing I changed was to add this line to <code>/etc/ld.so.conf.d/opencv.conf</code></p>\n\n<pre><code>/usr/local/MATLAB/R2014b/bin/glnxa64/\n</code></pre>\n"},{"id":596530,"title":"installation of fflas-ffpack library, blas library not found","body":"<p>I have a problem with installation of the fflas-ffpack library(<a href=\"http://www-ljk.imag.fr/membres/Jean-Guillaume.Dumas/FFLAS/\" rel=\"nofollow\">http://www-ljk.imag.fr/membres/Jean-Guillaume.Dumas/FFLAS/</a>). I've downloaded the installation archive file and extracted it into ~/fflas-ffpack-2.0.0. Then I wrote the script </p>\n\n<pre><code>cd ~/fflas-ffpack-2.0.0  \n./configure \n</code></pre>\n\n<p>and got an error:</p>\n\n<blockquote>\n  <p>checking for GMP >= 4.0.0 with cxx enabled... found<br>\n  checking for GIVARO >= 30800 and &lt; 30900... not found<br>\n  -D__FFLASFFPACK_HAVE_CBLAS</p>\n  \n  <p>checking for USER BLAS... checking for USER LAPACK... no</p>\n  \n  <hr>\n  \n  <p>ERROR: BLAS not found!</p>\n  \n  <p>BLAS routines are required for this library to compile. Please make sure BLAS are installed and specify its location with the option<br>\n  --with-blas-libs=&lt;&lt; libs >> and if necessary --with-blas-cflags=&lt;&lt; cflags >><br>\n  ./configure: line 17002: ecjp: command not found</p>\n  \n  <hr>\n</blockquote>\n\n<p>I decided to focus on BLAS library first, as it doesn't depend on givaro. I thought, I had already installed it by</p>\n\n<pre><code>sudo apt-get install libgsl0ldbl\n</code></pre>\n\n<p>(according to the site of fflas-ffpack it's a valid blas implementation).<br>\nI supposed the problem was caused by incorrect installation or the wrong version. So I searched on the Internet for a blas installation instruction. I tried several of them. E. g.<br>\nthese ones were successful<br>\n1) </p>\n\n<pre><code>sudo apt-get install libblas3gf  \nsudo apt-get install libblas-doc  \nsudo apt-get install libblas-dev  \nsudo apt-get install liblapack3gf  \nsudo apt-get install liblapack-doc  \nsudo apt-get install liblapack-dev  \n</code></pre>\n\n<p>2)  </p>\n\n<pre><code>sudo apt-get install libatlas-base-dev\n</code></pre>\n\n<p>3)  </p>\n\n<pre><code>sudo apt-get install liblapack-dev\n</code></pre>\n\n<p>and these were not<br>\n4)</p>\n\n<pre><code>tar zxf blas.tgz\ncd BLAS\nmake all\n</code></pre>\n\n<p>(\"make: Nothing to be done for 'all'.\")<br>\n5)  </p>\n\n<pre><code>sudo apt-get install blas\n</code></pre>\n\n<p>(\"E: Unable to locate package blas\").<br>\nEach time after trying to install the blas library in one more way I got the same problem. I'm new with Ubuntu and I'm not sure whether I'm right, but it seems to me that I have this library installed by now.<br>\nBut maybe I'm doing sth completely wrong. The fflas-ffpack site states: \"To run it [the lbrary], you need to link to a BLAS library.\"<br>\nI tried three scripts:<br>\n1)</p>\n\n<pre><code>./configure --with-blas-lib=libatlas-base-dev\n</code></pre>\n\n<p>2)</p>\n\n<pre><code>./configure --with-blas-lib=libblas3gf\n</code></pre>\n\n<p>3)</p>\n\n<pre><code>./configure --with-blas-lib=/usr/lib/libatlas.a\n</code></pre>\n\n<p>.\nHowever I believe I'm trying to do the linking in a wrong way. How can I do it correctly? Or what else can I do to install fflas-ffpack and blas properly?</p>\n"},{"id":519662,"title":"Unable to find phonon library","body":"<p>I am trying to build an application that requires the phonon library...</p>\n\n<p>I got an error because the lphonon was not found. so I tried to look for it... there is no \"phonon\" on my system.</p>\n\n<p>I tried installing it</p>\n\n<blockquote>\n  <p>sudo apt-get install libqt4-phonon\n  sudo apt-get install libqt4-phonon-dev</p>\n</blockquote>\n\n<p>neither worked, so I tried </p>\n\n<blockquote>\n  <p>sudo apt-get install phonon</p>\n</blockquote>\n\n<p>It worked... and i was able to find it in </p>\n\n<blockquote>\n  <p>\\usr\\lib\\i386-linux-gnu</p>\n</blockquote>\n\n<p>, but the files i find are</p>\n\n<blockquote>\n  <p>libphonon.so.4 and libphonon.so.4.6.0</p>\n</blockquote>\n\n<p>I added this path in the project file</p>\n\n<blockquote>\n  <p>unix:INCLUDEPATH += /usr/lib/i386-linux-gnu</p>\n</blockquote>\n\n<p>this was there before</p>\n\n<blockquote>\n  <p>unix:QT += phonon</p>\n</blockquote>\n\n<p>Do I have to change the name of the lib ? How can I make it work ?</p>\n"},{"id":313691,"title":"missing libjpeg.so.62 from ia32 shared library","body":"<p>I am trying to install a chemical/molecular biology modeling program called Molsoft ICM-Pro.  Initially after downloading the program and trying to open, it gave me error messages that I was missing shared libraries, and after talking with my network administrator he recommended I install the ia32 shared libraries using</p>\n\n<blockquote>\n  <p>sudo apt-get install ia32-libs</p>\n</blockquote>\n\n<p>Which gives</p>\n\n<blockquote>\n  <p>sudo apt-get install ia32-libs\n  Reading package lists... Done\n  Building dependency tree<br>\n  Reading state information... Done\n  ia32-libs is already the newest version.\n  0 upgraded, 0 newly installed, 0 to remove and 0 not upgraded.</p>\n</blockquote>\n\n<p>so I am assuming the libraries installed correctly, but now when I try to run the program I get this error:</p>\n\n<blockquote>\n  <p>ubuntu:/home/reilly/icmd> icm\n  icm: error while loading shared libraries: libjpeg.so.62: cannot open shared object file: No such file or directory</p>\n</blockquote>\n\n<p>So my question is, where can I get the library containing libjpeg.so.62?</p>\n\n<p>Additionally, I was told I would need libXmu.so.6 and libtiff.so.3 .    Is there a shared library that could be missing that would contain these files?  I am an ubuntu noob, so sorry if the information I provided was unclear.</p>\n\n<p>Any help would be immensely appreciated!</p>\n\n<p>btw I am using ubuntu 12.04 dual boot with windows on an HP pavilion dv6 </p>\n"},{"id":229060,"title":"Library search paths","body":"<p>This question originally started in an apparent problem in Cups calling various back-ends and using non-standard library search paths. If I want to change a library search path for a app running in a terminal I can use LD_LIBRARY_PATH, RPATH, etc., but if I want to change a library path for a Cups back end, I subsequently resolved the Cups issue, but I don't see any mechanism to change the search path whare an app is not running in terminal.</p>\n\n<p>For example Cups calls backendA and backendB to print on 2 printers, BackendA uses libxxx.1.15 and BackendB needs libxxx.1.05, is there any way to change the library search path for backendB (only) without recompiling backendB, (I may not have the source)?</p>\n\n<p>Any ideas? </p>\n"},{"id":164001,"title":"Cenon will not open or run but complains about a missing library","body":"<p>The subtext here is that i'm trying to see if i can run any gnustep applications in a reasonable way on my ubuntu 12.04 system.</p>\n\n<p>I went to the package list (http://packages.ubuntu.com/precise/allpackages) and sort of chose Cenon at random.</p>\n\n<p>I installed it via\n   sudo apt-get install cenon.app</p>\n\n<p>Then i attempted to run it from the command line by typing\n   Cenon\nto the command line (bash) prompt.</p>\n\n<p>I immediately got this message in an alert panel saying:\n    You need to install the Cenon Library!</p>\n\n<p>In short, i have duplicated Jorge Castro's experience under ubuntu 11.10.  (He reported it in this forum in <a href=\"http://askubuntu.com/questions/88365/cenon-will-not-open-or-run\">Cenon will not open or run</a> about 6 months ago.)</p>\n\n<p>I imagine that either the dependencies in the package are not complete, or perhaps the code is misinterpreting some signal it has gotten.</p>\n\n<p>I'd be glad to install some more software to see if that helps (and provides enough information for the package maintainer to fix it).</p>\n\n<p>Thanks in advance for any info!</p>\n\n<p>dan</p>\n\n<p>POSTSCRIPT!</p>\n\n<p>So, i already have egg on my face, i guess.</p>\n\n<p>In fact, the alert panel does come up, but it turns out that i can just close it and proceed.</p>\n\n<p>However, there still seems to be some problem in running the application.</p>\n\n<p>The menus don't show up in the right places, sometimes.</p>\n\n<p>So, for example, if i click to open the files submenu, it may line up with the main menu, but sometimes it doesn't.  I also had that experience with another gnustep application i installed this morning, adun.app.  (For anybody wishing to try it out, you install it via \"sudo apt-get install adun.app\" but run it via UL.)</p>\n\n<p>So probably my question should be re-posed to deal with menu/submenu alignment.</p>\n"},{"id":104316,"title":"Problem with Executing Boost Library","body":"<p>I am novice to ubuntu and Boost. I have installed ubuntu 11.10 and followed the instructions from the website (http://www.alittlemadness.com/2009/03/31/c-unit-testing-with-boosttest/)  to try BOOST unit test. I install the boost library, and copy the code as in part 3 and try to execute it but i have errors while executing. </p>\n\n<pre><code>8w6Wa.o: In function `init_unit_test()':\nbTest.cpp:(.text+0x51): undefined reference to\n`boost::unit_test::framework::master_test_suite()'\n/tmp/ccZ8w6Wa.o: In function `main':\nbTest.cpp:(.text+0x9f): undefined reference to\n`boost::unit_test::unit_test_main(bool (*)(), int, char**)'\n/tmp/ccZ8w6Wa.o: In function `universeInOrder::test_method()':\nbTest.cpp:(.text+0x121): undefined reference to\n`boost::unit_test::unit_test_log_t::set_checkpoint(boost::unit_test::basic_cstring&lt;char\nconst&gt;, unsigned int, boost::unit_test::basic_cstring&lt;char const&gt;)'\nbTest.cpp:(.text+0x1e3): undefined reference to\n`boost::test_tools::tt_detail::check_impl(boost::test_tools::predicate_result\nconst&amp;, boost::unit_test::lazy_ostream const&amp;, boost::unit_test::basic_cstring&lt;char\nconst&gt;, unsigned int, boost::test_tools::tt_detail::tool_level,\nboost::test_tools::tt_detail::check_type, unsigned int, ...)'\n/tmp/ccZ8w6Wa.o: In function `__static_initialization_and_destruction_0(int, int)':\nbTest.cpp:(.text+0x2ea): undefined reference to\n`boost::unit_test::ut_detail::auto_test_unit_registrar::auto_test_unit_registrar(boost::unit_test::test_case*,\nunsigned long)'\n/tmp/ccZ8w6Wa.o: In function `boost::unit_test::unit_test_log_t::unit_test_log_t()':\nbTest.cpp:(.text._ZN5boost9unit_test15unit_test_log_tC2Ev[_ZN5boost9unit_test15unit_test_log_tC5Ev]+0x21):\nundefined reference to `vtable for boost::unit_test::unit_test_log_t'\n/tmp/ccZ8w6Wa.o: In function\n`boost::unit_test::make_test_case(boost::unit_test::callback0&lt;boost::unit_test::ut_detail::unused&gt;\nc    onst&amp;, boost::unit_test::basic_cstring&lt;char const&gt;)':\nbTest.cpp:(.text._ZN5boost9unit_test14make_test_caseERKNS0_9callback0INS0_9ut_detail6unusedEEENS0_13basic_cstringIKcEE[boost::unit_test::make_test_case(boost::unit_test::callback0&lt;boost::unit_test::ut_detail::unused&gt;\nconst&amp;, boost::unit_test::basic_cstring&lt;char const&gt;)]+0x1d): undefined reference to\n`boost::unit_test::ut_detail::normalize_test_case_name(boost::unit_test::basic_cstring&lt;char\nconst&gt;)'\nbTest.cpp:(.text._ZN5boost9unit_test14make_test_caseERKNS0_9callback0INS0_9ut_detail6unusedEEENS0_13basic_cstringIKcEE[boost::unit_test::make_test_case(boost::unit_test::callback0&lt;boost::unit_test::ut_detail::unused&gt;\nconst&amp;, boost::unit_test::basic_cstring&lt;char const&gt;)]+0x5d): undefined reference to\n`boost::unit_test::test_case::test_case(boost::unit_test::basic_cstring&lt;char const&gt;,\nboost::unit_test::callback0&lt;boost::unit_test::ut_detail::unused&gt; const&amp;)'\n/tmp/ccZ8w6Wa.o: In function `boost::unit_test::unit_test_log_t::~unit_test_log_t()':\nbTest.cpp:(.text._ZN5boost9unit_test15unit_test_log_tD2Ev[_ZN5boost9unit_test15unit_test_log_tD5Ev]+0xb):\nundefined reference to `vtable for boost::unit_test::unit_test_log_t'\ncollect2: ld returned 1 exit status\n</code></pre>\n\n<p>I also try to install sudo apt-get install libboost-dev-all still same error.</p>\n\n<p>Please help me how to solve this problem. Thanks in advance.</p>\n"}]}]