[{"id":670387,"title":"GNU-Octave won&#39;t install because of package conflicts","body":"<p>I am trying to install GNU-Octave in Ubuntu 14.04 LTS form the Ubuntu Software Center. I am getting the following error:</p>\n\n<blockquote>\n  <p><strong>Package dependencies cannot be resolved</strong></p>\n  \n  <p>This error could be caused by required additional software packages\n  which are missing or not installable. Furthermore there could be a\n  conflict between software packages which are not allowed to be\n  installed at the same time.</p>\n  \n  <p>The following packages have unmet dependencies:</p>\n\n<pre>octave: Depends: libgcc1 (>= 1:4.1.1) but 1:4.9.1-0ubuntu1 is to be\ninstalled\n        Depends: libglpk36 (>= 4.51) but 4.52.1-2build1 is to be installed\n        Depends: liboctave3 (= 4.0.0-3ubuntu2~octave~trusty1) but 4.0.0-3ubuntu2~octave~trusty1 is to be installed\n        Depends: libgl1-mesa-glide3 but it is not going to be installed\n        Depends: libportaudio2 (>= 19+svn20101113) but 19+svn20140130-1 is to be installed\n        Depends: libqt4-network (>= 4:4.5.3) but 4:4.8.5+git192-g085f851+dfsg-2ubuntu4.1 is to be installed\n        Depends: libqt4-opengl (>= 4:4.5.3) but 4:4.8.5+git192-g085f851+dfsg-2ubuntu4.1 is to be installed\n        Depends: libqtcore4 (>= 4:4.7.0~beta1) but 4:4.8.5+git192-g085f851+dfsg-2ubuntu4.1 is to be installed\n        Depends: libqtgui4 (>= 4:4.8.0) but 4:4.8.5+git192-g085f851+dfsg-2ubuntu4.1 is to be installed\n        Depends: libstdc++6 (>= 4.6) but 4.8.4-2ubuntu1~14.04 is to be installed\n        Depends: octave-common (= 4.0.0-3ubuntu2~octave~trusty1) but 4.0.0-3ubuntu2~octave~trusty1 is to be installed\n</pre>\n</blockquote>\n\n<p>Is this a common issue? I am not sure which packages are causing the conflict, or if there is a way to successfully install Octave.</p>\n","related_questions":[{"id":685038,"title":"How can I install a package from Octave Forge?","body":"<p>How can I install a package from Octave Forge? I am using <code>imresize</code> function and I get this error</p>\n\n<blockquote>\n  <p>warning: the 'imresize' function belongs to the image package from Octave Forge which seems to not be installed in your system.</p>\n</blockquote>\n\n<p>I tried doing this <code>octave:1&gt; pkg install -forge image-2.4.1.tar.gz</code>. I got this error.</p>\n\n<blockquote>\n  <p>error: get_forge_pkg: package not found: \"image-2.4.0.tar.gz\". Maybe you meant \"generate_html?\"\n  error: called from:\n  error:   /usr/share/octave/3.8.1/m/pkg/private/get_forge_pkg.m at line 73, column 9\n  error:   /usr/share/octave/3.8.1/m/pkg/private/get_forge_download.m at line 26, column 12\n  error:   /usr/share/octave/3.8.1/m/pkg/pkg.m at line 385, column 29</p>\n</blockquote>\n\n<p>What are available packages for image processing in octave? How can I install them?</p>\n"},{"id":635929,"title":"Installation of GNU Octave; path errors","body":"<p>I installed Octave via:</p>\n\n<pre><code>cd /tmp\nwget -c ftp://ftp.gnu.org/gnu/octave/octave-4.0.0.tar.gz\ntar -xzf octave*.tar.gz\nmv octave* octave &amp;&amp; sudo mv octave /opt\nsudo chmod 777 -R /opt/octave\n./configure CPPFLAGS=-I/usr/include/hdf5/serial LDFLAGS=-L/usr/lib/$(dpkg-architecture -qDEB_HOST_MULTIARCH)/hdf5/serial JAVA_HOME='/usr/lib/jvm/java-1.7.0-openjdk-i386'\nmake\nsudo make install DESTDIR=/opt/octave/build\n</code></pre>\n\n<p>The <code>DESTDIR</code> variable was originally set to <code>/usr/local/share/octave</code>, with the same problem encountered when the executable file was run. The problem is that running the executable file <code>/opt/octave/build/usr/local/bin/octave</code> gives the error:</p>\n\n<pre><code>âžœ  octave  '/opt/octave/build/usr/local/bin/octave' \noctave: failed to exec '/usr/local/libexec/octave/4.0.0/exec/i686-pc-linux-gnu/octave-gui'\n</code></pre>\n\n<p>the obvious solution would be to move the contents of <code>/opt/octave/build</code> to <code>/</code>, hence changing the executable's path to <code>/usr/local/bin/octave</code>. But I am trying to create a binary directory that can be moved anywhere on one's file system and still work. </p>\n\n<p>But I would also like to be told how to install Octave (in a way that isn't moveable like a binary package) on my system. If it is the way I suggested, i.e., moving the contents of <code>/opt/octave/build</code> to <code>/</code> please tell me how to from the command line, please. </p>\n"},{"id":138832,"title":"How to install the latest Octave","body":"<p>I want to install Octave on my Ubuntu LTS with <code>apt-get</code>. The problem is that the official repositories list only Octave 3.0 and Octave 3.2, whereas the latest Octave is Octave 3.6.</p>\n\n<p>How do I update the repositories of apt-get to get Octave 3.6?</p>\n"},{"id":649011,"title":"Octave installation failed on ubuntu 15.04","body":"<p>I tried to install octave using </p>\n\n<pre><code>sudo apt-get install octave\n</code></pre>\n\n<p>and I met with the following error</p>\n\n<pre><code>Setting up octave (3.8.2-4) ...\nerror: couldn't read directory /usr/local/share/octave/packages: No such file or directory\nerror: called from\n    rebuild at line 29 column 7\n    pkg at line 505 column 25\ndpkg: error processing package octave (--configure):\n subprocess installed post-installation script returned error exit status 1\nProcessing triggers for libc-bin (2.21-0ubuntu4) ...\nErrors were encountered while processing:\n octave\nE: Sub-process /usr/bin/dpkg returned an error code (1)\n</code></pre>\n\n<p>Then I tried to install it using </p>\n\n<pre><code>sudo apt-add-repository ppa:octave/stable\nsudo apt-get update\nsudo apt-get install octave\n</code></pre>\n\n<p>but again the same error. What could be the possible reason? I am new to ubuntu and finding it hard. I have searched enough but this problem is not being solved</p>\n"},{"id":194151,"title":"How do you install the latest version of GNU Octave?","body":"<p>Yet again I am to turn to this wonderful resource available to me and ask, how do I install the latest version of GNU Octave (not Octave 3.2.4 -- the one available in the software centre)?</p>\n"},{"id":631173,"title":"First Installation Problem with GNU GRUB","body":"<p>When I try to install Ubuntu Desktop from a USB it gives me a GNU GRUB minimal command prompt instead of bringing me to the installation menu. I am trying to dual boot Windows 8.1 along side with this. And again this is before I have Ubuntu installed on my computer. I am running the new 2015 Dell XPS 13. I hope someone can help out. </p>\n"},{"id":103816,"title":"How can I install a package in Gnu Octave?","body":"<p>How can I install a package in Gnu Octave? I have tried, for example, with the splines-package after downloading it in my home directory with:</p>\n\n<pre><code>Octave1&gt;&gt; pkg install splines-1.0.7.tar.gz\n</code></pre>\n\n<p>I get the following error message:</p>\n\n<pre><code>couldn't create installation directory /usr/share/octave/packages/3.2/splines-1.0.7     \n: Permission denied\nerror: called from `pkg&gt;copy_files' in file /usr/share/octave/3.2.4/m/pkg/pkg.m near line 1431, column 7\nerror: called from:\nerror:   /usr/share/octave/3.2.4/m/pkg/pkg.m at line 756, column 5\nerror:   /usr/share/octave/3.2.4/m/pkg/pkg.m at line 287, column 7\n</code></pre>\n"},{"id":404543,"title":"Install octave 3.8.0 in ubuntu 12.04","body":"<p>With the following commands </p>\n\n<pre><code>wget ftp://ftp.gnu.org/gnu/octave/octave-3.8.0.tar.bz2\ntar -xvf octave-3.8.0.tar.bz2\ncd octave-3.8.0\nsudo apt-get build-dep octave\n./configure\nmake\nsudo make install\n</code></pre>\n\n<p>I have errors in the make and make install phases and octave does not install.\nDo you have any suggestion? Thanks for any help </p>\n\n<p>Here are the error messages at the end of the make and make install commands: </p>\n\n<pre><code>/usr/local/include/llvm/PassManager.h:34:15: error: 'PassManager' is already declared in this scope\n/usr/local/include/llvm/PassManager.h:35:15: error: 'FunctionPassManager' is already declared in this scope\ncorefcn/pt-jit.cc: In member function 'bool tree_jit::initialize()':\ncorefcn/pt-jit.cc:1891:48: error: cannot convert 'llvm::legacy::PassManager*' to 'llvm::PassManager*' in assignment\ncorefcn/pt-jit.cc:1892:22: error: invalid use of incomplete type 'struct llvm::PassManager'\ncorefcn/jit-util.h:46:9: error: forward declaration of 'struct llvm::PassManager'\ncorefcn/pt-jit.cc:1894:55: error: cannot convert 'llvm::legacy::FunctionPassManager*' to 'llvm::FunctionPassManager*' in assignment\ncorefcn/pt-jit.cc:1896:15: error: invalid use of incomplete type 'struct llvm::FunctionPassManager'\ncorefcn/jit-util.h:45:9: error: forward declaration of 'struct llvm::FunctionPassManager'\ncorefcn/pt-jit.cc:1900:15: error: invalid use of incomplete type 'struct llvm::FunctionPassManager'\ncorefcn/jit-util.h:45:9: error: forward declaration of 'struct llvm::FunctionPassManager'\ncorefcn/pt-jit.cc:1901:15: error: invalid use of incomplete type 'struct llvm::FunctionPassManager'\ncorefcn/jit-util.h:45:9: error: forward declaration of 'struct llvm::FunctionPassManager'\ncorefcn/pt-jit.cc:1902:15: error: invalid use of incomplete type 'struct llvm::FunctionPassManager'\ncorefcn/jit-util.h:45:9: error: forward declaration of 'struct llvm::FunctionPassManager'\ncorefcn/pt-jit.cc:1903:15: error: invalid use of incomplete type 'struct llvm::FunctionPassManager'\ncorefcn/jit-util.h:45:9: error: forward declaration of 'struct llvm::FunctionPassManager'\ncorefcn/pt-jit.cc:1904:15: error: invalid use of incomplete type 'struct llvm::FunctionPassManager'\ncorefcn/jit-util.h:45:9: error: forward declaration of 'struct llvm::FunctionPassManager'\ncorefcn/pt-jit.cc:1905:15: error: invalid use of incomplete type 'struct llvm::FunctionPassManager'\ncorefcn/jit-util.h:45:9: error: forward declaration of 'struct llvm::FunctionPassManager'\ncorefcn/pt-jit.cc:1906:15: error: invalid use of incomplete type 'struct llvm::FunctionPassManager'\ncorefcn/jit-util.h:45:9: error: forward declaration of 'struct llvm::FunctionPassManager'\ncorefcn/pt-jit.cc:1907:15: error: invalid use of incomplete type 'struct llvm::FunctionPassManager'\ncorefcn/jit-util.h:45:9: error: forward declaration of 'struct llvm::FunctionPassManager'\ncorefcn/pt-jit.cc: In member function 'void tree_jit::optimize(llvm::Function*)':\ncorefcn/pt-jit.cc:2003:22: error: invalid use of incomplete type 'struct llvm::PassManager'\ncorefcn/jit-util.h:46:9: error: forward declaration of 'struct llvm::PassManager'\ncorefcn/pt-jit.cc:2004:15: error: invalid use of incomplete type 'struct llvm::FunctionPassManager'\ncorefcn/jit-util.h:45:9: error: forward declaration of 'struct llvm::FunctionPassManager'\ncorefcn/pt-jit.cc:2010:34: error: 'F_Binary' is not a member of 'llvm::raw_fd_ostream'\nmake[3]: *** [corefcn/corefcn_libcorefcn_la-pt-jit.lo] Error 1\nmake[2]: *** [install] Error 2\nmake[1]: *** [install-recursive] Error 1\nmake: *** [install] Error 2\n</code></pre>\n"},{"id":230632,"title":"Error while installing GNU Octave packages","body":"<p>I want to install the GNU Octave optim package, but I keep receiving errors in the process. Apparently I need to install some other packages first, one of which is the general package. However, when I try to, I receive this error:</p>\n\n<pre><code>octave:17&gt; pkg install general-1.3.2.tar.gz\nmake: /usr/bin/mkoctfile: Command not found\nmake: *** [__exit__.oct] Error 127\n'make' returned the following error: make: Entering directory `/tmp/oct-CGIPo9/general/src'\n/usr/bin/mkoctfile __exit__.cc\nmake: Leaving directory `/tmp/oct-CGIPo9/general/src'\nerror: called from `pkg&gt;configure_make' in file /usr/share/octave/3.6.1/m/pkg/pkg.m near line 1391, column 9\nerror: called from:\nerror:   /usr/share/octave/3.6.1/m/pkg/pkg.m at line 834, column 5\nerror:   /usr/share/octave/3.6.1/m/pkg/pkg.m at line 383, column 9\n</code></pre>\n"},{"id":239622,"title":"How do I install signal so I can install Octave?","body":"<p>anyone can help me with this error?</p>\n\n<pre><code>octave:4&gt; pkg install signal-1.2.0.tar.gz\nerror: the following dependencies where unsatisfied:\n   signal needs optim &gt;= 1.0.0\n signal needs specfun &gt;= 0.0.0\n signal needs control &gt;= 2.2.3\n signal needs general &gt;= 1.3.2\noctave:4&gt; pkg install optim-1.2.2.tar.gz\nerror: the following dependencies where unsatisfied:\n   optim needs miscellaneous &gt;= 1.0.10\n optim needs struct &gt;= 1.0.10\noctave:4&gt; pkg install struct-1.0.10.tar.gz\nmake: /usr/bin/mkoctfile: Command not found\nmake: *** [fields2cell.oct] Error 127\n'make' returned the following error: make: Entering directory `/tmp/oct-fDBs5k/struct-1.0.10/src'\n/usr/bin/mkoctfile -s fields2cell.cc\nmake: Leaving directory `/tmp/oct-fDBs5k/struct-1.0.10/src'\nerror: called from `pkg&gt;configure_make' in file /usr/share/octave/3.6.2/m/pkg/pkg.m near line 1391, column 9\nerror: called from:\nerror:   /usr/share/octave/3.6.2/m/pkg/pkg.m at line 834, column 5\nerror:   /usr/share/octave/3.6.2/m/pkg/pkg.m at line 383, column 9\n</code></pre>\n\n<p>I need to install signal package, but I have to download other to work from I have noticed but it gets stuck when installing struct package.</p>\n\n<p>@edit\nThe same error when trying to install misc~ package.</p>\n\n<pre><code>octave:5&gt; pkg install miscellaneous-1.2.0.tar.gz\nerror: the following dependencies where unsatisfied:\n   miscellaneous needs general &gt;= 1.3.1\noctave:5&gt; pkg install general-1.3.2.tar.gz\nmake: /usr/bin/mkoctfile: Command not found\nmake: *** [__exit__.oct] Error 127\n'make' returned the following error: make: Entering directory `/tmp/oct-CA6o4U/general/src'\n/usr/bin/mkoctfile __exit__.cc\nmake: Leaving directory `/tmp/oct-CA6o4U/general/src'\nerror: called from `pkg&gt;configure_make' in file /usr/share/octave/3.6.2/m/pkg/pkg.m near line 1391, column 9\nerror: called from:\nerror:   /usr/share/octave/3.6.2/m/pkg/pkg.m at line 834, column 5\nerror:   /usr/share/octave/3.6.2/m/pkg/pkg.m at line 383, column 9\n</code></pre>\n\n<p>@edit\nadditional info:</p>\n\n<pre><code>octave:6&gt; which mkoctfile\n`mkoctfile' is a function from the file /usr/share/octave/3.6.2/m/miscellaneous/mkoctfile.m\n</code></pre>\n\n<p>I have no idea what to do..</p>\n"}]}]